Using pre-set license
Built from '6000.0/staging' branch; Version is '6000.0.24f1 (11fa355cd605) revision 1178165'; Using compiler version '193933523'; Build Type 'Release'
OS: 'Windows 10  (10.0.19045) 64bit Enterprise' Language: 'pt' Physical Memory: 32473 MB
BatchMode: 1, IsHumanControllingUs: 0, StartBugReporterOnCrash: 0, Is64bit: 1, IsPro: 1

COMMAND LINE ARGUMENTS:
C:\Program Files\Unity\Hub\Editor\6000.0.24f1\Editor\Unity.exe
-adb2
-batchMode
-noUpm
-name
AssetImportWorker1
-projectPath
C:/Users/erick.osouza1/Desktop/Taças e Bebidas
-logFile
Logs/AssetImportWorker1.log
-srvPort
62482
-job-worker-count
9
-background-job-worker-count
8
-asset-garbage-collectors
1
Successfully changed project path to: C:/Users/erick.osouza1/Desktop/Taças e Bebidas
C:/Users/erick.osouza1/Desktop/Taças e Bebidas
[UnityMemory] Configuration Parameters - Can be set up in boot.config
    "memorysetup-bucket-allocator-granularity=16"
    "memorysetup-bucket-allocator-bucket-count=8"
    "memorysetup-bucket-allocator-block-size=33554432"
    "memorysetup-bucket-allocator-block-count=8"
    "memorysetup-main-allocator-block-size=16777216"
    "memorysetup-thread-allocator-block-size=16777216"
    "memorysetup-gfx-main-allocator-block-size=16777216"
    "memorysetup-gfx-thread-allocator-block-size=16777216"
    "memorysetup-cache-allocator-block-size=4194304"
    "memorysetup-typetree-allocator-block-size=2097152"
    "memorysetup-profiler-bucket-allocator-granularity=16"
    "memorysetup-profiler-bucket-allocator-bucket-count=8"
    "memorysetup-profiler-bucket-allocator-block-size=33554432"
    "memorysetup-profiler-bucket-allocator-block-count=8"
    "memorysetup-profiler-allocator-block-size=16777216"
    "memorysetup-profiler-editor-allocator-block-size=1048576"
    "memorysetup-temp-allocator-size-main=16777216"
    "memorysetup-job-temp-allocator-block-size=2097152"
    "memorysetup-job-temp-allocator-block-size-background=1048576"
    "memorysetup-job-temp-allocator-reduction-small-platforms=262144"
    "memorysetup-allocator-temp-initial-block-size-main=262144"
    "memorysetup-allocator-temp-initial-block-size-worker=262144"
    "memorysetup-temp-allocator-size-background-worker=32768"
    "memorysetup-temp-allocator-size-job-worker=262144"
    "memorysetup-temp-allocator-size-preload-manager=33554432"
    "memorysetup-temp-allocator-size-nav-mesh-worker=65536"
    "memorysetup-temp-allocator-size-audio-worker=65536"
    "memorysetup-temp-allocator-size-cloud-worker=32768"
    "memorysetup-temp-allocator-size-gi-baking-worker=262144"
    "memorysetup-temp-allocator-size-gi-baking-worker=262144"
    "memorysetup-temp-allocator-size-gi-baking-worker=262144"
    "memorysetup-temp-allocator-size-gi-baking-worker=262144"
    "memorysetup-temp-allocator-size-gi-baking-worker=262144"
    "memorysetup-temp-allocator-size-gfx=262144"
Player connection [7872]  Target information:

Player connection [7872]  * "[IP] 10.59.46.51 [Port] 0 [Flags] 2 [Guid] 4125964764 [EditorId] 4125964764 [Version] 1048832 [Id] WindowsEditor(7,SAN0674387W10-1) [Debug] 1 [PackageName] WindowsEditor [ProjectName] Editor" 

Player connection [7872]  * "[IP] 192.168.56.1 [Port] 0 [Flags] 2 [Guid] 4125964764 [EditorId] 4125964764 [Version] 1048832 [Id] WindowsEditor(7,SAN0674387W10-1) [Debug] 1 [PackageName] WindowsEditor [ProjectName] Editor" 

Player connection [7872]  * "[IP] 172.21.112.1 [Port] 0 [Flags] 2 [Guid] 4125964764 [EditorId] 4125964764 [Version] 1048832 [Id] WindowsEditor(7,SAN0674387W10-1) [Debug] 1 [PackageName] WindowsEditor [ProjectName] Editor" 

Player connection [7872] Host joined multi-casting on [225.0.0.222:54997]...
Player connection [7872] Host joined alternative multi-casting on [225.0.0.222:34997]...
JobSystem: Creating JobQueue using job-worker-count value 9
[Physics::Module] Initialized fallback backend.
[Physics::Module] Id: 0xdecafbad
Library Redirect Path: Library/
[Physics::Module] Selected backend.
[Physics::Module] Name: PhysX
[Physics::Module] Id: 0xf2b8ea05
[Physics::Module] SDK Version: 4.1.2
[Physics::Module] Integration Version: 1.0.0
[Physics::Module] Threading Mode: Multi-Threaded
Refreshing native plugins compatible for Editor in 4.74 ms, found 3 plugins.
Preloading 0 native plugins for Editor in 0.00 ms.
Initialize engine version: 6000.0.24f1 (11fa355cd605)
[Subsystems] Discovering subsystems at path C:/Program Files/Unity/Hub/Editor/6000.0.24f1/Editor/Data/Resources/UnitySubsystems
[Subsystems] Discovering subsystems at path C:/Users/erick.osouza1/Desktop/Taças e Bebidas/Assets
GfxDevice: creating device client; kGfxThreadingModeNonThreaded
Direct3D:
    Version:  Direct3D 11.0 [level 11.1]
    Renderer: NVIDIA RTX A2000 12GB (ID=0x2571)
    Vendor:   NVIDIA
    VRAM:     12110 MB
    Driver:   31.0.15.5274
Initialize mono
Mono path[0] = 'C:/Program Files/Unity/Hub/Editor/6000.0.24f1/Editor/Data/Managed'
Mono path[1] = 'C:/Program Files/Unity/Hub/Editor/6000.0.24f1/Editor/Data/MonoBleedingEdge/lib/mono/unityjit-win32'
Mono config path = 'C:/Program Files/Unity/Hub/Editor/6000.0.24f1/Editor/Data/MonoBleedingEdge/etc'
Using monoOptions --debugger-agent=transport=dt_socket,embedding=1,server=y,suspend=n,address=127.0.0.1:56784
Begin MonoManager ReloadAssembly
Registering precompiled unity dll's ...
Register platform support module: C:/Program Files/Unity/Hub/Editor/6000.0.24f1/Editor/Data/PlaybackEngines/WebGLSupport/UnityEditor.WebGL.Extensions.dll
Register platform support module: C:/Program Files/Unity/Hub/Editor/6000.0.24f1/Editor/Data/PlaybackEngines/WindowsStandaloneSupport/UnityEditor.WindowsStandalone.Extensions.dll
Register platform support module: C:/Program Files/Unity/Hub/Editor/6000.0.24f1/Editor/Data/PlaybackEngines/MetroSupport/UnityEditor.UWP.Extensions.dll
Register platform support module: C:/Program Files/Unity/Hub/Editor/6000.0.24f1/Editor/Data/PlaybackEngines/AndroidPlayer/UnityEditor.Android.Extensions.dll
Registered in 0.011061 seconds.
- Loaded All Assemblies, in  0.577 seconds
Native extension for Android target not found
Android Extension - Scanning For ADB Devices 1511 ms
Native extension for UWP target not found
Native extension for WindowsStandalone target not found
Native extension for WebGL target not found
Mono: successfully reloaded assembly
- Finished resetting the current domain, in  1.801 seconds
Domain Reload Profiling: 2376ms
	BeginReloadAssembly (270ms)
		ExecutionOrderSort (0ms)
		DisableScriptedObjects (0ms)
		BackupInstance (0ms)
		ReleaseScriptingObjects (0ms)
		CreateAndSetChildDomain (1ms)
	RebuildCommonClasses (37ms)
	RebuildNativeTypeToScriptingClass (9ms)
	initialDomainReloadingComplete (52ms)
	LoadAllAssembliesAndSetupDomain (207ms)
		LoadAssemblies (278ms)
		RebuildTransferFunctionScriptingTraits (0ms)
		AnalyzeDomain (195ms)
			TypeCache.Refresh (193ms)
				TypeCache.ScanAssembly (178ms)
			BuildScriptInfoCaches (0ms)
			ResolveRequiredComponents (1ms)
	FinalizeReload (1802ms)
		ReleaseScriptCaches (0ms)
		RebuildScriptCaches (0ms)
		SetupLoadedEditorAssemblies (1769ms)
			LogAssemblyErrors (0ms)
			InitializePlatformSupportModulesInManaged (1591ms)
			SetLoadedEditorAssemblies (3ms)
			BeforeProcessingInitializeOnLoad (6ms)
			ProcessInitializeOnLoadAttributes (113ms)
			ProcessInitializeOnLoadMethodAttributes (53ms)
			AfterProcessingInitializeOnLoad (2ms)
			EditorAssembliesLoaded (0ms)
		ExecutionOrderSort2 (0ms)
		AwakeInstancesAfterBackupRestoration (0ms)
========================================================================
Worker process is ready to serve import requests
Import Worker Mode flag is 0x00
Begin MonoManager ReloadAssembly
- Loaded All Assemblies, in  2.201 seconds
Refreshing native plugins compatible for Editor in 5.03 ms, found 3 plugins.
Native extension for Android target not found
Native extension for UWP target not found
Native extension for WindowsStandalone target not found
Native extension for WebGL target not found
Mono: successfully reloaded assembly
- Finished resetting the current domain, in  0.603 seconds
Domain Reload Profiling: 2800ms
	BeginReloadAssembly (1551ms)
		ExecutionOrderSort (0ms)
		DisableScriptedObjects (5ms)
		BackupInstance (0ms)
		ReleaseScriptingObjects (0ms)
		CreateAndSetChildDomain (28ms)
	RebuildCommonClasses (38ms)
	RebuildNativeTypeToScriptingClass (9ms)
	initialDomainReloadingComplete (38ms)
	LoadAllAssembliesAndSetupDomain (560ms)
		LoadAssemblies (635ms)
		RebuildTransferFunctionScriptingTraits (0ms)
		AnalyzeDomain (200ms)
			TypeCache.Refresh (160ms)
				TypeCache.ScanAssembly (143ms)
			BuildScriptInfoCaches (34ms)
			ResolveRequiredComponents (3ms)
	FinalizeReload (603ms)
		ReleaseScriptCaches (0ms)
		RebuildScriptCaches (0ms)
		SetupLoadedEditorAssemblies (408ms)
			LogAssemblyErrors (0ms)
			InitializePlatformSupportModulesInManaged (14ms)
			SetLoadedEditorAssemblies (4ms)
			BeforeProcessingInitializeOnLoad (37ms)
			ProcessInitializeOnLoadAttributes (325ms)
			ProcessInitializeOnLoadMethodAttributes (20ms)
			AfterProcessingInitializeOnLoad (8ms)
			EditorAssembliesLoaded (0ms)
		ExecutionOrderSort2 (0ms)
		AwakeInstancesAfterBackupRestoration (5ms)
Launched and connected shader compiler UnityShaderCompiler.exe after 0.03 seconds
Refreshing native plugins compatible for Editor in 3.46 ms, found 3 plugins.
Preloading 0 native plugins for Editor in 0.00 ms.
Unloading 9 Unused Serialized files (Serialized files now loaded: 0)
Unloading 3656 unused Assets / (1.3 MB). Loaded Objects now: 4245.
Memory consumption went from 111.3 MB to 109.9 MB.
Total: 5.198100 ms (FindLiveObjects: 0.289000 ms CreateObjectMapping: 0.223700 ms MarkObjects: 3.767500 ms  DeleteObjects: 0.916600 ms)

========================================================================
Received Import Request.
  Time since last request: 1832145.773712 seconds.
  path: Assets/InputSystem_Actions.inputactions
  artifactKey: Guid(289c1b55c9541489481df5cc06664110) Importer(815301076,1909f56bfc062723c751e8b465ee728b)
Start importing Assets/InputSystem_Actions.inputactions using Guid(289c1b55c9541489481df5cc06664110) Importer(815301076,1909f56bfc062723c751e8b465ee728b) (PreviewImporter) -> (artifact id: 'e7e9e64a58fecfdcde77304e1331e7f3') in 0.0197758 seconds
Number of updated asset objects reloaded before import = 0Number of asset objects unloaded after import = 20

========================================================================
Received Prepare
Assembly with name 'Unity.PlasticSCM.Editor' already exists (Packages/com.unity.collab-proxy/Editor/Unity.PlasticSCM.Editor.asmdef)
Assembly with name 'Unity.PlasticSCM.Editor' already exists (Packages/com.unity.collab-proxy/Editor/PlasticSCM/Unity.PlasticSCM.Editor.asmdef)
Assembly with name 'Unity.CollabProxy.Editor' already exists (Packages/com.unity.collab-proxy/Editor/PlasticSCM/Toolbar/Unity.CollabProxy.Editor.asmdef)
Assembly with name 'Unity.CollabProxy.Editor' already exists (Packages/com.unity.collab-proxy/Editor/Toolbar/Unity.CollabProxy.Editor.asmdef)
Assembly with name 'Unity.PlasticSCM.Editor' already exists (Packages/com.unity.collab-proxy/Editor/Unity.PlasticSCM.Editor.asmdef)
Assembly with name 'Unity.PlasticSCM.Editor' already exists (Packages/com.unity.collab-proxy/Editor/PlasticSCM/Unity.PlasticSCM.Editor.asmdef)
Assembly with name 'Unity.CollabProxy.Editor' already exists (Packages/com.unity.collab-proxy/Editor/PlasticSCM/Toolbar/Unity.CollabProxy.Editor.asmdef)
Assembly with name 'Unity.CollabProxy.Editor' already exists (Packages/com.unity.collab-proxy/Editor/Toolbar/Unity.CollabProxy.Editor.asmdef)
Begin MonoManager ReloadAssembly
- Loaded All Assemblies, in  0.881 seconds
Assembly with name 'Unity.PlasticSCM.Editor' already exists (Packages/com.unity.collab-proxy/Editor/Unity.PlasticSCM.Editor.asmdef)
Assembly with name 'Unity.PlasticSCM.Editor' already exists (Packages/com.unity.collab-proxy/Editor/PlasticSCM/Unity.PlasticSCM.Editor.asmdef)
Assembly with name 'Unity.CollabProxy.Editor' already exists (Packages/com.unity.collab-proxy/Editor/PlasticSCM/Toolbar/Unity.CollabProxy.Editor.asmdef)
Assembly with name 'Unity.CollabProxy.Editor' already exists (Packages/com.unity.collab-proxy/Editor/Toolbar/Unity.CollabProxy.Editor.asmdef)
Refreshing native plugins compatible for Editor in 3.07 ms, found 3 plugins.
Native extension for Android target not found
Native extension for UWP target not found
Native extension for WindowsStandalone target not found
Native extension for WebGL target not found
Assembly with name 'Unity.PlasticSCM.Editor' already exists (Packages/com.unity.collab-proxy/Editor/Unity.PlasticSCM.Editor.asmdef)
Assembly with name 'Unity.PlasticSCM.Editor' already exists (Packages/com.unity.collab-proxy/Editor/PlasticSCM/Unity.PlasticSCM.Editor.asmdef)
Assembly with name 'Unity.CollabProxy.Editor' already exists (Packages/com.unity.collab-proxy/Editor/PlasticSCM/Toolbar/Unity.CollabProxy.Editor.asmdef)
Assembly with name 'Unity.CollabProxy.Editor' already exists (Packages/com.unity.collab-proxy/Editor/Toolbar/Unity.CollabProxy.Editor.asmdef)
Mono: successfully reloaded assembly
- Finished resetting the current domain, in  0.511 seconds
Domain Reload Profiling: 1390ms
	BeginReloadAssembly (389ms)
		ExecutionOrderSort (0ms)
		DisableScriptedObjects (4ms)
		BackupInstance (0ms)
		ReleaseScriptingObjects (0ms)
		CreateAndSetChildDomain (41ms)
	RebuildCommonClasses (34ms)
	RebuildNativeTypeToScriptingClass (9ms)
	initialDomainReloadingComplete (28ms)
	LoadAllAssembliesAndSetupDomain (420ms)
		LoadAssemblies (562ms)
		RebuildTransferFunctionScriptingTraits (0ms)
		AnalyzeDomain (158ms)
			TypeCache.Refresh (77ms)
				TypeCache.ScanAssembly (66ms)
			BuildScriptInfoCaches (74ms)
			ResolveRequiredComponents (3ms)
	FinalizeReload (511ms)
		ReleaseScriptCaches (0ms)
		RebuildScriptCaches (0ms)
		SetupLoadedEditorAssemblies (331ms)
			LogAssemblyErrors (0ms)
			InitializePlatformSupportModulesInManaged (13ms)
			SetLoadedEditorAssemblies (3ms)
			BeforeProcessingInitializeOnLoad (33ms)
			ProcessInitializeOnLoadAttributes (256ms)
			ProcessInitializeOnLoadMethodAttributes (19ms)
			AfterProcessingInitializeOnLoad (7ms)
			EditorAssembliesLoaded (0ms)
		ExecutionOrderSort2 (0ms)
		AwakeInstancesAfterBackupRestoration (5ms)
Refreshing native plugins compatible for Editor in 3.55 ms, found 3 plugins.
Preloading 0 native plugins for Editor in 0.00 ms.
Unloading 1 Unused Serialized files (Serialized files now loaded: 0)
Unloading 3686 unused Assets / (1.0 MB). Loaded Objects now: 4281.
Memory consumption went from 111.5 MB to 110.5 MB.
Total: 4.889300 ms (FindLiveObjects: 0.298700 ms CreateObjectMapping: 0.231400 ms MarkObjects: 3.605300 ms  DeleteObjects: 0.751900 ms)

Prepare: number of updated asset objects reloaded= 0
========================================================================
Received Import Request.
  Time since last request: 380.241452 seconds.
  path: Assets/Scenes/CenaFase1.unity
  artifactKey: Guid(06b1aa19049ea024a9878a6ca9efa4fa) Importer(2089858483,192608db42251d675da83286b1cce702)
Start importing Assets/Scenes/CenaFase1.unity using Guid(06b1aa19049ea024a9878a6ca9efa4fa) Importer(2089858483,192608db42251d675da83286b1cce702) (ScriptedImporter) -> (artifact id: '5090d1dd92a23870a85f4e955d1cf52b') in 0.0662831 seconds
Number of updated asset objects reloaded before import = 0Number of asset objects unloaded after import = 1

========================================================================
Received Import Request.
  Time since last request: 2848.096503 seconds.
  path: Assets/Multimidia
  artifactKey: Guid(3c47ed6ca5e9ade4087fccb74345c8ef) Importer(2089858483,192608db42251d675da83286b1cce702)
Start importing Assets/Multimidia using Guid(3c47ed6ca5e9ade4087fccb74345c8ef) Importer(2089858483,192608db42251d675da83286b1cce702) (ScriptedImporter) -> (artifact id: 'be2e0eb19c1b7f76c1a16f45d8ae1d93') in 0.0078898 seconds
Number of updated asset objects reloaded before import = 0Number of asset objects unloaded after import = 1

========================================================================
Received Import Request.
  Time since last request: 348.344661 seconds.
  path: Assets/ObjetosGerais/grassNight_withFlowers_topRight.png
  artifactKey: Guid(ea936d3f1326c274f960da2853de9609) Importer(2089858483,192608db42251d675da83286b1cce702)
Start importing Assets/ObjetosGerais/grassNight_withFlowers_topRight.png using Guid(ea936d3f1326c274f960da2853de9609) Importer(2089858483,192608db42251d675da83286b1cce702) (ScriptedImporter) -> (artifact id: '52c6d9dcb9add287d33a9fe984308575') in 0.0610648 seconds
Number of updated asset objects reloaded before import = 0Number of asset objects unloaded after import = 1

========================================================================
Received Import Request.
  Time since last request: 0.008025 seconds.
  path: Assets/Efeitos/FX02.aif
  artifactKey: Guid(b5f02c2198e4a354081ea15998bcbda2) Importer(2089858483,192608db42251d675da83286b1cce702)
Start importing Assets/Efeitos/FX02.aif using Guid(b5f02c2198e4a354081ea15998bcbda2) Importer(2089858483,192608db42251d675da83286b1cce702) (ScriptedImporter) -> (artifact id: '39a491ae59040b9d467c19479eb89ec4') in 0.0299232 seconds
Number of updated asset objects reloaded before import = 0Number of asset objects unloaded after import = 1

========================================================================
Received Import Request.
  Time since last request: 0.000056 seconds.
  path: Assets/ObjetosGerais/grass_centerRight.png
  artifactKey: Guid(dc09129b67f484e49a24390bc6f4728c) Importer(2089858483,192608db42251d675da83286b1cce702)
Start importing Assets/ObjetosGerais/grass_centerRight.png using Guid(dc09129b67f484e49a24390bc6f4728c) Importer(2089858483,192608db42251d675da83286b1cce702) (ScriptedImporter) -> (artifact id: '27f050d03820290e6ad4bd3c4cdb84a1') in 0.0173684 seconds
Number of updated asset objects reloaded before import = 0Number of asset objects unloaded after import = 1

========================================================================
Received Import Request.
  Time since last request: 0.000067 seconds.
  path: Assets/ObjetosGerais/BD001.png
  artifactKey: Guid(6ec8f8453a4d58644adb940a81e2124b) Importer(2089858483,192608db42251d675da83286b1cce702)
Start importing Assets/ObjetosGerais/BD001.png using Guid(6ec8f8453a4d58644adb940a81e2124b) Importer(2089858483,192608db42251d675da83286b1cce702) (ScriptedImporter) -> (artifact id: '1f5f2bcd1457abd16eb49f7ec44120f3') in 0.0145974 seconds
Number of updated asset objects reloaded before import = 0Number of asset objects unloaded after import = 1

========================================================================
Received Import Request.
  Time since last request: 0.000047 seconds.
  path: Assets/ObjetosGerais/potion_purple.png
  artifactKey: Guid(96c52ac55182413418ed9f1316d48690) Importer(2089858483,192608db42251d675da83286b1cce702)
Start importing Assets/ObjetosGerais/potion_purple.png using Guid(96c52ac55182413418ed9f1316d48690) Importer(2089858483,192608db42251d675da83286b1cce702) (ScriptedImporter) -> (artifact id: 'd513cd6a591732a553bb41f0877b9499') in 0.0176575 seconds
Number of updated asset objects reloaded before import = 0Number of asset objects unloaded after import = 1

========================================================================
Received Import Request.
  Time since last request: 0.000051 seconds.
  path: Assets/ObjetosGerais/specialBlock_2.png
  artifactKey: Guid(eab33b12aaa252247b469c24037c30fc) Importer(2089858483,192608db42251d675da83286b1cce702)
Start importing Assets/ObjetosGerais/specialBlock_2.png using Guid(eab33b12aaa252247b469c24037c30fc) Importer(2089858483,192608db42251d675da83286b1cce702) (ScriptedImporter) -> (artifact id: '1c794b3f1d4152b9ba0fc8b48239a61e') in 0.0170428 seconds
Number of updated asset objects reloaded before import = 0Number of asset objects unloaded after import = 1

========================================================================
Received Import Request.
  Time since last request: 0.000066 seconds.
  path: Assets/ObjetosGerais/grass_topRight.png
  artifactKey: Guid(f836b58d12f3d1b4e9545fe0fe0eb25c) Importer(2089858483,192608db42251d675da83286b1cce702)
Start importing Assets/ObjetosGerais/grass_topRight.png using Guid(f836b58d12f3d1b4e9545fe0fe0eb25c) Importer(2089858483,192608db42251d675da83286b1cce702) (ScriptedImporter) -> (artifact id: 'd7721ce987975391fd5bcc7279f56d07') in 0.0161451 seconds
Number of updated asset objects reloaded before import = 0Number of asset objects unloaded after import = 1

========================================================================
Received Import Request.
  Time since last request: 0.000045 seconds.
  path: Assets/ObjetosGerais/rocks_large.png
  artifactKey: Guid(14df19fe58db56d40b24a7ce073bc390) Importer(2089858483,192608db42251d675da83286b1cce702)
Start importing Assets/ObjetosGerais/rocks_large.png using Guid(14df19fe58db56d40b24a7ce073bc390) Importer(2089858483,192608db42251d675da83286b1cce702) (ScriptedImporter) -> (artifact id: '397b9c4cf037e3063bdb7a6e30172cdd') in 0.0157439 seconds
Number of updated asset objects reloaded before import = 0Number of asset objects unloaded after import = 1

========================================================================
Received Import Request.
  Time since last request: 0.000047 seconds.
  path: Assets/ObjetosGerais/grassDriedNight_centerRight.png
  artifactKey: Guid(7c116feaafc258347bef60f9bba6ffff) Importer(2089858483,192608db42251d675da83286b1cce702)
Start importing Assets/ObjetosGerais/grassDriedNight_centerRight.png using Guid(7c116feaafc258347bef60f9bba6ffff) Importer(2089858483,192608db42251d675da83286b1cce702) (ScriptedImporter) -> (artifact id: 'b8a0d690477455dd412c4dd2b97af826') in 0.0169415 seconds
Number of updated asset objects reloaded before import = 0Number of asset objects unloaded after import = 1

========================================================================
Received Import Request.
  Time since last request: 0.000064 seconds.
  path: Assets/ObjetosGerais/rocks_group_night.png
  artifactKey: Guid(f2c880ad658f22f41a1df0e791d53937) Importer(2089858483,192608db42251d675da83286b1cce702)
Start importing Assets/ObjetosGerais/rocks_group_night.png using Guid(f2c880ad658f22f41a1df0e791d53937) Importer(2089858483,192608db42251d675da83286b1cce702) (ScriptedImporter) -> (artifact id: '67d83f7b4f38589b56208fa7fde99882') in 0.0162623 seconds
Number of updated asset objects reloaded before import = 0Number of asset objects unloaded after import = 1

========================================================================
Received Import Request.
  Time since last request: 0.000080 seconds.
  path: Assets/ObjetosGerais/stoneHouse_inside_topDoor.png
  artifactKey: Guid(5099c69f030156e439e2f0392b847f45) Importer(2089858483,192608db42251d675da83286b1cce702)
Start importing Assets/ObjetosGerais/stoneHouse_inside_topDoor.png using Guid(5099c69f030156e439e2f0392b847f45) Importer(2089858483,192608db42251d675da83286b1cce702) (ScriptedImporter) -> (artifact id: '50553451ce647d357ac72fca32ff92fa') in 0.0158714 seconds
Number of updated asset objects reloaded before import = 0Number of asset objects unloaded after import = 1

========================================================================
Received Import Request.
  Time since last request: 0.000085 seconds.
  path: Assets/ObjetosGerais/bluePotion.png
  artifactKey: Guid(b9203692016092447a143e4ad3fb6b85) Importer(2089858483,192608db42251d675da83286b1cce702)
Start importing Assets/ObjetosGerais/bluePotion.png using Guid(b9203692016092447a143e4ad3fb6b85) Importer(2089858483,192608db42251d675da83286b1cce702) (ScriptedImporter) -> (artifact id: 'b89e15ada35df8b0e639e646d0a9a886') in 0.0166845 seconds
Number of updated asset objects reloaded before import = 0Number of asset objects unloaded after import = 1

========================================================================
Received Import Request.
  Time since last request: 0.000036 seconds.
  path: Assets/ObjetosGerais/grassNight_withFlowers_centerCenter.png
  artifactKey: Guid(1aa53dd7e30d8e44da2c95bf6af35ba6) Importer(2089858483,192608db42251d675da83286b1cce702)
Start importing Assets/ObjetosGerais/grassNight_withFlowers_centerCenter.png using Guid(1aa53dd7e30d8e44da2c95bf6af35ba6) Importer(2089858483,192608db42251d675da83286b1cce702) (ScriptedImporter) -> (artifact id: '90dbf8a9bdd4807a78b78c4bc3810fac') in 0.0167241 seconds
Number of updated asset objects reloaded before import = 0Number of asset objects unloaded after import = 1

========================================================================
Received Import Request.
  Time since last request: 0.000062 seconds.
  path: Assets/ObjetosGerais/rock_small.png
  artifactKey: Guid(4f97e760f1a31b74ab5db30735b59fd0) Importer(2089858483,192608db42251d675da83286b1cce702)
Start importing Assets/ObjetosGerais/rock_small.png using Guid(4f97e760f1a31b74ab5db30735b59fd0) Importer(2089858483,192608db42251d675da83286b1cce702) (ScriptedImporter) -> (artifact id: 'd765f3e5bd9fc5159e3041085314e95f') in 0.015257 seconds
Number of updated asset objects reloaded before import = 0Number of asset objects unloaded after import = 1

========================================================================
Received Import Request.
  Time since last request: 0.000058 seconds.
  path: Assets/Efeitos/Rise02.aif
  artifactKey: Guid(d8506817aef8f084b8bd70a3be7f31ce) Importer(2089858483,192608db42251d675da83286b1cce702)
Start importing Assets/Efeitos/Rise02.aif using Guid(d8506817aef8f084b8bd70a3be7f31ce) Importer(2089858483,192608db42251d675da83286b1cce702) (ScriptedImporter) -> (artifact id: '7c2a9d619b96c2a33674af195aa1f84d') in 0.0261153 seconds
Number of updated asset objects reloaded before import = 0Number of asset objects unloaded after import = 1

========================================================================
Received Import Request.
  Time since last request: 0.000061 seconds.
  path: Assets/ObjetosGerais/stoneHouse_inside_bottomLeftCorner.png
  artifactKey: Guid(3e4e4ef67bb41d94bb33547072145c0c) Importer(2089858483,192608db42251d675da83286b1cce702)
Start importing Assets/ObjetosGerais/stoneHouse_inside_bottomLeftCorner.png using Guid(3e4e4ef67bb41d94bb33547072145c0c) Importer(2089858483,192608db42251d675da83286b1cce702) (ScriptedImporter) -> (artifact id: '0a287d33ff0e5f4f825b1e54d9c1f4ce') in 0.0177622 seconds
Number of updated asset objects reloaded before import = 0Number of asset objects unloaded after import = 1

========================================================================
Received Import Request.
  Time since last request: 0.000055 seconds.
  path: Assets/ObjetosGerais/grass_2.png
  artifactKey: Guid(1db82b910ff1a754e998c31625253e34) Importer(2089858483,192608db42251d675da83286b1cce702)
Start importing Assets/ObjetosGerais/grass_2.png using Guid(1db82b910ff1a754e998c31625253e34) Importer(2089858483,192608db42251d675da83286b1cce702) (ScriptedImporter) -> (artifact id: 'c9312677e466414d80611478aa785a0d') in 0.0158239 seconds
Number of updated asset objects reloaded before import = 0Number of asset objects unloaded after import = 1

========================================================================
Received Import Request.
  Time since last request: 0.000064 seconds.
  path: Assets/ObjetosGerais/woodHouse_inside_rightCenter.png
  artifactKey: Guid(b1a848aaef2efb043ab3984214c481f8) Importer(2089858483,192608db42251d675da83286b1cce702)
Start importing Assets/ObjetosGerais/woodHouse_inside_rightCenter.png using Guid(b1a848aaef2efb043ab3984214c481f8) Importer(2089858483,192608db42251d675da83286b1cce702) (ScriptedImporter) -> (artifact id: '264e531d6c140193f8809044c2f04899') in 0.0159194 seconds
Number of updated asset objects reloaded before import = 0Number of asset objects unloaded after import = 1

========================================================================
Received Import Request.
  Time since last request: 0.000047 seconds.
  path: Assets/ObjetosGerais/grassNight_withFlowers_bottomRight.png
  artifactKey: Guid(7a8231b79d8515c4c8d63beeb902a4af) Importer(2089858483,192608db42251d675da83286b1cce702)
Start importing Assets/ObjetosGerais/grassNight_withFlowers_bottomRight.png using Guid(7a8231b79d8515c4c8d63beeb902a4af) Importer(2089858483,192608db42251d675da83286b1cce702) (ScriptedImporter) -> (artifact id: 'dfd0baa3138fc4c4a073764c7f674a69') in 0.0237661 seconds
Number of updated asset objects reloaded before import = 0Number of asset objects unloaded after import = 1

========================================================================
Received Import Request.
  Time since last request: 0.000062 seconds.
  path: Assets/ObjetosGerais/stoneHouse_inside_topLeftCorner.png
  artifactKey: Guid(1c4c2af72592500408e9bb0f20110dd4) Importer(2089858483,192608db42251d675da83286b1cce702)
Start importing Assets/ObjetosGerais/stoneHouse_inside_topLeftCorner.png using Guid(1c4c2af72592500408e9bb0f20110dd4) Importer(2089858483,192608db42251d675da83286b1cce702) (ScriptedImporter) -> (artifact id: '3c272b2b7df1853a328222969b2fbeaa') in 0.0246217 seconds
Number of updated asset objects reloaded before import = 0Number of asset objects unloaded after import = 1

========================================================================
Received Import Request.
  Time since last request: 0.000102 seconds.
  path: Assets/ObjetosGerais/tree.png
  artifactKey: Guid(6df04092b772f4841bfda553a506b681) Importer(2089858483,192608db42251d675da83286b1cce702)
Start importing Assets/ObjetosGerais/tree.png using Guid(6df04092b772f4841bfda553a506b681) Importer(2089858483,192608db42251d675da83286b1cce702) (ScriptedImporter) -> (artifact id: 'd8d6034c4d77e3b60485c21d654ea203') in 0.0175461 seconds
Number of updated asset objects reloaded before import = 0Number of asset objects unloaded after import = 1

========================================================================
Received Import Request.
  Time since last request: 0.000090 seconds.
  path: Assets/ObjetosGerais/coin5.png
  artifactKey: Guid(a2db67d8ef818d4489dd906b40586d6d) Importer(2089858483,192608db42251d675da83286b1cce702)
Start importing Assets/ObjetosGerais/coin5.png using Guid(a2db67d8ef818d4489dd906b40586d6d) Importer(2089858483,192608db42251d675da83286b1cce702) (ScriptedImporter) -> (artifact id: '5163207bc99f17052a6a401fd95bc8fa') in 0.0170789 seconds
Number of updated asset objects reloaded before import = 0Number of asset objects unloaded after import = 1

========================================================================
Received Import Request.
  Time since last request: 0.000079 seconds.
  path: Assets/Tacinhas/03VinhoTinto.png
  artifactKey: Guid(5a4a42be69fff8b4c9c3b064eef1bad5) Importer(2089858483,192608db42251d675da83286b1cce702)
Start importing Assets/Tacinhas/03VinhoTinto.png using Guid(5a4a42be69fff8b4c9c3b064eef1bad5) Importer(2089858483,192608db42251d675da83286b1cce702) (ScriptedImporter) -> (artifact id: '622052d60d8589792da70bfdb5164e2e') in 0.3386553 seconds
Number of updated asset objects reloaded before import = 0Number of asset objects unloaded after import = 1

========================================================================
Received Import Request.
  Time since last request: 0.000073 seconds.
  path: Assets/Efeitos/FX01.aif
  artifactKey: Guid(b39318406fab7c4428009dfcf04c5f9d) Importer(2089858483,192608db42251d675da83286b1cce702)
Start importing Assets/Efeitos/FX01.aif using Guid(b39318406fab7c4428009dfcf04c5f9d) Importer(2089858483,192608db42251d675da83286b1cce702) (ScriptedImporter) -> (artifact id: '695a1145c7781a8d8809c0748c0d532b') in 0.028823 seconds
Number of updated asset objects reloaded before import = 0Number of asset objects unloaded after import = 1

========================================================================
Received Import Request.
  Time since last request: 0.000099 seconds.
  path: Assets/ObjetosGerais/coin1.png
  artifactKey: Guid(c95083f60ba2b884e9602391c72b3697) Importer(2089858483,192608db42251d675da83286b1cce702)
Start importing Assets/ObjetosGerais/coin1.png using Guid(c95083f60ba2b884e9602391c72b3697) Importer(2089858483,192608db42251d675da83286b1cce702) (ScriptedImporter) -> (artifact id: '08338f3d33d4fa7415d5eebc09ef1796') in 0.015531 seconds
Number of updated asset objects reloaded before import = 0Number of asset objects unloaded after import = 1

========================================================================
Received Import Request.
  Time since last request: 0.000106 seconds.
  path: Assets/ObjetosGerais/cherries.png
  artifactKey: Guid(343d11090f80faf4a91cb4c7de0fc55e) Importer(2089858483,192608db42251d675da83286b1cce702)
Start importing Assets/ObjetosGerais/cherries.png using Guid(343d11090f80faf4a91cb4c7de0fc55e) Importer(2089858483,192608db42251d675da83286b1cce702) (ScriptedImporter) -> (artifact id: '4fe6a6842dec08169ebf8744f0a81e12') in 0.0162777 seconds
Number of updated asset objects reloaded before import = 0Number of asset objects unloaded after import = 1

========================================================================
Received Import Request.
  Time since last request: 0.000041 seconds.
  path: Assets/ObjetosGerais/coin3.png
  artifactKey: Guid(86b0fbfa7e5e3bb44b11fc23218a7263) Importer(2089858483,192608db42251d675da83286b1cce702)
Start importing Assets/ObjetosGerais/coin3.png using Guid(86b0fbfa7e5e3bb44b11fc23218a7263) Importer(2089858483,192608db42251d675da83286b1cce702) (ScriptedImporter) -> (artifact id: 'f89d899b3e0b013066933d4c8a723d73') in 0.0158323 seconds
Number of updated asset objects reloaded before import = 0Number of asset objects unloaded after import = 1

========================================================================
Received Import Request.
  Time since last request: 0.000077 seconds.
  path: Assets/ObjetosGerais/grassDriedNight_bottomRight.png
  artifactKey: Guid(2d6c0c733d8597a40aa76439b0532639) Importer(2089858483,192608db42251d675da83286b1cce702)
Start importing Assets/ObjetosGerais/grassDriedNight_bottomRight.png using Guid(2d6c0c733d8597a40aa76439b0532639) Importer(2089858483,192608db42251d675da83286b1cce702) (ScriptedImporter) -> (artifact id: '7f9c4120c69b05492b3ef3e9cfe77c5d') in 0.0167581 seconds
Number of updated asset objects reloaded before import = 0Number of asset objects unloaded after import = 1

========================================================================
Received Import Request.
  Time since last request: 0.000088 seconds.
  path: Assets/ObjetosGerais/gem.png
  artifactKey: Guid(05513029fd0b7164483e731daec650ae) Importer(2089858483,192608db42251d675da83286b1cce702)
Start importing Assets/ObjetosGerais/gem.png using Guid(05513029fd0b7164483e731daec650ae) Importer(2089858483,192608db42251d675da83286b1cce702) (ScriptedImporter) -> (artifact id: 'd494d2bb95037dde72188f6bf4f03dcc') in 0.0164571 seconds
Number of updated asset objects reloaded before import = 0Number of asset objects unloaded after import = 1

========================================================================
Received Import Request.
  Time since last request: 0.000128 seconds.
  path: Assets/ObjetosGerais/woodHouse_inside_topRightCorner.png
  artifactKey: Guid(c1f8a2fcf7083314289579164e767dbb) Importer(2089858483,192608db42251d675da83286b1cce702)
Start importing Assets/ObjetosGerais/woodHouse_inside_topRightCorner.png using Guid(c1f8a2fcf7083314289579164e767dbb) Importer(2089858483,192608db42251d675da83286b1cce702) (ScriptedImporter) -> (artifact id: '76a6d32151fd273dbb3071f2469ba0d8') in 0.0161258 seconds
Number of updated asset objects reloaded before import = 0Number of asset objects unloaded after import = 1

========================================================================
Received Import Request.
  Time since last request: 0.000024 seconds.
  path: Assets/ObjetosGerais/rocks_large_night.png
  artifactKey: Guid(64dec851f909480448cbe01bfd821a7d) Importer(2089858483,192608db42251d675da83286b1cce702)
Start importing Assets/ObjetosGerais/rocks_large_night.png using Guid(64dec851f909480448cbe01bfd821a7d) Importer(2089858483,192608db42251d675da83286b1cce702) (ScriptedImporter) -> (artifact id: 'f48500f706871daf9f08684e85cd42df') in 0.0212818 seconds
Number of updated asset objects reloaded before import = 0Number of asset objects unloaded after import = 1

========================================================================
Received Import Request.
  Time since last request: 0.000085 seconds.
  path: Assets/ObjetosGerais/rock_large.png
  artifactKey: Guid(4b69feaab7194f54c9cf9224828336f8) Importer(2089858483,192608db42251d675da83286b1cce702)
Start importing Assets/ObjetosGerais/rock_large.png using Guid(4b69feaab7194f54c9cf9224828336f8) Importer(2089858483,192608db42251d675da83286b1cce702) (ScriptedImporter) -> (artifact id: '758163dbe1ec9dec8877f33b1b82b05a') in 0.0199596 seconds
Number of updated asset objects reloaded before import = 0Number of asset objects unloaded after import = 1

========================================================================
Received Import Request.
  Time since last request: 0.000089 seconds.
  path: Assets/ObjetosGerais/greenPotion.png
  artifactKey: Guid(804f5cd5c28ccd04180cb19dd16811a8) Importer(2089858483,192608db42251d675da83286b1cce702)
Start importing Assets/ObjetosGerais/greenPotion.png using Guid(804f5cd5c28ccd04180cb19dd16811a8) Importer(2089858483,192608db42251d675da83286b1cce702) (ScriptedImporter) -> (artifact id: 'cf6a0e8dff1145fa447fcb6afbd39b3d') in 0.0174906 seconds
Number of updated asset objects reloaded before import = 0Number of asset objects unloaded after import = 1

========================================================================
Received Import Request.
  Time since last request: 0.000072 seconds.
  path: Assets/ObjetosGerais/grass_dried_topLeft.png
  artifactKey: Guid(ea66864619718774b9f2c8f7feaf9584) Importer(2089858483,192608db42251d675da83286b1cce702)
Start importing Assets/ObjetosGerais/grass_dried_topLeft.png using Guid(ea66864619718774b9f2c8f7feaf9584) Importer(2089858483,192608db42251d675da83286b1cce702) (ScriptedImporter) -> (artifact id: 'ddde167a54aadcd207f4101767485293') in 0.016103 seconds
Number of updated asset objects reloaded before import = 0Number of asset objects unloaded after import = 1

========================================================================
Received Import Request.
  Time since last request: 0.000067 seconds.
  path: Assets/ObjetosGerais/keyCard_b.png
  artifactKey: Guid(47fa539d31861d648942e965add70829) Importer(2089858483,192608db42251d675da83286b1cce702)
Start importing Assets/ObjetosGerais/keyCard_b.png using Guid(47fa539d31861d648942e965add70829) Importer(2089858483,192608db42251d675da83286b1cce702) (ScriptedImporter) -> (artifact id: 'eba2444c3c51e22c1f2229d20758b780') in 0.0190091 seconds
Number of updated asset objects reloaded before import = 0Number of asset objects unloaded after import = 1

========================================================================
Received Import Request.
  Time since last request: 0.000018 seconds.
  path: Assets/ObjetosGerais/grass_7.png
  artifactKey: Guid(150bf26cf204ac648aec08102e647c7a) Importer(2089858483,192608db42251d675da83286b1cce702)
Start importing Assets/ObjetosGerais/grass_7.png using Guid(150bf26cf204ac648aec08102e647c7a) Importer(2089858483,192608db42251d675da83286b1cce702) (ScriptedImporter) -> (artifact id: '636a35f97055c749d9b604ffc1b96cdf') in 0.0182443 seconds
Number of updated asset objects reloaded before import = 0Number of asset objects unloaded after import = 1

========================================================================
Received Import Request.
  Time since last request: 0.000054 seconds.
  path: Assets/ObjetosGerais/TileObjectsOfficeFurniture_0.png
  artifactKey: Guid(00a156850765ca64b9892ba382b28fc2) Importer(2089858483,192608db42251d675da83286b1cce702)
Start importing Assets/ObjetosGerais/TileObjectsOfficeFurniture_0.png using Guid(00a156850765ca64b9892ba382b28fc2) Importer(2089858483,192608db42251d675da83286b1cce702) (ScriptedImporter) -> (artifact id: '8f8fc7c2f08ed13f18e909a1d5099697') in 0.0180498 seconds
Number of updated asset objects reloaded before import = 0Number of asset objects unloaded after import = 1

========================================================================
Received Import Request.
  Time since last request: 0.000054 seconds.
  path: Assets/ObjetosGerais/treeStump2.png
  artifactKey: Guid(fbaf7dacca8375240bd6dbe235674479) Importer(2089858483,192608db42251d675da83286b1cce702)
Start importing Assets/ObjetosGerais/treeStump2.png using Guid(fbaf7dacca8375240bd6dbe235674479) Importer(2089858483,192608db42251d675da83286b1cce702) (ScriptedImporter) -> (artifact id: '5369d17bf6b49d19ad2ac04461e18820') in 0.0169124 seconds
Number of updated asset objects reloaded before import = 0Number of asset objects unloaded after import = 1

========================================================================
Received Import Request.
  Time since last request: 0.000040 seconds.
  path: Assets/ObjetosGerais/redBlock2.png
  artifactKey: Guid(bf637d49e2fa19346bfae3ebe120a20f) Importer(2089858483,192608db42251d675da83286b1cce702)
Start importing Assets/ObjetosGerais/redBlock2.png using Guid(bf637d49e2fa19346bfae3ebe120a20f) Importer(2089858483,192608db42251d675da83286b1cce702) (ScriptedImporter) -> (artifact id: '681e70db118dd40772e31b429f5a19fa') in 0.0176334 seconds
Number of updated asset objects reloaded before import = 0Number of asset objects unloaded after import = 1

========================================================================
Received Import Request.
  Time since last request: 0.000069 seconds.
  path: Assets/ObjetosGerais/grass_1.png
  artifactKey: Guid(ea491f072250bd348b14329f0a153397) Importer(2089858483,192608db42251d675da83286b1cce702)
Start importing Assets/ObjetosGerais/grass_1.png using Guid(ea491f072250bd348b14329f0a153397) Importer(2089858483,192608db42251d675da83286b1cce702) (ScriptedImporter) -> (artifact id: '12816f9855b0b5b7a45ad4eff1d630e4') in 0.0188259 seconds
Number of updated asset objects reloaded before import = 0Number of asset objects unloaded after import = 1

========================================================================
Received Import Request.
  Time since last request: 0.000055 seconds.
  path: Assets/ObjetosGerais/RpgItems2.png
  artifactKey: Guid(c520f1e7282803f40b4d7e8f32e705d5) Importer(2089858483,192608db42251d675da83286b1cce702)
Start importing Assets/ObjetosGerais/RpgItems2.png using Guid(c520f1e7282803f40b4d7e8f32e705d5) Importer(2089858483,192608db42251d675da83286b1cce702) (ScriptedImporter) -> (artifact id: '5a7d358b53b53250f512a99d07cb3cfd') in 0.0180542 seconds
Number of updated asset objects reloaded before import = 0Number of asset objects unloaded after import = 1

========================================================================
Received Import Request.
  Time since last request: 0.000071 seconds.
  path: Assets/ObjetosGerais/grass_withFlowers_centerCenter.png
  artifactKey: Guid(7a01df0684350ce40bd97141a436e776) Importer(2089858483,192608db42251d675da83286b1cce702)
Start importing Assets/ObjetosGerais/grass_withFlowers_centerCenter.png using Guid(7a01df0684350ce40bd97141a436e776) Importer(2089858483,192608db42251d675da83286b1cce702) (ScriptedImporter) -> (artifact id: 'b82e47919a52c24b964d391c487ed6f8') in 0.0173473 seconds
Number of updated asset objects reloaded before import = 0Number of asset objects unloaded after import = 1

========================================================================
Received Import Request.
  Time since last request: 0.000051 seconds.
  path: Assets/ObjetosGerais/grass_dried_bottomLeft.png
  artifactKey: Guid(1d9b864d7b58c044fbc99d38dfbab75c) Importer(2089858483,192608db42251d675da83286b1cce702)
Start importing Assets/ObjetosGerais/grass_dried_bottomLeft.png using Guid(1d9b864d7b58c044fbc99d38dfbab75c) Importer(2089858483,192608db42251d675da83286b1cce702) (ScriptedImporter) -> (artifact id: 'fee452c13ce43f6d1895c99a4a0aa836') in 0.0257582 seconds
Number of updated asset objects reloaded before import = 0Number of asset objects unloaded after import = 1

========================================================================
Received Import Request.
  Time since last request: 0.000041 seconds.
  path: Assets/ObjetosGerais/Monsters.png
  artifactKey: Guid(10ec7c77207855d488a584b7be1b66ed) Importer(2089858483,192608db42251d675da83286b1cce702)
Start importing Assets/ObjetosGerais/Monsters.png using Guid(10ec7c77207855d488a584b7be1b66ed) Importer(2089858483,192608db42251d675da83286b1cce702) (ScriptedImporter) -> (artifact id: '3395641522be088354b3fcb4a9551009') in 0.015468 seconds
Number of updated asset objects reloaded before import = 0Number of asset objects unloaded after import = 1

========================================================================
Received Import Request.
  Time since last request: 0.000043 seconds.
  path: Assets/ObjetosGerais/greenBlock.png
  artifactKey: Guid(fc00bd4cac179334db26431313668811) Importer(2089858483,192608db42251d675da83286b1cce702)
Start importing Assets/ObjetosGerais/greenBlock.png using Guid(fc00bd4cac179334db26431313668811) Importer(2089858483,192608db42251d675da83286b1cce702) (ScriptedImporter) -> (artifact id: '4ec9eb22cdd1bee07412ddae89f94d24') in 0.0173559 seconds
Number of updated asset objects reloaded before import = 0Number of asset objects unloaded after import = 1

========================================================================
Received Import Request.
  Time since last request: 0.000020 seconds.
  path: Assets/ObjetosGerais/spring.png
  artifactKey: Guid(137dc37070598464ca336bb06bd72fc0) Importer(2089858483,192608db42251d675da83286b1cce702)
Start importing Assets/ObjetosGerais/spring.png using Guid(137dc37070598464ca336bb06bd72fc0) Importer(2089858483,192608db42251d675da83286b1cce702) (ScriptedImporter) -> (artifact id: 'e283e808289547e546bda3518273e86e') in 0.0180335 seconds
Number of updated asset objects reloaded before import = 0Number of asset objects unloaded after import = 1

========================================================================
Received Import Request.
  Time since last request: 0.000064 seconds.
  path: Assets/ObjetosGerais/grassDriedNight_bottomCenter.png
  artifactKey: Guid(dac3ad8188df6584190c50796c8394c4) Importer(2089858483,192608db42251d675da83286b1cce702)
Start importing Assets/ObjetosGerais/grassDriedNight_bottomCenter.png using Guid(dac3ad8188df6584190c50796c8394c4) Importer(2089858483,192608db42251d675da83286b1cce702) (ScriptedImporter) -> (artifact id: 'd29f59154fc88d7fd3790b58a8d0219e') in 0.0171324 seconds
Number of updated asset objects reloaded before import = 0Number of asset objects unloaded after import = 1

========================================================================
Received Import Request.
  Time since last request: 0.000056 seconds.
  path: Assets/ObjetosGerais/ground_night.png
  artifactKey: Guid(9440d8f2f699b6e4991914e78fdaf1ea) Importer(2089858483,192608db42251d675da83286b1cce702)
Start importing Assets/ObjetosGerais/ground_night.png using Guid(9440d8f2f699b6e4991914e78fdaf1ea) Importer(2089858483,192608db42251d675da83286b1cce702) (ScriptedImporter) -> (artifact id: '0f5496cc77b205cb1b04c85356a78eb3') in 0.0166628 seconds
Number of updated asset objects reloaded before import = 0Number of asset objects unloaded after import = 1

========================================================================
Received Import Request.
  Time since last request: 0.000050 seconds.
  path: Assets/ObjetosGerais/grass_dried_topRight.png
  artifactKey: Guid(3589a04ebcf2fc14d9c26405cb2c232a) Importer(2089858483,192608db42251d675da83286b1cce702)
Start importing Assets/ObjetosGerais/grass_dried_topRight.png using Guid(3589a04ebcf2fc14d9c26405cb2c232a) Importer(2089858483,192608db42251d675da83286b1cce702) (ScriptedImporter) -> (artifact id: '99514f1973904a75a3b8718d5d6b2220') in 0.0177008 seconds
Number of updated asset objects reloaded before import = 0Number of asset objects unloaded after import = 1

========================================================================
Received Import Request.
  Time since last request: 0.000072 seconds.
  path: Assets/Efeitos/Rise03.aif
  artifactKey: Guid(752f3fcd82fffd6478e5855ae415c7bd) Importer(2089858483,192608db42251d675da83286b1cce702)
Start importing Assets/Efeitos/Rise03.aif using Guid(752f3fcd82fffd6478e5855ae415c7bd) Importer(2089858483,192608db42251d675da83286b1cce702) (ScriptedImporter) -> (artifact id: '5f7a759abb84e7164177d197997771da') in 0.0263901 seconds
Number of updated asset objects reloaded before import = 0Number of asset objects unloaded after import = 1

========================================================================
Received Import Request.
  Time since last request: 0.000062 seconds.
  path: Assets/Fontes/Cosplay Culture.ttf
  artifactKey: Guid(76cc07b11b2113b479c3fae97d7764d4) Importer(2089858483,192608db42251d675da83286b1cce702)
Start importing Assets/Fontes/Cosplay Culture.ttf using Guid(76cc07b11b2113b479c3fae97d7764d4) Importer(2089858483,192608db42251d675da83286b1cce702) (ScriptedImporter) -> (artifact id: '7665790e9f8bc07896ceda05d8227c5a') in 0.0212916 seconds
Number of updated asset objects reloaded before import = 0Number of asset objects unloaded after import = 3

========================================================================
Received Import Request.
  Time since last request: 0.000032 seconds.
  path: Assets/ObjetosGerais/stoneHouse_inside_leftCenter.png
  artifactKey: Guid(479523b83c5a5d94a934dd6ab2a217b8) Importer(2089858483,192608db42251d675da83286b1cce702)
Start importing Assets/ObjetosGerais/stoneHouse_inside_leftCenter.png using Guid(479523b83c5a5d94a934dd6ab2a217b8) Importer(2089858483,192608db42251d675da83286b1cce702) (ScriptedImporter) -> (artifact id: 'c9ef0626abae8b8e92bff8d7c32ae199') in 0.0173142 seconds
Number of updated asset objects reloaded before import = 0Number of asset objects unloaded after import = 1

========================================================================
Received Import Request.
  Time since last request: 0.000055 seconds.
  path: Assets/ObjetosGerais/rocks_small.png
  artifactKey: Guid(c678420049c54f74f88e719758a81e46) Importer(2089858483,192608db42251d675da83286b1cce702)
Start importing Assets/ObjetosGerais/rocks_small.png using Guid(c678420049c54f74f88e719758a81e46) Importer(2089858483,192608db42251d675da83286b1cce702) (ScriptedImporter) -> (artifact id: '04841b45f225873d05c1a7944b33ff8c') in 0.01574 seconds
Number of updated asset objects reloaded before import = 0Number of asset objects unloaded after import = 1

========================================================================
Received Import Request.
  Time since last request: 0.000063 seconds.
  path: Assets/ObjetosGerais/grass_dried_centerLeft.png
  artifactKey: Guid(330ba3c3508b0e249a077bc13a2dd89b) Importer(2089858483,192608db42251d675da83286b1cce702)
Start importing Assets/ObjetosGerais/grass_dried_centerLeft.png using Guid(330ba3c3508b0e249a077bc13a2dd89b) Importer(2089858483,192608db42251d675da83286b1cce702) (ScriptedImporter) -> (artifact id: '607f54fd057a4baee1be8dfb0543ee10') in 0.0176679 seconds
Number of updated asset objects reloaded before import = 0Number of asset objects unloaded after import = 1

========================================================================
Received Import Request.
  Time since last request: 0.000037 seconds.
  path: Assets/ObjetosGerais/grass_withFlowers_bottomCenter.png
  artifactKey: Guid(84fea50c3f179a0419e8360d70860222) Importer(2089858483,192608db42251d675da83286b1cce702)
Start importing Assets/ObjetosGerais/grass_withFlowers_bottomCenter.png using Guid(84fea50c3f179a0419e8360d70860222) Importer(2089858483,192608db42251d675da83286b1cce702) (ScriptedImporter) -> (artifact id: '1d3257eb4cdf455c2c87a395c8ecd476') in 0.0171412 seconds
Number of updated asset objects reloaded before import = 0Number of asset objects unloaded after import = 1

========================================================================
Received Import Request.
  Time since last request: 0.000047 seconds.
  path: Assets/ObjetosGerais/specialBlock_blank.png
  artifactKey: Guid(a3bec47912f4dd1419ad54d1ddd5018c) Importer(2089858483,192608db42251d675da83286b1cce702)
Start importing Assets/ObjetosGerais/specialBlock_blank.png using Guid(a3bec47912f4dd1419ad54d1ddd5018c) Importer(2089858483,192608db42251d675da83286b1cce702) (ScriptedImporter) -> (artifact id: '13a330baa941d2f289d1df1db1897eee') in 0.0171331 seconds
Number of updated asset objects reloaded before import = 0Number of asset objects unloaded after import = 1

========================================================================
Received Import Request.
  Time since last request: 0.000076 seconds.
  path: Assets/ObjetosGerais/table_center.png
  artifactKey: Guid(f11491394bc27184ca7257f6c8b07418) Importer(2089858483,192608db42251d675da83286b1cce702)
Start importing Assets/ObjetosGerais/table_center.png using Guid(f11491394bc27184ca7257f6c8b07418) Importer(2089858483,192608db42251d675da83286b1cce702) (ScriptedImporter) -> (artifact id: '7e6fd6d99eaf1937f368f2443274a093') in 0.0153137 seconds
Number of updated asset objects reloaded before import = 0Number of asset objects unloaded after import = 1

========================================================================
Received Import Request.
  Time since last request: 0.000041 seconds.
  path: Assets/ObjetosGerais/grass_withFlowers_topLeft.png
  artifactKey: Guid(9cb721ffb61371b4a84867fbeadb0b38) Importer(2089858483,192608db42251d675da83286b1cce702)
Start importing Assets/ObjetosGerais/grass_withFlowers_topLeft.png using Guid(9cb721ffb61371b4a84867fbeadb0b38) Importer(2089858483,192608db42251d675da83286b1cce702) (ScriptedImporter) -> (artifact id: '0d6bcfdbfb60bf2e811c0420e0376347') in 0.0166299 seconds
Number of updated asset objects reloaded before import = 0Number of asset objects unloaded after import = 1

========================================================================
Received Import Request.
  Time since last request: 0.000080 seconds.
  path: Assets/ObjetosGerais/block_1.png
  artifactKey: Guid(8397381dfec30aa4b85d16c77edee474) Importer(2089858483,192608db42251d675da83286b1cce702)
Start importing Assets/ObjetosGerais/block_1.png using Guid(8397381dfec30aa4b85d16c77edee474) Importer(2089858483,192608db42251d675da83286b1cce702) (ScriptedImporter) -> (artifact id: '2843f4182e9ea754226231dacb1d31c3') in 0.0150973 seconds
Number of updated asset objects reloaded before import = 0Number of asset objects unloaded after import = 1

========================================================================
Received Import Request.
  Time since last request: 0.000084 seconds.
  path: Assets/ObjetosGerais/coin_gold.png
  artifactKey: Guid(66651412023e9154d8ddfd307ad88d18) Importer(2089858483,192608db42251d675da83286b1cce702)
Start importing Assets/ObjetosGerais/coin_gold.png using Guid(66651412023e9154d8ddfd307ad88d18) Importer(2089858483,192608db42251d675da83286b1cce702) (ScriptedImporter) -> (artifact id: '32213699343c19175c2deea95616a51f') in 0.0162528 seconds
Number of updated asset objects reloaded before import = 0Number of asset objects unloaded after import = 1

========================================================================
Received Import Request.
  Time since last request: 0.000093 seconds.
  path: Assets/ObjetosGerais/grassNight_bottomCenter.png
  artifactKey: Guid(f7e87089dd065c64a8879fbed1f4c65d) Importer(2089858483,192608db42251d675da83286b1cce702)
Start importing Assets/ObjetosGerais/grassNight_bottomCenter.png using Guid(f7e87089dd065c64a8879fbed1f4c65d) Importer(2089858483,192608db42251d675da83286b1cce702) (ScriptedImporter) -> (artifact id: '158d034493038aaf9332345667241315') in 0.0165731 seconds
Number of updated asset objects reloaded before import = 0Number of asset objects unloaded after import = 1

========================================================================
Received Import Request.
  Time since last request: 0.000041 seconds.
  path: Assets/Efeitos/Coin01.aif
  artifactKey: Guid(8ad2e260ec514024abf060826444903c) Importer(2089858483,192608db42251d675da83286b1cce702)
Start importing Assets/Efeitos/Coin01.aif using Guid(8ad2e260ec514024abf060826444903c) Importer(2089858483,192608db42251d675da83286b1cce702) (ScriptedImporter) -> (artifact id: '8fe0c63833c026c58f426e5ca4bb2cd0') in 0.029695 seconds
Number of updated asset objects reloaded before import = 0Number of asset objects unloaded after import = 1

========================================================================
Received Import Request.
  Time since last request: 0.000075 seconds.
  path: Assets/ObjetosGerais/woodPlanks.png
  artifactKey: Guid(e12ede92cfd6a274fbb0df3f9cfc9314) Importer(2089858483,192608db42251d675da83286b1cce702)
Start importing Assets/ObjetosGerais/woodPlanks.png using Guid(e12ede92cfd6a274fbb0df3f9cfc9314) Importer(2089858483,192608db42251d675da83286b1cce702) (ScriptedImporter) -> (artifact id: '3b139fd3bb6d631191cdfcd7b19490e8') in 0.0167418 seconds
Number of updated asset objects reloaded before import = 0Number of asset objects unloaded after import = 1

========================================================================
Received Import Request.
  Time since last request: 0.000068 seconds.
  path: Assets/ObjetosGerais/woodHouse_inside_leftCenter.png
  artifactKey: Guid(e4fae4556e49e644097217ad9bc5396c) Importer(2089858483,192608db42251d675da83286b1cce702)
Start importing Assets/ObjetosGerais/woodHouse_inside_leftCenter.png using Guid(e4fae4556e49e644097217ad9bc5396c) Importer(2089858483,192608db42251d675da83286b1cce702) (ScriptedImporter) -> (artifact id: 'dfbe1a4f5c9971717a8e571f2e091fe4') in 0.016344 seconds
Number of updated asset objects reloaded before import = 0Number of asset objects unloaded after import = 1

========================================================================
Received Import Request.
  Time since last request: 0.000056 seconds.
  path: Assets/ObjetosGerais/blueBlock.png
  artifactKey: Guid(12fe6ca1a18a28849aceb710a39d7c2c) Importer(2089858483,192608db42251d675da83286b1cce702)
Start importing Assets/ObjetosGerais/blueBlock.png using Guid(12fe6ca1a18a28849aceb710a39d7c2c) Importer(2089858483,192608db42251d675da83286b1cce702) (ScriptedImporter) -> (artifact id: 'b8dec5623771b4ba8db4cf4e813733ac') in 0.0191946 seconds
Number of updated asset objects reloaded before import = 0Number of asset objects unloaded after import = 1

========================================================================
Received Import Request.
  Time since last request: 0.000047 seconds.
  path: Assets/ObjetosGerais/stoneHouse_inside_bottomDoor.png
  artifactKey: Guid(ed2aa3b6980f00e42847838bbf1c3a34) Importer(2089858483,192608db42251d675da83286b1cce702)
Start importing Assets/ObjetosGerais/stoneHouse_inside_bottomDoor.png using Guid(ed2aa3b6980f00e42847838bbf1c3a34) Importer(2089858483,192608db42251d675da83286b1cce702) (ScriptedImporter) -> (artifact id: 'fcc9587aab195a3470d8a1cf474e1b51') in 0.0165729 seconds
Number of updated asset objects reloaded before import = 0Number of asset objects unloaded after import = 1

========================================================================
Received Import Request.
  Time since last request: 0.000042 seconds.
  path: Assets/ObjetosGerais/centerGround.png
  artifactKey: Guid(cf0963cce2de5bd4cb883afe1b1350ca) Importer(2089858483,192608db42251d675da83286b1cce702)
Start importing Assets/ObjetosGerais/centerGround.png using Guid(cf0963cce2de5bd4cb883afe1b1350ca) Importer(2089858483,192608db42251d675da83286b1cce702) (ScriptedImporter) -> (artifact id: '261d02190a09881a1132e9c8ee12eccb') in 0.016463 seconds
Number of updated asset objects reloaded before import = 0Number of asset objects unloaded after import = 1

========================================================================
Received Import Request.
  Time since last request: 0.000076 seconds.
  path: Assets/ObjetosGerais/specialBlock_1.png
  artifactKey: Guid(614e569d20ee4074dbf197b8967f94fa) Importer(2089858483,192608db42251d675da83286b1cce702)
Start importing Assets/ObjetosGerais/specialBlock_1.png using Guid(614e569d20ee4074dbf197b8967f94fa) Importer(2089858483,192608db42251d675da83286b1cce702) (ScriptedImporter) -> (artifact id: '415ca8c28dbd5ff36f5b7900d146620a') in 0.0171779 seconds
Number of updated asset objects reloaded before import = 0Number of asset objects unloaded after import = 1

========================================================================
Received Import Request.
  Time since last request: 0.000073 seconds.
  path: Assets/Fontes/Hello Valentina.ttf
  artifactKey: Guid(9eaf801772fed284682b9880fb5d71f5) Importer(2089858483,192608db42251d675da83286b1cce702)
Start importing Assets/Fontes/Hello Valentina.ttf using Guid(9eaf801772fed284682b9880fb5d71f5) Importer(2089858483,192608db42251d675da83286b1cce702) (ScriptedImporter) -> (artifact id: 'a4e74f676e953b2d05a987b1868ea5d4') in 0.012142 seconds
Number of updated asset objects reloaded before import = 0Number of asset objects unloaded after import = 3

========================================================================
Received Import Request.
  Time since last request: 0.000019 seconds.
  path: Assets/ObjetosGerais/leftStraight.png
  artifactKey: Guid(9f7936ef553e38344aa45438f84f5c4f) Importer(2089858483,192608db42251d675da83286b1cce702)
Start importing Assets/ObjetosGerais/leftStraight.png using Guid(9f7936ef553e38344aa45438f84f5c4f) Importer(2089858483,192608db42251d675da83286b1cce702) (ScriptedImporter) -> (artifact id: 'e1e118c1c05f9fc390986a01b23bed71') in 0.0183989 seconds
Number of updated asset objects reloaded before import = 0Number of asset objects unloaded after import = 1

========================================================================
Received Import Request.
  Time since last request: 0.000025 seconds.
  path: Assets/ObjetosGerais/castleWalkway_night.png
  artifactKey: Guid(c57879b85badb204b850bcef7f39704e) Importer(2089858483,192608db42251d675da83286b1cce702)
Start importing Assets/ObjetosGerais/castleWalkway_night.png using Guid(c57879b85badb204b850bcef7f39704e) Importer(2089858483,192608db42251d675da83286b1cce702) (ScriptedImporter) -> (artifact id: 'ca48334bb93adf22c40abb37e1a13457') in 0.0160813 seconds
Number of updated asset objects reloaded before import = 0Number of asset objects unloaded after import = 1

========================================================================
Received Import Request.
  Time since last request: 0.000059 seconds.
  path: Assets/ObjetosGerais/leftCorner.png
  artifactKey: Guid(e738288b5c2a5fd4fa4f849990c97ef2) Importer(2089858483,192608db42251d675da83286b1cce702)
Start importing Assets/ObjetosGerais/leftCorner.png using Guid(e738288b5c2a5fd4fa4f849990c97ef2) Importer(2089858483,192608db42251d675da83286b1cce702) (ScriptedImporter) -> (artifact id: '21276f1cfd582c9f01ebe3c403efc150') in 0.0158331 seconds
Number of updated asset objects reloaded before import = 0Number of asset objects unloaded after import = 1

========================================================================
Received Import Request.
  Time since last request: 0.000052 seconds.
  path: Assets/ObjetosGerais/bottomStraight.png
  artifactKey: Guid(c56fca7040bb207469897388b71cdc19) Importer(2089858483,192608db42251d675da83286b1cce702)
Start importing Assets/ObjetosGerais/bottomStraight.png using Guid(c56fca7040bb207469897388b71cdc19) Importer(2089858483,192608db42251d675da83286b1cce702) (ScriptedImporter) -> (artifact id: '800be32e56facae87d6f44f2d477f3ca') in 0.0162885 seconds
Number of updated asset objects reloaded before import = 0Number of asset objects unloaded after import = 1

========================================================================
Received Import Request.
  Time since last request: 0.000038 seconds.
  path: Assets/ObjetosGerais/woodHouse_inside_bottomDoor.png
  artifactKey: Guid(1e34b2b471619a445be3b1e7526ffbb3) Importer(2089858483,192608db42251d675da83286b1cce702)
Start importing Assets/ObjetosGerais/woodHouse_inside_bottomDoor.png using Guid(1e34b2b471619a445be3b1e7526ffbb3) Importer(2089858483,192608db42251d675da83286b1cce702) (ScriptedImporter) -> (artifact id: '0f2013fbaafdd348179a8db3ae9f17f8') in 0.0165368 seconds
Number of updated asset objects reloaded before import = 0Number of asset objects unloaded after import = 1

========================================================================
Received Import Request.
  Time since last request: 0.000013 seconds.
  path: Assets/ObjetosGerais/spike2.png
  artifactKey: Guid(fcc14d0e16d4afc44aedf0e0e89fc032) Importer(2089858483,192608db42251d675da83286b1cce702)
Start importing Assets/ObjetosGerais/spike2.png using Guid(fcc14d0e16d4afc44aedf0e0e89fc032) Importer(2089858483,192608db42251d675da83286b1cce702) (ScriptedImporter) -> (artifact id: '39c3ef637510af7921591dc973f34394') in 0.0160455 seconds
Number of updated asset objects reloaded before import = 0Number of asset objects unloaded after import = 1

========================================================================
Received Import Request.
  Time since last request: 0.000071 seconds.
  path: Assets/ObjetosGerais/grassNight_centerLeft.png
  artifactKey: Guid(931641a46b83ecb41be70cadc59cf2b6) Importer(2089858483,192608db42251d675da83286b1cce702)
Start importing Assets/ObjetosGerais/grassNight_centerLeft.png using Guid(931641a46b83ecb41be70cadc59cf2b6) Importer(2089858483,192608db42251d675da83286b1cce702) (ScriptedImporter) -> (artifact id: 'f0711e4a4ad5c1d31405f093d7d54531') in 0.0159808 seconds
Number of updated asset objects reloaded before import = 0Number of asset objects unloaded after import = 1

========================================================================
Received Import Request.
  Time since last request: 0.000014 seconds.
  path: Assets/ObjetosGerais/grass_topLeft.png
  artifactKey: Guid(88875948b1b4a0d479d9787956e7c113) Importer(2089858483,192608db42251d675da83286b1cce702)
Start importing Assets/ObjetosGerais/grass_topLeft.png using Guid(88875948b1b4a0d479d9787956e7c113) Importer(2089858483,192608db42251d675da83286b1cce702) (ScriptedImporter) -> (artifact id: 'a9ec99dd2433f6ee01b99a6964bc75aa') in 0.0153357 seconds
Number of updated asset objects reloaded before import = 0Number of asset objects unloaded after import = 1

========================================================================
Received Import Request.
  Time since last request: 0.000034 seconds.
  path: Assets/ObjetosGerais/grassNight_withFlowers_topLeft.png
  artifactKey: Guid(5bec086dbe6578a4c9afa09b1a24168a) Importer(2089858483,192608db42251d675da83286b1cce702)
Start importing Assets/ObjetosGerais/grassNight_withFlowers_topLeft.png using Guid(5bec086dbe6578a4c9afa09b1a24168a) Importer(2089858483,192608db42251d675da83286b1cce702) (ScriptedImporter) -> (artifact id: 'd63751b0c0ea7a719511702e806a970a') in 0.0251786 seconds
Number of updated asset objects reloaded before import = 0Number of asset objects unloaded after import = 1

========================================================================
Received Import Request.
  Time since last request: 0.000041 seconds.
  path: Assets/ObjetosGerais/grass_withFlowers_bottomLeft.png
  artifactKey: Guid(a936aeaaa0023f749bf97ce4fba4098b) Importer(2089858483,192608db42251d675da83286b1cce702)
Start importing Assets/ObjetosGerais/grass_withFlowers_bottomLeft.png using Guid(a936aeaaa0023f749bf97ce4fba4098b) Importer(2089858483,192608db42251d675da83286b1cce702) (ScriptedImporter) -> (artifact id: '279f0f3d4c830b98d2f626f5f14683be') in 0.0160985 seconds
Number of updated asset objects reloaded before import = 0Number of asset objects unloaded after import = 1

========================================================================
Received Import Request.
  Time since last request: 0.000053 seconds.
  path: Assets/FundosSonoros/Hammock Fight.mp3
  artifactKey: Guid(600ea270e64ad144e874a05f1edffff2) Importer(2089858483,192608db42251d675da83286b1cce702)
Start importing Assets/FundosSonoros/Hammock Fight.mp3 using Guid(600ea270e64ad144e874a05f1edffff2) Importer(2089858483,192608db42251d675da83286b1cce702) (ScriptedImporter) -> (artifact id: '23b82cb8e585f55bfaa3c361a6101c91') in 0.0277791 seconds
Number of updated asset objects reloaded before import = 0Number of asset objects unloaded after import = 1

========================================================================
Received Import Request.
  Time since last request: 0.000052 seconds.
  path: Assets/Tacinhas/05Licor.png
  artifactKey: Guid(b48c78c36d9ba7641929847af9eea31b) Importer(2089858483,192608db42251d675da83286b1cce702)
Start importing Assets/Tacinhas/05Licor.png using Guid(b48c78c36d9ba7641929847af9eea31b) Importer(2089858483,192608db42251d675da83286b1cce702) (ScriptedImporter) -> (artifact id: '6c474a850f14286dc4a512a5a30629bc') in 0.0150651 seconds
Number of updated asset objects reloaded before import = 0Number of asset objects unloaded after import = 1

========================================================================
Received Import Request.
  Time since last request: 0.000075 seconds.
  path: Assets/ObjetosGerais/block_4.png
  artifactKey: Guid(90f277ed94b991847ab1e5d434e75db8) Importer(2089858483,192608db42251d675da83286b1cce702)
Start importing Assets/ObjetosGerais/block_4.png using Guid(90f277ed94b991847ab1e5d434e75db8) Importer(2089858483,192608db42251d675da83286b1cce702) (ScriptedImporter) -> (artifact id: '62f18867c1314f9bf393b2f07bb3f4a4') in 0.0152517 seconds
Number of updated asset objects reloaded before import = 0Number of asset objects unloaded after import = 1

========================================================================
Received Import Request.
  Time since last request: 0.000045 seconds.
  path: Assets/ObjetosGerais/Wood.png
  artifactKey: Guid(d75eccb383cd49a43bc7d8569b372219) Importer(2089858483,192608db42251d675da83286b1cce702)
Start importing Assets/ObjetosGerais/Wood.png using Guid(d75eccb383cd49a43bc7d8569b372219) Importer(2089858483,192608db42251d675da83286b1cce702) (ScriptedImporter) -> (artifact id: '2b275033dcdb834340acd142ac7bb18c') in 0.0157269 seconds
Number of updated asset objects reloaded before import = 0Number of asset objects unloaded after import = 1

========================================================================
Received Import Request.
  Time since last request: 0.000083 seconds.
  path: Assets/ObjetosGerais/coin9.png
  artifactKey: Guid(b4d8812020644cc49be1999646300773) Importer(2089858483,192608db42251d675da83286b1cce702)
Start importing Assets/ObjetosGerais/coin9.png using Guid(b4d8812020644cc49be1999646300773) Importer(2089858483,192608db42251d675da83286b1cce702) (ScriptedImporter) -> (artifact id: '11c0c15e8b2e20dca6517d83e69856a4') in 0.0149531 seconds
Number of updated asset objects reloaded before import = 0Number of asset objects unloaded after import = 1

========================================================================
Received Import Request.
  Time since last request: 0.000086 seconds.
  path: Assets/ObjetosGerais/woodHouse_inside_bottomLeftCorner.png
  artifactKey: Guid(3209c8498e0195a42904ca2907afc282) Importer(2089858483,192608db42251d675da83286b1cce702)
Start importing Assets/ObjetosGerais/woodHouse_inside_bottomLeftCorner.png using Guid(3209c8498e0195a42904ca2907afc282) Importer(2089858483,192608db42251d675da83286b1cce702) (ScriptedImporter) -> (artifact id: 'd5c8832565ba83d58452a4605ec8534e') in 0.0167088 seconds
Number of updated asset objects reloaded before import = 0Number of asset objects unloaded after import = 1

========================================================================
Received Import Request.
  Time since last request: 0.000042 seconds.
  path: Assets/FundosSonoros/Onion Capers.mp3
  artifactKey: Guid(24b5a9aa31e4b414d877f5f7cba4a785) Importer(2089858483,192608db42251d675da83286b1cce702)
Start importing Assets/FundosSonoros/Onion Capers.mp3 using Guid(24b5a9aa31e4b414d877f5f7cba4a785) Importer(2089858483,192608db42251d675da83286b1cce702) (ScriptedImporter) -> (artifact id: '23251b7c540fee4f1979dd07512ca9f8') in 0.0300577 seconds
Number of updated asset objects reloaded before import = 0Number of asset objects unloaded after import = 1

========================================================================
Received Import Request.
  Time since last request: 0.000064 seconds.
  path: Assets/ObjetosGerais
  artifactKey: Guid(8139615d824da154887794398883ca90) Importer(2089858483,192608db42251d675da83286b1cce702)
Start importing Assets/ObjetosGerais using Guid(8139615d824da154887794398883ca90) Importer(2089858483,192608db42251d675da83286b1cce702) (ScriptedImporter) -> (artifact id: '98c34d51ba7ba873df074ee0c70b3bd2') in 0.0071485 seconds
Number of updated asset objects reloaded before import = 0Number of asset objects unloaded after import = 1

========================================================================
Received Import Request.
  Time since last request: 0.000102 seconds.
  path: Assets/ObjetosGerais/woodPlanks_night.png
  artifactKey: Guid(f41de06a2a051c648b9f573a86a77143) Importer(2089858483,192608db42251d675da83286b1cce702)
Start importing Assets/ObjetosGerais/woodPlanks_night.png using Guid(f41de06a2a051c648b9f573a86a77143) Importer(2089858483,192608db42251d675da83286b1cce702) (ScriptedImporter) -> (artifact id: '8ab014324fc6b822f9c1bd1ec5f5b799') in 0.0167671 seconds
Number of updated asset objects reloaded before import = 0Number of asset objects unloaded after import = 1

========================================================================
Received Import Request.
  Time since last request: 0.000088 seconds.
  path: Assets/ObjetosGerais/coin0.png
  artifactKey: Guid(5e22cb266fc04164a9235b9b906e7795) Importer(2089858483,192608db42251d675da83286b1cce702)
Start importing Assets/ObjetosGerais/coin0.png using Guid(5e22cb266fc04164a9235b9b906e7795) Importer(2089858483,192608db42251d675da83286b1cce702) (ScriptedImporter) -> (artifact id: '19f911ac14b3f37d68a2fd8381fcd7aa') in 0.0187393 seconds
Number of updated asset objects reloaded before import = 0Number of asset objects unloaded after import = 1

========================================================================
Received Import Request.
  Time since last request: 0.000051 seconds.
  path: Assets/ObjetosGerais/bottomLeftCorner.png
  artifactKey: Guid(7324b20e80ed69c4caec03ae58795fa6) Importer(2089858483,192608db42251d675da83286b1cce702)
Start importing Assets/ObjetosGerais/bottomLeftCorner.png using Guid(7324b20e80ed69c4caec03ae58795fa6) Importer(2089858483,192608db42251d675da83286b1cce702) (ScriptedImporter) -> (artifact id: '84a0d96f559901aadf430e4ced4fa877') in 0.0160132 seconds
Number of updated asset objects reloaded before import = 0Number of asset objects unloaded after import = 1

========================================================================
Received Import Request.
  Time since last request: 0.000045 seconds.
  path: Assets/ObjetosGerais/table_leftSide.png
  artifactKey: Guid(8caa1e99e8476504fbc1f4c86dc65491) Importer(2089858483,192608db42251d675da83286b1cce702)
Start importing Assets/ObjetosGerais/table_leftSide.png using Guid(8caa1e99e8476504fbc1f4c86dc65491) Importer(2089858483,192608db42251d675da83286b1cce702) (ScriptedImporter) -> (artifact id: '3880c994ecaac4ee2e32c714fbcf3f5e') in 0.0156985 seconds
Number of updated asset objects reloaded before import = 0Number of asset objects unloaded after import = 1

========================================================================
Received Import Request.
  Time since last request: 0.000055 seconds.
  path: Assets/ObjetosGerais/grassDriedNight_topLeft.png
  artifactKey: Guid(2abc7f8a469ef714da2cd5e4bbb813b2) Importer(2089858483,192608db42251d675da83286b1cce702)
Start importing Assets/ObjetosGerais/grassDriedNight_topLeft.png using Guid(2abc7f8a469ef714da2cd5e4bbb813b2) Importer(2089858483,192608db42251d675da83286b1cce702) (ScriptedImporter) -> (artifact id: '489a1de24fb838845110bea80fe0eaec') in 0.0180194 seconds
Number of updated asset objects reloaded before import = 0Number of asset objects unloaded after import = 1

========================================================================
Received Import Request.
  Time since last request: 0.000051 seconds.
  path: Assets/ObjetosGerais/grass_withFlowers_topRight.png
  artifactKey: Guid(0a50475df0c96014e8c321d243d24383) Importer(2089858483,192608db42251d675da83286b1cce702)
Start importing Assets/ObjetosGerais/grass_withFlowers_topRight.png using Guid(0a50475df0c96014e8c321d243d24383) Importer(2089858483,192608db42251d675da83286b1cce702) (ScriptedImporter) -> (artifact id: 'e5d30aafc5b61758824bc72e3a146488') in 0.0167419 seconds
Number of updated asset objects reloaded before import = 0Number of asset objects unloaded after import = 1

========================================================================
Received Import Request.
  Time since last request: 11.012852 seconds.
  path: Assets/ObjetosGerais/block_2.png
  artifactKey: Guid(4fb3205659c23704f846d0bf49ef8868) Importer(815301076,1909f56bfc062723c751e8b465ee728b)
Start importing Assets/ObjetosGerais/block_2.png using Guid(4fb3205659c23704f846d0bf49ef8868) Importer(815301076,1909f56bfc062723c751e8b465ee728b) (PreviewImporter) -> (artifact id: '6d62f0ca129ad4a7a0ae52676a46aa01') in 0.0444653 seconds
Number of updated asset objects reloaded before import = 0Number of asset objects unloaded after import = 2

========================================================================
Received Import Request.
  Time since last request: 0.000021 seconds.
  path: Assets/ObjetosGerais/grass_dried_topRight.png
  artifactKey: Guid(3589a04ebcf2fc14d9c26405cb2c232a) Importer(815301076,1909f56bfc062723c751e8b465ee728b)
Start importing Assets/ObjetosGerais/grass_dried_topRight.png using Guid(3589a04ebcf2fc14d9c26405cb2c232a) Importer(815301076,1909f56bfc062723c751e8b465ee728b) (PreviewImporter) -> (artifact id: 'bb9a655aef299d9ad55ac9542b38f90b') in 0.0089672 seconds
Number of updated asset objects reloaded before import = 0Number of asset objects unloaded after import = 2

========================================================================
Received Import Request.
  Time since last request: 0.000021 seconds.
  path: Assets/ObjetosGerais/grass_centerRight.png
  artifactKey: Guid(dc09129b67f484e49a24390bc6f4728c) Importer(815301076,1909f56bfc062723c751e8b465ee728b)
Start importing Assets/ObjetosGerais/grass_centerRight.png using Guid(dc09129b67f484e49a24390bc6f4728c) Importer(815301076,1909f56bfc062723c751e8b465ee728b) (PreviewImporter) -> (artifact id: '20deba4800aa727f0aab9027f7d8a141') in 0.0080187 seconds
Number of updated asset objects reloaded before import = 0Number of asset objects unloaded after import = 2

========================================================================
Received Import Request.
  Time since last request: 0.000024 seconds.
  path: Assets/ObjetosGerais/grassDriedNight_topCenter.png
  artifactKey: Guid(b567cfb8afb8d8f48a7eb148e8040b86) Importer(815301076,1909f56bfc062723c751e8b465ee728b)
Start importing Assets/ObjetosGerais/grassDriedNight_topCenter.png using Guid(b567cfb8afb8d8f48a7eb148e8040b86) Importer(815301076,1909f56bfc062723c751e8b465ee728b) (PreviewImporter) -> (artifact id: 'f519096a89aa4c30e6deca366b11c22a') in 0.0199103 seconds
Number of updated asset objects reloaded before import = 0Number of asset objects unloaded after import = 2

========================================================================
Received Import Request.
  Time since last request: 0.000016 seconds.
  path: Assets/ObjetosGerais/coin8.png
  artifactKey: Guid(b4b54068be03b5a408b0deebce768562) Importer(815301076,1909f56bfc062723c751e8b465ee728b)
Start importing Assets/ObjetosGerais/coin8.png using Guid(b4b54068be03b5a408b0deebce768562) Importer(815301076,1909f56bfc062723c751e8b465ee728b) (PreviewImporter) -> (artifact id: '2935dd5d02b69b831af1148e42367f50') in 0.0182932 seconds
Number of updated asset objects reloaded before import = 0Number of asset objects unloaded after import = 2

========================================================================
Received Import Request.
  Time since last request: 0.000032 seconds.
  path: Assets/ObjetosGerais/grassNight_bottomLeft.png
  artifactKey: Guid(7f33af5f1f370f641adf9cb566e9347f) Importer(815301076,1909f56bfc062723c751e8b465ee728b)
Start importing Assets/ObjetosGerais/grassNight_bottomLeft.png using Guid(7f33af5f1f370f641adf9cb566e9347f) Importer(815301076,1909f56bfc062723c751e8b465ee728b) (PreviewImporter) -> (artifact id: '1d48800a2ab953dca23189d76f81569c') in 0.0161227 seconds
Number of updated asset objects reloaded before import = 0Number of asset objects unloaded after import = 2

========================================================================
Received Import Request.
  Time since last request: 0.000018 seconds.
  path: Assets/ObjetosGerais/bluePotion.png
  artifactKey: Guid(b9203692016092447a143e4ad3fb6b85) Importer(815301076,1909f56bfc062723c751e8b465ee728b)
Start importing Assets/ObjetosGerais/bluePotion.png using Guid(b9203692016092447a143e4ad3fb6b85) Importer(815301076,1909f56bfc062723c751e8b465ee728b) (PreviewImporter) -> (artifact id: '864661dd4f95cce95f069db6465c628e') in 0.014255 seconds
Number of updated asset objects reloaded before import = 0Number of asset objects unloaded after import = 2

========================================================================
Received Import Request.
  Time since last request: 0.000023 seconds.
  path: Assets/ObjetosGerais/grass_3.png
  artifactKey: Guid(0e4164ed51bfd7b448765409ae2e028a) Importer(815301076,1909f56bfc062723c751e8b465ee728b)
Start importing Assets/ObjetosGerais/grass_3.png using Guid(0e4164ed51bfd7b448765409ae2e028a) Importer(815301076,1909f56bfc062723c751e8b465ee728b) (PreviewImporter) -> (artifact id: '21191238d7f84a4690375d5ccc21c13a') in 0.0163433 seconds
Number of updated asset objects reloaded before import = 0Number of asset objects unloaded after import = 2

========================================================================
Received Import Request.
  Time since last request: 0.000029 seconds.
  path: Assets/ObjetosGerais/coin_gold.png
  artifactKey: Guid(66651412023e9154d8ddfd307ad88d18) Importer(815301076,1909f56bfc062723c751e8b465ee728b)
Start importing Assets/ObjetosGerais/coin_gold.png using Guid(66651412023e9154d8ddfd307ad88d18) Importer(815301076,1909f56bfc062723c751e8b465ee728b) (PreviewImporter) -> (artifact id: 'f1300a5484e0c71dda36bbbd85645a66') in 0.0115003 seconds
Number of updated asset objects reloaded before import = 0Number of asset objects unloaded after import = 2

========================================================================
Received Import Request.
  Time since last request: 0.000039 seconds.
  path: Assets/ObjetosGerais/caveBackground.png
  artifactKey: Guid(a6abc00d351afb241ab3875ecabb36ee) Importer(815301076,1909f56bfc062723c751e8b465ee728b)
Start importing Assets/ObjetosGerais/caveBackground.png using Guid(a6abc00d351afb241ab3875ecabb36ee) Importer(815301076,1909f56bfc062723c751e8b465ee728b) (PreviewImporter) -> (artifact id: 'e1cab557e07659c06a8bcb12fbd28cc5') in 0.0208945 seconds
Number of updated asset objects reloaded before import = 0Number of asset objects unloaded after import = 2

========================================================================
Received Import Request.
  Time since last request: 0.000017 seconds.
  path: Assets/ObjetosGerais/bush.png
  artifactKey: Guid(d716f78623add854391898b1c506f2a1) Importer(815301076,1909f56bfc062723c751e8b465ee728b)
Start importing Assets/ObjetosGerais/bush.png using Guid(d716f78623add854391898b1c506f2a1) Importer(815301076,1909f56bfc062723c751e8b465ee728b) (PreviewImporter) -> (artifact id: '58c14c23aaaf78a10db59aa4bab3e859') in 0.0146187 seconds
Number of updated asset objects reloaded before import = 0Number of asset objects unloaded after import = 2

========================================================================
Received Import Request.
  Time since last request: 0.000026 seconds.
  path: Assets/ObjetosGerais/CP_V1.0.4.png
  artifactKey: Guid(d249ef5157f798343999357865f27264) Importer(815301076,1909f56bfc062723c751e8b465ee728b)
Start importing Assets/ObjetosGerais/CP_V1.0.4.png using Guid(d249ef5157f798343999357865f27264) Importer(815301076,1909f56bfc062723c751e8b465ee728b) (PreviewImporter) -> (artifact id: 'b83c551ff7511f075feec077e705d7a2') in 0.0167905 seconds
Number of updated asset objects reloaded before import = 0Number of asset objects unloaded after import = 2

========================================================================
Received Import Request.
  Time since last request: 0.000017 seconds.
  path: Assets/ObjetosGerais/grass_dried_bottomLeft.png
  artifactKey: Guid(1d9b864d7b58c044fbc99d38dfbab75c) Importer(815301076,1909f56bfc062723c751e8b465ee728b)
Start importing Assets/ObjetosGerais/grass_dried_bottomLeft.png using Guid(1d9b864d7b58c044fbc99d38dfbab75c) Importer(815301076,1909f56bfc062723c751e8b465ee728b) (PreviewImporter) -> (artifact id: '957a2af247944c5d42b25813b44bb255') in 0.0086168 seconds
Number of updated asset objects reloaded before import = 0Number of asset objects unloaded after import = 2

========================================================================
Received Import Request.
  Time since last request: 0.000018 seconds.
  path: Assets/ObjetosGerais/block_4.png
  artifactKey: Guid(90f277ed94b991847ab1e5d434e75db8) Importer(815301076,1909f56bfc062723c751e8b465ee728b)
Start importing Assets/ObjetosGerais/block_4.png using Guid(90f277ed94b991847ab1e5d434e75db8) Importer(815301076,1909f56bfc062723c751e8b465ee728b) (PreviewImporter) -> (artifact id: '184285f7529aebf55dc2602831cceb79') in 0.0080229 seconds
Number of updated asset objects reloaded before import = 0Number of asset objects unloaded after import = 2

========================================================================
Received Import Request.
  Time since last request: 0.000017 seconds.
  path: Assets/ObjetosGerais/centerGround.png
  artifactKey: Guid(cf0963cce2de5bd4cb883afe1b1350ca) Importer(815301076,1909f56bfc062723c751e8b465ee728b)
Start importing Assets/ObjetosGerais/centerGround.png using Guid(cf0963cce2de5bd4cb883afe1b1350ca) Importer(815301076,1909f56bfc062723c751e8b465ee728b) (PreviewImporter) -> (artifact id: '4003bc0af87b8e19b7aebecf4afe8e67') in 0.00831 seconds
Number of updated asset objects reloaded before import = 0Number of asset objects unloaded after import = 2

========================================================================
Received Import Request.
  Time since last request: 0.000021 seconds.
  path: Assets/ObjetosGerais/goldenBrownBlock2.png
  artifactKey: Guid(42f29bd3eb0f355469237af758189a9d) Importer(815301076,1909f56bfc062723c751e8b465ee728b)
Start importing Assets/ObjetosGerais/goldenBrownBlock2.png using Guid(42f29bd3eb0f355469237af758189a9d) Importer(815301076,1909f56bfc062723c751e8b465ee728b) (PreviewImporter) -> (artifact id: 'a2662dbb70bc4111597392042bf585db') in 0.0078462 seconds
Number of updated asset objects reloaded before import = 0Number of asset objects unloaded after import = 2

========================================================================
Received Import Request.
  Time since last request: 0.000019 seconds.
  path: Assets/ObjetosGerais/bottomLeftCorner.png
  artifactKey: Guid(7324b20e80ed69c4caec03ae58795fa6) Importer(815301076,1909f56bfc062723c751e8b465ee728b)
Start importing Assets/ObjetosGerais/bottomLeftCorner.png using Guid(7324b20e80ed69c4caec03ae58795fa6) Importer(815301076,1909f56bfc062723c751e8b465ee728b) (PreviewImporter) -> (artifact id: '149581cf31756fef77a00da271e97e19') in 0.0073138 seconds
Number of updated asset objects reloaded before import = 0Number of asset objects unloaded after import = 2

Editor requested this worker to shutdown with reason: Scaling down because of idle timeout
AssetImportWorker is now disconnected from the server
Process exiting
Exiting without the bug reporter. Application will terminate with return code 0