Using pre-set license
Built from '6000.0/staging' branch; Version is '6000.0.24f1 (11fa355cd605) revision 1178165'; Using compiler version '193933523'; Build Type 'Release'
OS: 'Windows 10  (10.0.19045) 64bit Enterprise' Language: 'pt' Physical Memory: 32473 MB
BatchMode: 1, IsHumanControllingUs: 0, StartBugReporterOnCrash: 0, Is64bit: 1, IsPro: 1

COMMAND LINE ARGUMENTS:
C:\Program Files\Unity\Hub\Editor\6000.0.24f1\Editor\Unity.exe
-adb2
-batchMode
-noUpm
-name
AssetImportWorker7
-projectPath
C:/Users/erick.osouza1/Desktop/Taças e Bebidas
-logFile
Logs/AssetImportWorker7.log
-srvPort
62482
-job-worker-count
9
-background-job-worker-count
8
-asset-garbage-collectors
1
Successfully changed project path to: C:/Users/erick.osouza1/Desktop/Taças e Bebidas
C:/Users/erick.osouza1/Desktop/Taças e Bebidas
[UnityMemory] Configuration Parameters - Can be set up in boot.config
    "memorysetup-bucket-allocator-granularity=16"
    "memorysetup-bucket-allocator-bucket-count=8"
    "memorysetup-bucket-allocator-block-size=33554432"
    "memorysetup-bucket-allocator-block-count=8"
    "memorysetup-main-allocator-block-size=16777216"
    "memorysetup-thread-allocator-block-size=16777216"
    "memorysetup-gfx-main-allocator-block-size=16777216"
    "memorysetup-gfx-thread-allocator-block-size=16777216"
    "memorysetup-cache-allocator-block-size=4194304"
    "memorysetup-typetree-allocator-block-size=2097152"
    "memorysetup-profiler-bucket-allocator-granularity=16"
    "memorysetup-profiler-bucket-allocator-bucket-count=8"
    "memorysetup-profiler-bucket-allocator-block-size=33554432"
    "memorysetup-profiler-bucket-allocator-block-count=8"
    "memorysetup-profiler-allocator-block-size=16777216"
    "memorysetup-profiler-editor-allocator-block-size=1048576"
    "memorysetup-temp-allocator-size-main=16777216"
    "memorysetup-job-temp-allocator-block-size=2097152"
    "memorysetup-job-temp-allocator-block-size-background=1048576"
    "memorysetup-job-temp-allocator-reduction-small-platforms=262144"
    "memorysetup-allocator-temp-initial-block-size-main=262144"
    "memorysetup-allocator-temp-initial-block-size-worker=262144"
    "memorysetup-temp-allocator-size-background-worker=32768"
    "memorysetup-temp-allocator-size-job-worker=262144"
    "memorysetup-temp-allocator-size-preload-manager=33554432"
    "memorysetup-temp-allocator-size-nav-mesh-worker=65536"
    "memorysetup-temp-allocator-size-audio-worker=65536"
    "memorysetup-temp-allocator-size-cloud-worker=32768"
    "memorysetup-temp-allocator-size-gi-baking-worker=262144"
    "memorysetup-temp-allocator-size-gi-baking-worker=262144"
    "memorysetup-temp-allocator-size-gi-baking-worker=262144"
    "memorysetup-temp-allocator-size-gi-baking-worker=262144"
    "memorysetup-temp-allocator-size-gi-baking-worker=262144"
    "memorysetup-temp-allocator-size-gfx=262144"
Player connection [18484]  Target information:

Player connection [18484]  * "[IP] 10.59.46.51 [Port] 0 [Flags] 2 [Guid] 3868934734 [EditorId] 3868934734 [Version] 1048832 [Id] WindowsEditor(7,SAN0674387W10-1) [Debug] 1 [PackageName] WindowsEditor [ProjectName] Editor" 

Player connection [18484]  * "[IP] 192.168.56.1 [Port] 0 [Flags] 2 [Guid] 3868934734 [EditorId] 3868934734 [Version] 1048832 [Id] WindowsEditor(7,SAN0674387W10-1) [Debug] 1 [PackageName] WindowsEditor [ProjectName] Editor" 

Player connection [18484]  * "[IP] 172.21.112.1 [Port] 0 [Flags] 2 [Guid] 3868934734 [EditorId] 3868934734 [Version] 1048832 [Id] WindowsEditor(7,SAN0674387W10-1) [Debug] 1 [PackageName] WindowsEditor [ProjectName] Editor" 

Player connection [18484] Host joined multi-casting on [225.0.0.222:54997]...
Player connection [18484] Host joined alternative multi-casting on [225.0.0.222:34997]...
JobSystem: Creating JobQueue using job-worker-count value 9
[Physics::Module] Initialized fallback backend.
[Physics::Module] Id: 0xdecafbad
Library Redirect Path: Library/
[Physics::Module] Selected backend.
[Physics::Module] Name: PhysX
[Physics::Module] Id: 0xf2b8ea05
[Physics::Module] SDK Version: 4.1.2
[Physics::Module] Integration Version: 1.0.0
[Physics::Module] Threading Mode: Multi-Threaded
Refreshing native plugins compatible for Editor in 6.57 ms, found 3 plugins.
Preloading 0 native plugins for Editor in 0.00 ms.
Initialize engine version: 6000.0.24f1 (11fa355cd605)
[Subsystems] Discovering subsystems at path C:/Program Files/Unity/Hub/Editor/6000.0.24f1/Editor/Data/Resources/UnitySubsystems
[Subsystems] Discovering subsystems at path C:/Users/erick.osouza1/Desktop/Taças e Bebidas/Assets
GfxDevice: creating device client; kGfxThreadingModeNonThreaded
Direct3D:
    Version:  Direct3D 11.0 [level 11.1]
    Renderer: NVIDIA RTX A2000 12GB (ID=0x2571)
    Vendor:   NVIDIA
    VRAM:     12110 MB
    Driver:   31.0.15.5274
Initialize mono
Mono path[0] = 'C:/Program Files/Unity/Hub/Editor/6000.0.24f1/Editor/Data/Managed'
Mono path[1] = 'C:/Program Files/Unity/Hub/Editor/6000.0.24f1/Editor/Data/MonoBleedingEdge/lib/mono/unityjit-win32'
Mono config path = 'C:/Program Files/Unity/Hub/Editor/6000.0.24f1/Editor/Data/MonoBleedingEdge/etc'
Using monoOptions --debugger-agent=transport=dt_socket,embedding=1,server=y,suspend=n,address=127.0.0.1:56724
Begin MonoManager ReloadAssembly
Registering precompiled unity dll's ...
Register platform support module: C:/Program Files/Unity/Hub/Editor/6000.0.24f1/Editor/Data/PlaybackEngines/WebGLSupport/UnityEditor.WebGL.Extensions.dll
Register platform support module: C:/Program Files/Unity/Hub/Editor/6000.0.24f1/Editor/Data/PlaybackEngines/WindowsStandaloneSupport/UnityEditor.WindowsStandalone.Extensions.dll
Register platform support module: C:/Program Files/Unity/Hub/Editor/6000.0.24f1/Editor/Data/PlaybackEngines/MetroSupport/UnityEditor.UWP.Extensions.dll
Register platform support module: C:/Program Files/Unity/Hub/Editor/6000.0.24f1/Editor/Data/PlaybackEngines/AndroidPlayer/UnityEditor.Android.Extensions.dll
Registered in 0.019348 seconds.
- Loaded All Assemblies, in  0.745 seconds
Native extension for Android target not found
Android Extension - Scanning For ADB Devices 596 ms
Native extension for UWP target not found
Native extension for WindowsStandalone target not found
Native extension for WebGL target not found
Mono: successfully reloaded assembly
- Finished resetting the current domain, in  0.948 seconds
Domain Reload Profiling: 1688ms
	BeginReloadAssembly (375ms)
		ExecutionOrderSort (0ms)
		DisableScriptedObjects (0ms)
		BackupInstance (0ms)
		ReleaseScriptingObjects (0ms)
		CreateAndSetChildDomain (1ms)
	RebuildCommonClasses (45ms)
	RebuildNativeTypeToScriptingClass (9ms)
	initialDomainReloadingComplete (66ms)
	LoadAllAssembliesAndSetupDomain (246ms)
		LoadAssemblies (383ms)
		RebuildTransferFunctionScriptingTraits (0ms)
		AnalyzeDomain (232ms)
			TypeCache.Refresh (230ms)
				TypeCache.ScanAssembly (212ms)
			BuildScriptInfoCaches (0ms)
			ResolveRequiredComponents (1ms)
	FinalizeReload (948ms)
		ReleaseScriptCaches (0ms)
		RebuildScriptCaches (0ms)
		SetupLoadedEditorAssemblies (913ms)
			LogAssemblyErrors (0ms)
			InitializePlatformSupportModulesInManaged (684ms)
			SetLoadedEditorAssemblies (3ms)
			BeforeProcessingInitializeOnLoad (6ms)
			ProcessInitializeOnLoadAttributes (149ms)
			ProcessInitializeOnLoadMethodAttributes (69ms)
			AfterProcessingInitializeOnLoad (3ms)
			EditorAssembliesLoaded (0ms)
		ExecutionOrderSort2 (0ms)
		AwakeInstancesAfterBackupRestoration (0ms)
========================================================================
Worker process is ready to serve import requests
Import Worker Mode flag is 0x00
Begin MonoManager ReloadAssembly
- Loaded All Assemblies, in  1.298 seconds
Refreshing native plugins compatible for Editor in 3.11 ms, found 3 plugins.
Native extension for Android target not found
Native extension for UWP target not found
Native extension for WindowsStandalone target not found
Native extension for WebGL target not found
Mono: successfully reloaded assembly
- Finished resetting the current domain, in  0.532 seconds
Domain Reload Profiling: 1826ms
	BeginReloadAssembly (745ms)
		ExecutionOrderSort (0ms)
		DisableScriptedObjects (5ms)
		BackupInstance (0ms)
		ReleaseScriptingObjects (0ms)
		CreateAndSetChildDomain (31ms)
	RebuildCommonClasses (36ms)
	RebuildNativeTypeToScriptingClass (9ms)
	initialDomainReloadingComplete (37ms)
	LoadAllAssembliesAndSetupDomain (467ms)
		LoadAssemblies (559ms)
		RebuildTransferFunctionScriptingTraits (0ms)
		AnalyzeDomain (184ms)
			TypeCache.Refresh (146ms)
				TypeCache.ScanAssembly (130ms)
			BuildScriptInfoCaches (32ms)
			ResolveRequiredComponents (3ms)
	FinalizeReload (533ms)
		ReleaseScriptCaches (0ms)
		RebuildScriptCaches (0ms)
		SetupLoadedEditorAssemblies (362ms)
			LogAssemblyErrors (0ms)
			InitializePlatformSupportModulesInManaged (13ms)
			SetLoadedEditorAssemblies (4ms)
			BeforeProcessingInitializeOnLoad (33ms)
			ProcessInitializeOnLoadAttributes (287ms)
			ProcessInitializeOnLoadMethodAttributes (18ms)
			AfterProcessingInitializeOnLoad (8ms)
			EditorAssembliesLoaded (0ms)
		ExecutionOrderSort2 (0ms)
		AwakeInstancesAfterBackupRestoration (6ms)
Launched and connected shader compiler UnityShaderCompiler.exe after 0.03 seconds
Refreshing native plugins compatible for Editor in 3.53 ms, found 3 plugins.
Preloading 0 native plugins for Editor in 0.00 ms.
Unloading 9 Unused Serialized files (Serialized files now loaded: 0)
Unloading 3688 unused Assets / (1.3 MB). Loaded Objects now: 4278.
Memory consumption went from 111.4 MB to 110.1 MB.
Total: 4.819100 ms (FindLiveObjects: 0.284700 ms CreateObjectMapping: 0.215000 ms MarkObjects: 3.464500 ms  DeleteObjects: 0.853700 ms)

========================================================================
Received Import Request.
  Time since last request: 1835833.244957 seconds.
  path: Assets/Multimidia/ObjetosGerais/grassNight_topRight.png
  artifactKey: Guid(aedadb19d4ee9b44b952194ae0563c94) Importer(815301076,1909f56bfc062723c751e8b465ee728b)
Start importing Assets/Multimidia/ObjetosGerais/grassNight_topRight.png using Guid(aedadb19d4ee9b44b952194ae0563c94) Importer(815301076,1909f56bfc062723c751e8b465ee728b) (PreviewImporter) -> (artifact id: '52f470974c422ec78b2853d6f56bcc6c') in 0.0605999 seconds
Number of updated asset objects reloaded before import = 0Number of asset objects unloaded after import = 2

========================================================================
Received Import Request.
  Time since last request: 0.000019 seconds.
  path: Assets/Multimidia/ObjetosGerais/Monsters.png
  artifactKey: Guid(10ec7c77207855d488a584b7be1b66ed) Importer(815301076,1909f56bfc062723c751e8b465ee728b)
Start importing Assets/Multimidia/ObjetosGerais/Monsters.png using Guid(10ec7c77207855d488a584b7be1b66ed) Importer(815301076,1909f56bfc062723c751e8b465ee728b) (PreviewImporter) -> (artifact id: '407564d3b0b7fd8f161a696e3b6d11ec') in 0.0111423 seconds
Number of updated asset objects reloaded before import = 0Number of asset objects unloaded after import = 2

========================================================================
Received Import Request.
  Time since last request: 0.000023 seconds.
  path: Assets/Multimidia/ObjetosGerais/heart.png
  artifactKey: Guid(8b4a957be4b763349af8278160c4ff41) Importer(815301076,1909f56bfc062723c751e8b465ee728b)
Start importing Assets/Multimidia/ObjetosGerais/heart.png using Guid(8b4a957be4b763349af8278160c4ff41) Importer(815301076,1909f56bfc062723c751e8b465ee728b) (PreviewImporter) -> (artifact id: 'cab0a2384be1f6983def2938d18bfb7c') in 0.0125916 seconds
Number of updated asset objects reloaded before import = 0Number of asset objects unloaded after import = 2

========================================================================
Received Import Request.
  Time since last request: 0.000022 seconds.
  path: Assets/Multimidia/ObjetosGerais/rightCorner.png
  artifactKey: Guid(e3d7cf33bc9b27d429b30ff38b77973e) Importer(815301076,1909f56bfc062723c751e8b465ee728b)
Start importing Assets/Multimidia/ObjetosGerais/rightCorner.png using Guid(e3d7cf33bc9b27d429b30ff38b77973e) Importer(815301076,1909f56bfc062723c751e8b465ee728b) (PreviewImporter) -> (artifact id: '413c7b59b726c860a71935ab0dc4c83c') in 0.0146622 seconds
Number of updated asset objects reloaded before import = 0Number of asset objects unloaded after import = 2

========================================================================
Received Import Request.
  Time since last request: 0.000021 seconds.
  path: Assets/Multimidia/ObjetosGerais/rocks_group_night.png
  artifactKey: Guid(f2c880ad658f22f41a1df0e791d53937) Importer(815301076,1909f56bfc062723c751e8b465ee728b)
Start importing Assets/Multimidia/ObjetosGerais/rocks_group_night.png using Guid(f2c880ad658f22f41a1df0e791d53937) Importer(815301076,1909f56bfc062723c751e8b465ee728b) (PreviewImporter) -> (artifact id: '01cffbb18d5fba5af0cba7be7fbe8e75') in 0.0172738 seconds
Number of updated asset objects reloaded before import = 0Number of asset objects unloaded after import = 2

========================================================================
Received Import Request.
  Time since last request: 0.000026 seconds.
  path: Assets/Multimidia/ObjetosGerais/Icons.png
  artifactKey: Guid(6ded7297e410c6c4382c01739a017935) Importer(815301076,1909f56bfc062723c751e8b465ee728b)
Start importing Assets/Multimidia/ObjetosGerais/Icons.png using Guid(6ded7297e410c6c4382c01739a017935) Importer(815301076,1909f56bfc062723c751e8b465ee728b) (PreviewImporter) -> (artifact id: '3b001dd183f9d4364b1eed94e58a1170') in 0.0230441 seconds
Number of updated asset objects reloaded before import = 0Number of asset objects unloaded after import = 2

========================================================================
Received Import Request.
  Time since last request: 0.000024 seconds.
  path: Assets/Multimidia/ObjetosGerais/potion_empty.png
  artifactKey: Guid(45ca2b9ff324d65469413c16f96011bb) Importer(815301076,1909f56bfc062723c751e8b465ee728b)
Start importing Assets/Multimidia/ObjetosGerais/potion_empty.png using Guid(45ca2b9ff324d65469413c16f96011bb) Importer(815301076,1909f56bfc062723c751e8b465ee728b) (PreviewImporter) -> (artifact id: 'afac7e8221abb9ec7eacac18f8d1ee6e') in 0.0168824 seconds
Number of updated asset objects reloaded before import = 0Number of asset objects unloaded after import = 2

========================================================================
Received Import Request.
  Time since last request: 0.000019 seconds.
  path: Assets/Multimidia/ObjetosGerais/grassNight_withFlowers_centerCenter.png
  artifactKey: Guid(1aa53dd7e30d8e44da2c95bf6af35ba6) Importer(815301076,1909f56bfc062723c751e8b465ee728b)
Start importing Assets/Multimidia/ObjetosGerais/grassNight_withFlowers_centerCenter.png using Guid(1aa53dd7e30d8e44da2c95bf6af35ba6) Importer(815301076,1909f56bfc062723c751e8b465ee728b) (PreviewImporter) -> (artifact id: '5b2bc8a9de1158419b51789fc5b3b207') in 0.0121855 seconds
Number of updated asset objects reloaded before import = 0Number of asset objects unloaded after import = 2

========================================================================
Received Import Request.
  Time since last request: 0.172147 seconds.
  path: Assets/Multimidia/ObjetosGerais/RpgItems2.png
  artifactKey: Guid(c520f1e7282803f40b4d7e8f32e705d5) Importer(815301076,1909f56bfc062723c751e8b465ee728b)
Start importing Assets/Multimidia/ObjetosGerais/RpgItems2.png using Guid(c520f1e7282803f40b4d7e8f32e705d5) Importer(815301076,1909f56bfc062723c751e8b465ee728b) (PreviewImporter) -> (artifact id: '82d7d7a006df0f3ad432f3e9f4db36b1') in 0.0105843 seconds
Number of updated asset objects reloaded before import = 0Number of asset objects unloaded after import = 2

========================================================================
Received Import Request.
  Time since last request: 0.000021 seconds.
  path: Assets/Multimidia/ObjetosGerais/sign_poster.png
  artifactKey: Guid(9afab3809f8c2fb44be7473164a52fd6) Importer(815301076,1909f56bfc062723c751e8b465ee728b)
Start importing Assets/Multimidia/ObjetosGerais/sign_poster.png using Guid(9afab3809f8c2fb44be7473164a52fd6) Importer(815301076,1909f56bfc062723c751e8b465ee728b) (PreviewImporter) -> (artifact id: 'b6d427a505d627c405fd0812fbc3f8f4') in 0.0098992 seconds
Number of updated asset objects reloaded before import = 0Number of asset objects unloaded after import = 2

========================================================================
Received Import Request.
  Time since last request: 0.000020 seconds.
  path: Assets/Multimidia/ObjetosGerais/stoneHouse_inside_bottomCenter.png
  artifactKey: Guid(8c646070efb6dda4da136e82b2ed95eb) Importer(815301076,1909f56bfc062723c751e8b465ee728b)
Start importing Assets/Multimidia/ObjetosGerais/stoneHouse_inside_bottomCenter.png using Guid(8c646070efb6dda4da136e82b2ed95eb) Importer(815301076,1909f56bfc062723c751e8b465ee728b) (PreviewImporter) -> (artifact id: '38385ea3ee3b1188c09386f1c6c89f89') in 0.010282 seconds
Number of updated asset objects reloaded before import = 0Number of asset objects unloaded after import = 2

========================================================================
Received Import Request.
  Time since last request: 0.000017 seconds.
  path: Assets/Multimidia/ObjetosGerais/tree.png
  artifactKey: Guid(6df04092b772f4841bfda553a506b681) Importer(815301076,1909f56bfc062723c751e8b465ee728b)
Start importing Assets/Multimidia/ObjetosGerais/tree.png using Guid(6df04092b772f4841bfda553a506b681) Importer(815301076,1909f56bfc062723c751e8b465ee728b) (PreviewImporter) -> (artifact id: '37404959b96b09d2316aa6e9d6f0dff8') in 0.0089681 seconds
Number of updated asset objects reloaded before import = 0Number of asset objects unloaded after import = 2

========================================================================
Received Import Request.
  Time since last request: 0.000020 seconds.
  path: Assets/Multimidia/ObjetosGerais/stoneHouse_inside_topLeftCorner.png
  artifactKey: Guid(1c4c2af72592500408e9bb0f20110dd4) Importer(815301076,1909f56bfc062723c751e8b465ee728b)
Start importing Assets/Multimidia/ObjetosGerais/stoneHouse_inside_topLeftCorner.png using Guid(1c4c2af72592500408e9bb0f20110dd4) Importer(815301076,1909f56bfc062723c751e8b465ee728b) (PreviewImporter) -> (artifact id: '39f5f154b0d5a76ac73859ad917a50c7') in 0.0092034 seconds
Number of updated asset objects reloaded before import = 0Number of asset objects unloaded after import = 2

========================================================================
Received Import Request.
  Time since last request: 0.000028 seconds.
  path: Assets/Multimidia/ObjetosGerais/SL001.png
  artifactKey: Guid(8bf6cfd2b0d58f141ae10b5309606f63) Importer(815301076,1909f56bfc062723c751e8b465ee728b)
Start importing Assets/Multimidia/ObjetosGerais/SL001.png using Guid(8bf6cfd2b0d58f141ae10b5309606f63) Importer(815301076,1909f56bfc062723c751e8b465ee728b) (PreviewImporter) -> (artifact id: '9ec6dfff797351ac5fcefd7070dda994') in 0.010582 seconds
Number of updated asset objects reloaded before import = 0Number of asset objects unloaded after import = 2

========================================================================
Received Import Request.
  Time since last request: 0.000018 seconds.
  path: Assets/Multimidia/ObjetosGerais/stoneHouse_inside_topDoor.png
  artifactKey: Guid(5099c69f030156e439e2f0392b847f45) Importer(815301076,1909f56bfc062723c751e8b465ee728b)
Start importing Assets/Multimidia/ObjetosGerais/stoneHouse_inside_topDoor.png using Guid(5099c69f030156e439e2f0392b847f45) Importer(815301076,1909f56bfc062723c751e8b465ee728b) (PreviewImporter) -> (artifact id: '897e2e8dc16872b2e1d8b5a652ad6150') in 0.0087926 seconds
Number of updated asset objects reloaded before import = 0Number of asset objects unloaded after import = 2

========================================================================
Received Import Request.
  Time since last request: 0.000023 seconds.
  path: Assets/Multimidia/ObjetosGerais/woodHouse_inside_leftCenter.png
  artifactKey: Guid(e4fae4556e49e644097217ad9bc5396c) Importer(815301076,1909f56bfc062723c751e8b465ee728b)
Start importing Assets/Multimidia/ObjetosGerais/woodHouse_inside_leftCenter.png using Guid(e4fae4556e49e644097217ad9bc5396c) Importer(815301076,1909f56bfc062723c751e8b465ee728b) (PreviewImporter) -> (artifact id: '0fd6cc43551daaefe159cdec8335dc00') in 0.0105699 seconds
Number of updated asset objects reloaded before import = 0Number of asset objects unloaded after import = 2

========================================================================
Received Import Request.
  Time since last request: 0.000021 seconds.
  path: Assets/Multimidia/ObjetosGerais/woodHouse_inside_bottomLeftCorner.png
  artifactKey: Guid(3209c8498e0195a42904ca2907afc282) Importer(815301076,1909f56bfc062723c751e8b465ee728b)
Start importing Assets/Multimidia/ObjetosGerais/woodHouse_inside_bottomLeftCorner.png using Guid(3209c8498e0195a42904ca2907afc282) Importer(815301076,1909f56bfc062723c751e8b465ee728b) (PreviewImporter) -> (artifact id: '63949b2c39a90897fb31c0420a00c0f1') in 0.0091035 seconds
Number of updated asset objects reloaded before import = 0Number of asset objects unloaded after import = 2

========================================================================
Received Import Request.
  Time since last request: 0.000017 seconds.
  path: Assets/Multimidia/ObjetosGerais/woodPlanks_night.png
  artifactKey: Guid(f41de06a2a051c648b9f573a86a77143) Importer(815301076,1909f56bfc062723c751e8b465ee728b)
Start importing Assets/Multimidia/ObjetosGerais/woodPlanks_night.png using Guid(f41de06a2a051c648b9f573a86a77143) Importer(815301076,1909f56bfc062723c751e8b465ee728b) (PreviewImporter) -> (artifact id: 'cf94a7141edf8a94dcde3e434cd6f1df') in 0.0083417 seconds
Number of updated asset objects reloaded before import = 0Number of asset objects unloaded after import = 2

Editor requested this worker to shutdown with reason: Scaling down because of idle timeout
AssetImportWorker is now disconnected from the server
Process exiting
Exiting without the bug reporter. Application will terminate with return code 0