Using pre-set license
Built from '6000.0/staging' branch; Version is '6000.0.24f1 (11fa355cd605) revision 1178165'; Using compiler version '193933523'; Build Type 'Release'
OS: 'Windows 10  (10.0.19045) 64bit Enterprise' Language: 'pt' Physical Memory: 32473 MB
BatchMode: 1, IsHumanControllingUs: 0, StartBugReporterOnCrash: 0, Is64bit: 1, IsPro: 1

COMMAND LINE ARGUMENTS:
C:\Program Files\Unity\Hub\Editor\6000.0.24f1\Editor\Unity.exe
-adb2
-batchMode
-noUpm
-name
AssetImportWorker8
-projectPath
C:/Users/erick.osouza1/Desktop/Taças e Bebidas
-logFile
Logs/AssetImportWorker8.log
-srvPort
62482
-job-worker-count
9
-background-job-worker-count
8
-asset-garbage-collectors
1
Successfully changed project path to: C:/Users/erick.osouza1/Desktop/Taças e Bebidas
C:/Users/erick.osouza1/Desktop/Taças e Bebidas
[UnityMemory] Configuration Parameters - Can be set up in boot.config
    "memorysetup-bucket-allocator-granularity=16"
    "memorysetup-bucket-allocator-bucket-count=8"
    "memorysetup-bucket-allocator-block-size=33554432"
    "memorysetup-bucket-allocator-block-count=8"
    "memorysetup-main-allocator-block-size=16777216"
    "memorysetup-thread-allocator-block-size=16777216"
    "memorysetup-gfx-main-allocator-block-size=16777216"
    "memorysetup-gfx-thread-allocator-block-size=16777216"
    "memorysetup-cache-allocator-block-size=4194304"
    "memorysetup-typetree-allocator-block-size=2097152"
    "memorysetup-profiler-bucket-allocator-granularity=16"
    "memorysetup-profiler-bucket-allocator-bucket-count=8"
    "memorysetup-profiler-bucket-allocator-block-size=33554432"
    "memorysetup-profiler-bucket-allocator-block-count=8"
    "memorysetup-profiler-allocator-block-size=16777216"
    "memorysetup-profiler-editor-allocator-block-size=1048576"
    "memorysetup-temp-allocator-size-main=16777216"
    "memorysetup-job-temp-allocator-block-size=2097152"
    "memorysetup-job-temp-allocator-block-size-background=1048576"
    "memorysetup-job-temp-allocator-reduction-small-platforms=262144"
    "memorysetup-allocator-temp-initial-block-size-main=262144"
    "memorysetup-allocator-temp-initial-block-size-worker=262144"
    "memorysetup-temp-allocator-size-background-worker=32768"
    "memorysetup-temp-allocator-size-job-worker=262144"
    "memorysetup-temp-allocator-size-preload-manager=33554432"
    "memorysetup-temp-allocator-size-nav-mesh-worker=65536"
    "memorysetup-temp-allocator-size-audio-worker=65536"
    "memorysetup-temp-allocator-size-cloud-worker=32768"
    "memorysetup-temp-allocator-size-gi-baking-worker=262144"
    "memorysetup-temp-allocator-size-gi-baking-worker=262144"
    "memorysetup-temp-allocator-size-gi-baking-worker=262144"
    "memorysetup-temp-allocator-size-gi-baking-worker=262144"
    "memorysetup-temp-allocator-size-gi-baking-worker=262144"
    "memorysetup-temp-allocator-size-gfx=262144"
Player connection [34284]  Target information:

Player connection [34284]  * "[IP] 10.59.46.51 [Port] 0 [Flags] 2 [Guid] 3922919978 [EditorId] 3922919978 [Version] 1048832 [Id] WindowsEditor(7,SAN0674387W10-1) [Debug] 1 [PackageName] WindowsEditor [ProjectName] Editor" 

Player connection [34284]  * "[IP] 192.168.56.1 [Port] 0 [Flags] 2 [Guid] 3922919978 [EditorId] 3922919978 [Version] 1048832 [Id] WindowsEditor(7,SAN0674387W10-1) [Debug] 1 [PackageName] WindowsEditor [ProjectName] Editor" 

Player connection [34284]  * "[IP] 172.21.112.1 [Port] 0 [Flags] 2 [Guid] 3922919978 [EditorId] 3922919978 [Version] 1048832 [Id] WindowsEditor(7,SAN0674387W10-1) [Debug] 1 [PackageName] WindowsEditor [ProjectName] Editor" 

Player connection [34284] Host joined multi-casting on [225.0.0.222:54997]...
Player connection [34284] Host joined alternative multi-casting on [225.0.0.222:34997]...
JobSystem: Creating JobQueue using job-worker-count value 9
[Physics::Module] Initialized fallback backend.
[Physics::Module] Id: 0xdecafbad
Library Redirect Path: Library/
[Physics::Module] Selected backend.
[Physics::Module] Name: PhysX
[Physics::Module] Id: 0xf2b8ea05
[Physics::Module] SDK Version: 4.1.2
[Physics::Module] Integration Version: 1.0.0
[Physics::Module] Threading Mode: Multi-Threaded
Refreshing native plugins compatible for Editor in 5.27 ms, found 3 plugins.
Preloading 0 native plugins for Editor in 0.00 ms.
Initialize engine version: 6000.0.24f1 (11fa355cd605)
[Subsystems] Discovering subsystems at path C:/Program Files/Unity/Hub/Editor/6000.0.24f1/Editor/Data/Resources/UnitySubsystems
[Subsystems] Discovering subsystems at path C:/Users/erick.osouza1/Desktop/Taças e Bebidas/Assets
GfxDevice: creating device client; kGfxThreadingModeNonThreaded
Direct3D:
    Version:  Direct3D 11.0 [level 11.1]
    Renderer: NVIDIA RTX A2000 12GB (ID=0x2571)
    Vendor:   NVIDIA
    VRAM:     12110 MB
    Driver:   31.0.15.5274
Initialize mono
Mono path[0] = 'C:/Program Files/Unity/Hub/Editor/6000.0.24f1/Editor/Data/Managed'
Mono path[1] = 'C:/Program Files/Unity/Hub/Editor/6000.0.24f1/Editor/Data/MonoBleedingEdge/lib/mono/unityjit-win32'
Mono config path = 'C:/Program Files/Unity/Hub/Editor/6000.0.24f1/Editor/Data/MonoBleedingEdge/etc'
Using monoOptions --debugger-agent=transport=dt_socket,embedding=1,server=y,suspend=n,address=127.0.0.1:56256
Begin MonoManager ReloadAssembly
Registering precompiled unity dll's ...
Register platform support module: C:/Program Files/Unity/Hub/Editor/6000.0.24f1/Editor/Data/PlaybackEngines/WebGLSupport/UnityEditor.WebGL.Extensions.dll
Register platform support module: C:/Program Files/Unity/Hub/Editor/6000.0.24f1/Editor/Data/PlaybackEngines/WindowsStandaloneSupport/UnityEditor.WindowsStandalone.Extensions.dll
Register platform support module: C:/Program Files/Unity/Hub/Editor/6000.0.24f1/Editor/Data/PlaybackEngines/MetroSupport/UnityEditor.UWP.Extensions.dll
Register platform support module: C:/Program Files/Unity/Hub/Editor/6000.0.24f1/Editor/Data/PlaybackEngines/AndroidPlayer/UnityEditor.Android.Extensions.dll
Registered in 0.011700 seconds.
- Loaded All Assemblies, in  0.560 seconds
Native extension for Android target not found
Android Extension - Scanning For ADB Devices 458 ms
Native extension for UWP target not found
Native extension for WindowsStandalone target not found
Native extension for WebGL target not found
Mono: successfully reloaded assembly
- Finished resetting the current domain, in  0.728 seconds
Domain Reload Profiling: 1286ms
	BeginReloadAssembly (264ms)
		ExecutionOrderSort (0ms)
		DisableScriptedObjects (0ms)
		BackupInstance (0ms)
		ReleaseScriptingObjects (0ms)
		CreateAndSetChildDomain (1ms)
	RebuildCommonClasses (35ms)
	RebuildNativeTypeToScriptingClass (8ms)
	initialDomainReloadingComplete (49ms)
	LoadAllAssembliesAndSetupDomain (201ms)
		LoadAssemblies (269ms)
		RebuildTransferFunctionScriptingTraits (0ms)
		AnalyzeDomain (191ms)
			TypeCache.Refresh (190ms)
				TypeCache.ScanAssembly (175ms)
			BuildScriptInfoCaches (0ms)
			ResolveRequiredComponents (0ms)
	FinalizeReload (728ms)
		ReleaseScriptCaches (0ms)
		RebuildScriptCaches (0ms)
		SetupLoadedEditorAssemblies (698ms)
			LogAssemblyErrors (0ms)
			InitializePlatformSupportModulesInManaged (534ms)
			SetLoadedEditorAssemblies (3ms)
			BeforeProcessingInitializeOnLoad (5ms)
			ProcessInitializeOnLoadAttributes (105ms)
			ProcessInitializeOnLoadMethodAttributes (49ms)
			AfterProcessingInitializeOnLoad (2ms)
			EditorAssembliesLoaded (0ms)
		ExecutionOrderSort2 (0ms)
		AwakeInstancesAfterBackupRestoration (0ms)
========================================================================
Worker process is ready to serve import requests
Import Worker Mode flag is 0x00
Begin MonoManager ReloadAssembly
- Loaded All Assemblies, in  1.188 seconds
Refreshing native plugins compatible for Editor in 3.14 ms, found 3 plugins.
Native extension for Android target not found
Native extension for UWP target not found
Native extension for WindowsStandalone target not found
Native extension for WebGL target not found
Mono: successfully reloaded assembly
- Finished resetting the current domain, in  0.507 seconds
Domain Reload Profiling: 1691ms
	BeginReloadAssembly (670ms)
		ExecutionOrderSort (0ms)
		DisableScriptedObjects (6ms)
		BackupInstance (0ms)
		ReleaseScriptingObjects (0ms)
		CreateAndSetChildDomain (24ms)
	RebuildCommonClasses (35ms)
	RebuildNativeTypeToScriptingClass (9ms)
	initialDomainReloadingComplete (36ms)
	LoadAllAssembliesAndSetupDomain (435ms)
		LoadAssemblies (493ms)
		RebuildTransferFunctionScriptingTraits (0ms)
		AnalyzeDomain (182ms)
			TypeCache.Refresh (145ms)
				TypeCache.ScanAssembly (128ms)
			BuildScriptInfoCaches (31ms)
			ResolveRequiredComponents (4ms)
	FinalizeReload (507ms)
		ReleaseScriptCaches (0ms)
		RebuildScriptCaches (0ms)
		SetupLoadedEditorAssemblies (347ms)
			LogAssemblyErrors (0ms)
			InitializePlatformSupportModulesInManaged (14ms)
			SetLoadedEditorAssemblies (3ms)
			BeforeProcessingInitializeOnLoad (30ms)
			ProcessInitializeOnLoadAttributes (277ms)
			ProcessInitializeOnLoadMethodAttributes (17ms)
			AfterProcessingInitializeOnLoad (7ms)
			EditorAssembliesLoaded (0ms)
		ExecutionOrderSort2 (0ms)
		AwakeInstancesAfterBackupRestoration (6ms)
Launched and connected shader compiler UnityShaderCompiler.exe after 0.03 seconds
Refreshing native plugins compatible for Editor in 3.36 ms, found 3 plugins.
Preloading 0 native plugins for Editor in 0.00 ms.
Unloading 9 Unused Serialized files (Serialized files now loaded: 0)
Unloading 3688 unused Assets / (1.2 MB). Loaded Objects now: 4278.
Memory consumption went from 111.5 MB to 110.2 MB.
Total: 4.723500 ms (FindLiveObjects: 0.277900 ms CreateObjectMapping: 0.211200 ms MarkObjects: 3.452800 ms  DeleteObjects: 0.780600 ms)

========================================================================
Received Import Request.
  Time since last request: 1837412.224406 seconds.
  path: Assets/Multimidia/Tacinhas/01Espumante.png
  artifactKey: Guid(8884c46f1595a6f4e9929117d35ea22e) Importer(815301076,1909f56bfc062723c751e8b465ee728b)
Start importing Assets/Multimidia/Tacinhas/01Espumante.png using Guid(8884c46f1595a6f4e9929117d35ea22e) Importer(815301076,1909f56bfc062723c751e8b465ee728b) (PreviewImporter) -> (artifact id: '1bb3935ccbe31dc9be43a4e111be8320') in 0.0533088 seconds
Number of updated asset objects reloaded before import = 0Number of asset objects unloaded after import = 2

========================================================================
Received Import Request.
  Time since last request: 95.956134 seconds.
  path: Assets/Multimidia/ObjetosGerais/TileObjectsOfficeFurniture_0.png
  artifactKey: Guid(00a156850765ca64b9892ba382b28fc2) Importer(815301076,1909f56bfc062723c751e8b465ee728b)
Start importing Assets/Multimidia/ObjetosGerais/TileObjectsOfficeFurniture_0.png using Guid(00a156850765ca64b9892ba382b28fc2) Importer(815301076,1909f56bfc062723c751e8b465ee728b) (PreviewImporter) -> (artifact id: '80e836735362d2b5bef6e79389497180') in 0.0299626 seconds
Number of updated asset objects reloaded before import = 0Number of asset objects unloaded after import = 3

========================================================================
Received Import Request.
  Time since last request: 158.818036 seconds.
  path: Assets/Multimidia
  artifactKey: Guid(3c47ed6ca5e9ade4087fccb74345c8ef) Importer(815301076,1909f56bfc062723c751e8b465ee728b)
Start importing Assets/Multimidia using Guid(3c47ed6ca5e9ade4087fccb74345c8ef) Importer(815301076,1909f56bfc062723c751e8b465ee728b) (PreviewImporter) -> (artifact id: 'd529de0381b273e429625bb37a4f0db7') in 0.0005791 seconds
Number of updated asset objects reloaded before import = 0Number of asset objects unloaded after import = 0

========================================================================
Received Import Request.
  Time since last request: 3.853685 seconds.
  path: Assets/Multimidia/ObjetosGerais
  artifactKey: Guid(6b33306652ac49841831337a15ef8387) Importer(815301076,1909f56bfc062723c751e8b465ee728b)
Start importing Assets/Multimidia/ObjetosGerais using Guid(6b33306652ac49841831337a15ef8387) Importer(815301076,1909f56bfc062723c751e8b465ee728b) (PreviewImporter) -> (artifact id: '10b450e295058ea05f21be34575a5667') in 0.0004167 seconds
Number of updated asset objects reloaded before import = 0Number of asset objects unloaded after import = 0

========================================================================
Received Import Request.
  Time since last request: 105.874937 seconds.
  path: Assets/Multimidia/ObjetosGerais/blueBlock2.png
  artifactKey: Guid(bdf72841d4aa9e6489961f33f80f3da2) Importer(815301076,1909f56bfc062723c751e8b465ee728b)
Start importing Assets/Multimidia/ObjetosGerais/blueBlock2.png using Guid(bdf72841d4aa9e6489961f33f80f3da2) Importer(815301076,1909f56bfc062723c751e8b465ee728b) (PreviewImporter) -> (artifact id: 'fac5ff637a6c7268c85ccce05ccf85f6') in 0.012722 seconds
Number of updated asset objects reloaded before import = 0Number of asset objects unloaded after import = 3

========================================================================
Received Import Request.
  Time since last request: 108.234615 seconds.
  path: Assets/Multimidia/ObjetosGerais/blueBlock2.png
  artifactKey: Guid(bdf72841d4aa9e6489961f33f80f3da2) Importer(815301076,1909f56bfc062723c751e8b465ee728b)
Start importing Assets/Multimidia/ObjetosGerais/blueBlock2.png using Guid(bdf72841d4aa9e6489961f33f80f3da2) Importer(815301076,1909f56bfc062723c751e8b465ee728b) (PreviewImporter) -> (artifact id: '1fabf2f3c9162c84fe4a2f547fd8203c') in 0.0107312 seconds
Number of updated asset objects reloaded before import = 0Number of asset objects unloaded after import = 3

========================================================================
Received Import Request.
  Time since last request: 31.762286 seconds.
  path: Assets/Multimidia/ObjetosGerais/TileObjectsOfficeFurniture_0.png
  artifactKey: Guid(00a156850765ca64b9892ba382b28fc2) Importer(815301076,1909f56bfc062723c751e8b465ee728b)
Start importing Assets/Multimidia/ObjetosGerais/TileObjectsOfficeFurniture_0.png using Guid(00a156850765ca64b9892ba382b28fc2) Importer(815301076,1909f56bfc062723c751e8b465ee728b) (PreviewImporter) -> (artifact id: 'a481d449075f5383c5abf5a9278b0992') in 0.0099574 seconds
Number of updated asset objects reloaded before import = 0Number of asset objects unloaded after import = 2

========================================================================
Received Import Request.
  Time since last request: 176.239385 seconds.
  path: Assets/Multimidia/ObjetosGerais/blueBlock2.png
  artifactKey: Guid(bdf72841d4aa9e6489961f33f80f3da2) Importer(815301076,1909f56bfc062723c751e8b465ee728b)
Start importing Assets/Multimidia/ObjetosGerais/blueBlock2.png using Guid(bdf72841d4aa9e6489961f33f80f3da2) Importer(815301076,1909f56bfc062723c751e8b465ee728b) (PreviewImporter) -> (artifact id: '4c4da0c69f25e9612c06cfd51f56124f') in 0.0120465 seconds
Number of updated asset objects reloaded before import = 0Number of asset objects unloaded after import = 3

========================================================================
Received Import Request.
  Time since last request: 110.882671 seconds.
  path: Assets/Multimidia/ObjetosGerais/blueBlock2.png
  artifactKey: Guid(bdf72841d4aa9e6489961f33f80f3da2) Importer(815301076,1909f56bfc062723c751e8b465ee728b)
Start importing Assets/Multimidia/ObjetosGerais/blueBlock2.png using Guid(bdf72841d4aa9e6489961f33f80f3da2) Importer(815301076,1909f56bfc062723c751e8b465ee728b) (PreviewImporter) -> (artifact id: 'c38442a2a4b090eabe68d71ee13d39a9') in 0.0094997 seconds
Number of updated asset objects reloaded before import = 0Number of asset objects unloaded after import = 3

========================================================================
Received Import Request.
  Time since last request: 137.488765 seconds.
  path: Assets/Multimidia/Scenes/CenaFase1.unity
  artifactKey: Guid(06b1aa19049ea024a9878a6ca9efa4fa) Importer(2089858483,192608db42251d675da83286b1cce702)
Start importing Assets/Multimidia/Scenes/CenaFase1.unity using Guid(06b1aa19049ea024a9878a6ca9efa4fa) Importer(2089858483,192608db42251d675da83286b1cce702) (ScriptedImporter) -> (artifact id: '5a6d70cadcc9619ace13b7ee02ed6479') in 0.0655807 seconds
Number of updated asset objects reloaded before import = 0Number of asset objects unloaded after import = 1

========================================================================
Received Prepare
Begin MonoManager ReloadAssembly
- Loaded All Assemblies, in  0.975 seconds
Refreshing native plugins compatible for Editor in 7.08 ms, found 3 plugins.
Native extension for Android target not found
Native extension for UWP target not found
Native extension for WindowsStandalone target not found
Native extension for WebGL target not found
Mono: successfully reloaded assembly
- Finished resetting the current domain, in  0.476 seconds
Domain Reload Profiling: 1448ms
	BeginReloadAssembly (267ms)
		ExecutionOrderSort (0ms)
		DisableScriptedObjects (4ms)
		BackupInstance (0ms)
		ReleaseScriptingObjects (0ms)
		CreateAndSetChildDomain (38ms)
	RebuildCommonClasses (33ms)
	RebuildNativeTypeToScriptingClass (9ms)
	initialDomainReloadingComplete (26ms)
	LoadAllAssembliesAndSetupDomain (637ms)
		LoadAssemblies (694ms)
		RebuildTransferFunctionScriptingTraits (0ms)
		AnalyzeDomain (133ms)
			TypeCache.Refresh (10ms)
				TypeCache.ScanAssembly (2ms)
			BuildScriptInfoCaches (116ms)
			ResolveRequiredComponents (3ms)
	FinalizeReload (476ms)
		ReleaseScriptCaches (0ms)
		RebuildScriptCaches (0ms)
		SetupLoadedEditorAssemblies (317ms)
			LogAssemblyErrors (0ms)
			InitializePlatformSupportModulesInManaged (12ms)
			SetLoadedEditorAssemblies (3ms)
			BeforeProcessingInitializeOnLoad (33ms)
			ProcessInitializeOnLoadAttributes (245ms)
			ProcessInitializeOnLoadMethodAttributes (16ms)
			AfterProcessingInitializeOnLoad (8ms)
			EditorAssembliesLoaded (0ms)
		ExecutionOrderSort2 (0ms)
		AwakeInstancesAfterBackupRestoration (5ms)
Refreshing native plugins compatible for Editor in 2.48 ms, found 3 plugins.
Preloading 0 native plugins for Editor in 0.00 ms.
Unloading 1 Unused Serialized files (Serialized files now loaded: 0)
Unloading 3725 unused Assets / (1.0 MB). Loaded Objects now: 4329.
Memory consumption went from 111.9 MB to 110.9 MB.
Total: 4.510800 ms (FindLiveObjects: 0.283100 ms CreateObjectMapping: 0.233200 ms MarkObjects: 3.274500 ms  DeleteObjects: 0.719300 ms)

Prepare: number of updated asset objects reloaded= 0
========================================================================
Received Import Request.
  Time since last request: 260.971628 seconds.
  path: Assets/Multimidia/ObjetosGerais/TileObjectsOfficeFurniture_0.png
  artifactKey: Guid(00a156850765ca64b9892ba382b28fc2) Importer(815301076,1909f56bfc062723c751e8b465ee728b)
Start importing Assets/Multimidia/ObjetosGerais/TileObjectsOfficeFurniture_0.png using Guid(00a156850765ca64b9892ba382b28fc2) Importer(815301076,1909f56bfc062723c751e8b465ee728b) (PreviewImporter) -> (artifact id: 'a22d6e262171ba1b1da36a8582ccdca6') in 0.0495191 seconds
Number of updated asset objects reloaded before import = 0Number of asset objects unloaded after import = 2

========================================================================
Received Import Request.
  Time since last request: 41.044592 seconds.
  path: Assets/Multimidia/ObjetosGerais/TileObjectsOfficeFurniture_0.png
  artifactKey: Guid(00a156850765ca64b9892ba382b28fc2) Importer(815301076,1909f56bfc062723c751e8b465ee728b)
Start importing Assets/Multimidia/ObjetosGerais/TileObjectsOfficeFurniture_0.png using Guid(00a156850765ca64b9892ba382b28fc2) Importer(815301076,1909f56bfc062723c751e8b465ee728b) (PreviewImporter) -> (artifact id: 'd079d62099485d04799533fb67650ff1') in 0.2311356 seconds
Number of updated asset objects reloaded before import = 0Number of asset objects unloaded after import = 134

========================================================================
Received Import Request.
  Time since last request: 2161.496487 seconds.
  path: Assets/Multimidia/ObjetosGerais/tree.png
  artifactKey: Guid(6df04092b772f4841bfda553a506b681) Importer(815301076,1909f56bfc062723c751e8b465ee728b)
Start importing Assets/Multimidia/ObjetosGerais/tree.png using Guid(6df04092b772f4841bfda553a506b681) Importer(815301076,1909f56bfc062723c751e8b465ee728b) (PreviewImporter) -> (artifact id: '253bbdcca8efaac61e3d465bd11c49d1') in 0.0121463 seconds
Number of updated asset objects reloaded before import = 0Number of asset objects unloaded after import = 3

========================================================================
Received Import Request.
  Time since last request: 326.555855 seconds.
  path: Packages/com.unity.2d.sprite/Editor/ObjectMenuCreation/DefaultAssets/Textures/v2/IsometricDiamond.png
  artifactKey: Guid(19fb86013d8c24d6cb8410c0aadf30fa) Importer(815301076,1909f56bfc062723c751e8b465ee728b)
Start importing Packages/com.unity.2d.sprite/Editor/ObjectMenuCreation/DefaultAssets/Textures/v2/IsometricDiamond.png using Guid(19fb86013d8c24d6cb8410c0aadf30fa) Importer(815301076,1909f56bfc062723c751e8b465ee728b) (PreviewImporter) -> (artifact id: '46a2780b7ab197ce6ee450310f53c554') in 0.01266 seconds
Number of updated asset objects reloaded before import = 0Number of asset objects unloaded after import = 3

========================================================================
Received Import Request.
  Time since last request: 0.045980 seconds.
  path: Packages/com.unity.2d.sprite/Editor/ObjectMenuCreation/DefaultAssets/Textures/v2/Square.png
  artifactKey: Guid(311925a002f4447b3a28927169b83ea6) Importer(815301076,1909f56bfc062723c751e8b465ee728b)
Start importing Packages/com.unity.2d.sprite/Editor/ObjectMenuCreation/DefaultAssets/Textures/v2/Square.png using Guid(311925a002f4447b3a28927169b83ea6) Importer(815301076,1909f56bfc062723c751e8b465ee728b) (PreviewImporter) -> (artifact id: '51a308d3f8ad94a594696503f5c7f3ed') in 0.0154638 seconds
Number of updated asset objects reloaded before import = 0Number of asset objects unloaded after import = 3

========================================================================
Received Import Request.
  Time since last request: 0.000017 seconds.
  path: Packages/com.unity.2d.sprite/Editor/ObjectMenuCreation/DefaultAssets/Textures/SquareWithBorder.png
  artifactKey: Guid(db750325989564987a34393247d883b4) Importer(815301076,1909f56bfc062723c751e8b465ee728b)
Start importing Packages/com.unity.2d.sprite/Editor/ObjectMenuCreation/DefaultAssets/Textures/SquareWithBorder.png using Guid(db750325989564987a34393247d883b4) Importer(815301076,1909f56bfc062723c751e8b465ee728b) (PreviewImporter) -> (artifact id: '4ff6b1d04df4d887e74cd84ecba56691') in 0.0134408 seconds
Number of updated asset objects reloaded before import = 0Number of asset objects unloaded after import = 3

========================================================================
Received Import Request.
  Time since last request: 0.000023 seconds.
  path: Packages/com.unity.2d.sprite/Editor/ObjectMenuCreation/DefaultAssets/Textures/IsometricDiamond.png
  artifactKey: Guid(045b15ec09bba42448d89db77fa6f20a) Importer(815301076,1909f56bfc062723c751e8b465ee728b)
Start importing Packages/com.unity.2d.sprite/Editor/ObjectMenuCreation/DefaultAssets/Textures/IsometricDiamond.png using Guid(045b15ec09bba42448d89db77fa6f20a) Importer(815301076,1909f56bfc062723c751e8b465ee728b) (PreviewImporter) -> (artifact id: '1f920f3dd39007aa678f75a1b5e2352c') in 0.0142841 seconds
Number of updated asset objects reloaded before import = 0Number of asset objects unloaded after import = 3

========================================================================
Received Import Request.
  Time since last request: 4.310983 seconds.
  path: Packages/com.unity.2d.sprite/Editor/ObjectMenuCreation/DefaultAssets/Textures/v2/Triangle.png
  artifactKey: Guid(75f5f34dc1b5347e0b8351032682f224) Importer(815301076,1909f56bfc062723c751e8b465ee728b)
Start importing Packages/com.unity.2d.sprite/Editor/ObjectMenuCreation/DefaultAssets/Textures/v2/Triangle.png using Guid(75f5f34dc1b5347e0b8351032682f224) Importer(815301076,1909f56bfc062723c751e8b465ee728b) (PreviewImporter) -> (artifact id: '96b9792a74e4fde16681d6894ebecfa5') in 0.0100524 seconds
Number of updated asset objects reloaded before import = 0Number of asset objects unloaded after import = 3

========================================================================
Received Import Request.
  Time since last request: 5.438185 seconds.
  path: Packages/com.unity.collab-proxy/Editor/Assets/Images/iconshelve.png
  artifactKey: Guid(b1b37c2733b68854ba004ff712ef849f) Importer(815301076,1909f56bfc062723c751e8b465ee728b)
Start importing Packages/com.unity.collab-proxy/Editor/Assets/Images/iconshelve.png using Guid(b1b37c2733b68854ba004ff712ef849f) Importer(815301076,1909f56bfc062723c751e8b465ee728b) (PreviewImporter) -> (artifact id: '88d761db317cec58e474c0190251483f') in 0.0114501 seconds
Number of updated asset objects reloaded before import = 0Number of asset objects unloaded after import = 3

========================================================================
Received Import Request.
  Time since last request: 0.180479 seconds.
  path: Packages/com.unity.collab-proxy/Editor/Assets/Images/iconlock@2x.png
  artifactKey: Guid(ba96945b6a1b743579931a87e98041fe) Importer(815301076,1909f56bfc062723c751e8b465ee728b)
Start importing Packages/com.unity.collab-proxy/Editor/Assets/Images/iconlock@2x.png using Guid(ba96945b6a1b743579931a87e98041fe) Importer(815301076,1909f56bfc062723c751e8b465ee728b) (PreviewImporter) -> (artifact id: '7c9af2908e362b79d67d85d647dcad0e') in 0.0112844 seconds
Number of updated asset objects reloaded before import = 0Number of asset objects unloaded after import = 3

========================================================================
Received Import Request.
  Time since last request: 0.043517 seconds.
  path: Packages/com.unity.collab-proxy/Editor/Assets/Images/iconinviteusers@2x.png
  artifactKey: Guid(b43651fb085b38445ade3f9de3ab0636) Importer(815301076,1909f56bfc062723c751e8b465ee728b)
Start importing Packages/com.unity.collab-proxy/Editor/Assets/Images/iconinviteusers@2x.png using Guid(b43651fb085b38445ade3f9de3ab0636) Importer(815301076,1909f56bfc062723c751e8b465ee728b) (PreviewImporter) -> (artifact id: '14e2bab143135a8a846840264f23bb99') in 0.0105768 seconds
Number of updated asset objects reloaded before import = 0Number of asset objects unloaded after import = 3

========================================================================
Received Import Request.
  Time since last request: 0.412729 seconds.
  path: Packages/com.unity.collab-proxy/Editor/Assets/Images/iconinfobellnotification@2x.png
  artifactKey: Guid(830164d71b9d60c40b606822b957d10b) Importer(815301076,1909f56bfc062723c751e8b465ee728b)
Start importing Packages/com.unity.collab-proxy/Editor/Assets/Images/iconinfobellnotification@2x.png using Guid(830164d71b9d60c40b606822b957d10b) Importer(815301076,1909f56bfc062723c751e8b465ee728b) (PreviewImporter) -> (artifact id: '591a2face809e75fb2f6045bc5fbbe37') in 0.0108717 seconds
Number of updated asset objects reloaded before import = 0Number of asset objects unloaded after import = 3

========================================================================
Received Import Request.
  Time since last request: 0.029179 seconds.
  path: Packages/com.unity.collab-proxy/Editor/Assets/Images/iconbrex@2x.png
  artifactKey: Guid(ab97695f01bc84c4b93e8440531417e7) Importer(815301076,1909f56bfc062723c751e8b465ee728b)
Start importing Packages/com.unity.collab-proxy/Editor/Assets/Images/iconbrex@2x.png using Guid(ab97695f01bc84c4b93e8440531417e7) Importer(815301076,1909f56bfc062723c751e8b465ee728b) (PreviewImporter) -> (artifact id: '3a5c2ffd6a8e894d0c683aab94a9d5a0') in 0.0113514 seconds
Number of updated asset objects reloaded before import = 0Number of asset objects unloaded after import = 3

========================================================================
Received Import Request.
  Time since last request: 0.123910 seconds.
  path: Packages/com.unity.collab-proxy/Editor/Assets/Images/iconbranch@2x.png
  artifactKey: Guid(425970578f3342a43b40545d1ac8a25d) Importer(815301076,1909f56bfc062723c751e8b465ee728b)
Start importing Packages/com.unity.collab-proxy/Editor/Assets/Images/iconbranch@2x.png using Guid(425970578f3342a43b40545d1ac8a25d) Importer(815301076,1909f56bfc062723c751e8b465ee728b) (PreviewImporter) -> (artifact id: '712a17a3bd58dabe0d892e4445e9e4c2') in 0.0101513 seconds
Number of updated asset objects reloaded before import = 0Number of asset objects unloaded after import = 3

========================================================================
Received Import Request.
  Time since last request: 0.076637 seconds.
  path: Packages/com.unity.2d.sprite/Editor/ObjectMenuCreation/DefaultAssets/Textures/HexagonPointTopWithBorder.png
  artifactKey: Guid(4b2a04fdbe0ef4d8da8f90eaca817cd1) Importer(815301076,1909f56bfc062723c751e8b465ee728b)
Start importing Packages/com.unity.2d.sprite/Editor/ObjectMenuCreation/DefaultAssets/Textures/HexagonPointTopWithBorder.png using Guid(4b2a04fdbe0ef4d8da8f90eaca817cd1) Importer(815301076,1909f56bfc062723c751e8b465ee728b) (PreviewImporter) -> (artifact id: '3f87454838da4e6195e26bd6f6d2e12a') in 0.0115067 seconds
Number of updated asset objects reloaded before import = 0Number of asset objects unloaded after import = 3

========================================================================
Received Import Request.
  Time since last request: 0.331851 seconds.
  path: Packages/com.unity.2d.sprite/Editor/ObjectMenuCreation/DefaultAssets/Textures/v2/HexagonPointTop.png
  artifactKey: Guid(5aa8b770bc43046bc8d993d0d5b7f4a5) Importer(815301076,1909f56bfc062723c751e8b465ee728b)
Start importing Packages/com.unity.2d.sprite/Editor/ObjectMenuCreation/DefaultAssets/Textures/v2/HexagonPointTop.png using Guid(5aa8b770bc43046bc8d993d0d5b7f4a5) Importer(815301076,1909f56bfc062723c751e8b465ee728b) (PreviewImporter) -> (artifact id: '0d7a02966bb1cee6de6493a899da43b7') in 0.0184341 seconds
Number of updated asset objects reloaded before import = 0Number of asset objects unloaded after import = 3

========================================================================
Received Import Request.
  Time since last request: 0.018532 seconds.
  path: Packages/com.unity.2d.sprite/Editor/ObjectMenuCreation/DefaultAssets/Textures/v2/HexagonFlatTop.png
  artifactKey: Guid(b670ab75dde984907b8570040daa08c5) Importer(815301076,1909f56bfc062723c751e8b465ee728b)
Start importing Packages/com.unity.2d.sprite/Editor/ObjectMenuCreation/DefaultAssets/Textures/v2/HexagonFlatTop.png using Guid(b670ab75dde984907b8570040daa08c5) Importer(815301076,1909f56bfc062723c751e8b465ee728b) (PreviewImporter) -> (artifact id: '1f75b9c8eb913bd69e16be8f814e5767') in 0.0177743 seconds
Number of updated asset objects reloaded before import = 0Number of asset objects unloaded after import = 3

========================================================================
Received Import Request.
  Time since last request: 0.030940 seconds.
  path: Packages/com.unity.2d.sprite/Editor/ObjectMenuCreation/DefaultAssets/Textures/HexagonFlatTopWithBorder.png
  artifactKey: Guid(a9716c16a44a94eed9b5c90fbf4d9bdd) Importer(815301076,1909f56bfc062723c751e8b465ee728b)
Start importing Packages/com.unity.2d.sprite/Editor/ObjectMenuCreation/DefaultAssets/Textures/HexagonFlatTopWithBorder.png using Guid(a9716c16a44a94eed9b5c90fbf4d9bdd) Importer(815301076,1909f56bfc062723c751e8b465ee728b) (PreviewImporter) -> (artifact id: '41a41cb0aa27d2b7a132194cc743c7db') in 0.0121738 seconds
Number of updated asset objects reloaded before import = 0Number of asset objects unloaded after import = 3

========================================================================
Received Import Request.
  Time since last request: 0.221252 seconds.
  path: Packages/com.unity.collab-proxy/Editor/Assets/Images/d_iconshelve.png
  artifactKey: Guid(292bae633fda01e41b8847fad37495c2) Importer(815301076,1909f56bfc062723c751e8b465ee728b)
Start importing Packages/com.unity.collab-proxy/Editor/Assets/Images/d_iconshelve.png using Guid(292bae633fda01e41b8847fad37495c2) Importer(815301076,1909f56bfc062723c751e8b465ee728b) (PreviewImporter) -> (artifact id: '98c38dd521699788ac47d1788966c99d') in 0.0109275 seconds
Number of updated asset objects reloaded before import = 0Number of asset objects unloaded after import = 3

========================================================================
Received Import Request.
  Time since last request: 0.044780 seconds.
  path: Packages/com.unity.collab-proxy/Editor/Assets/Images/d_iconlock@2x.png
  artifactKey: Guid(55747841a2e3b47dab36dc8d5e0dc4df) Importer(815301076,1909f56bfc062723c751e8b465ee728b)
Start importing Packages/com.unity.collab-proxy/Editor/Assets/Images/d_iconlock@2x.png using Guid(55747841a2e3b47dab36dc8d5e0dc4df) Importer(815301076,1909f56bfc062723c751e8b465ee728b) (PreviewImporter) -> (artifact id: '10634adfe3c9c78f3c6d39663b9cc74e') in 0.0109507 seconds
Number of updated asset objects reloaded before import = 0Number of asset objects unloaded after import = 3

========================================================================
Received Import Request.
  Time since last request: 0.027633 seconds.
  path: Packages/com.unity.collab-proxy/Editor/Assets/Images/d_iconinviteusers@2x.png
  artifactKey: Guid(2b9bf8ec5d54fe249ac9e20979ccd42c) Importer(815301076,1909f56bfc062723c751e8b465ee728b)
Start importing Packages/com.unity.collab-proxy/Editor/Assets/Images/d_iconinviteusers@2x.png using Guid(2b9bf8ec5d54fe249ac9e20979ccd42c) Importer(815301076,1909f56bfc062723c751e8b465ee728b) (PreviewImporter) -> (artifact id: '09812f2d73f6d14b1dc2e8d041117a1d') in 0.0107801 seconds
Number of updated asset objects reloaded before import = 0Number of asset objects unloaded after import = 3

========================================================================
Received Import Request.
  Time since last request: 0.037216 seconds.
  path: Packages/com.unity.collab-proxy/Editor/Assets/Images/d_iconinfobellnotification@2x.png
  artifactKey: Guid(3cf8ae89579fd29479f4269d09600e16) Importer(815301076,1909f56bfc062723c751e8b465ee728b)
Start importing Packages/com.unity.collab-proxy/Editor/Assets/Images/d_iconinfobellnotification@2x.png using Guid(3cf8ae89579fd29479f4269d09600e16) Importer(815301076,1909f56bfc062723c751e8b465ee728b) (PreviewImporter) -> (artifact id: '09a75644756a162798e6056efcaae5aa') in 0.010319 seconds
Number of updated asset objects reloaded before import = 0Number of asset objects unloaded after import = 3

========================================================================
Received Import Request.
  Time since last request: 0.158605 seconds.
  path: Packages/com.unity.collab-proxy/Editor/Assets/Images/d_iconbrex@2x.png
  artifactKey: Guid(9b76c79563c3a274aa48b0dbdf009693) Importer(815301076,1909f56bfc062723c751e8b465ee728b)
Start importing Packages/com.unity.collab-proxy/Editor/Assets/Images/d_iconbrex@2x.png using Guid(9b76c79563c3a274aa48b0dbdf009693) Importer(815301076,1909f56bfc062723c751e8b465ee728b) (PreviewImporter) -> (artifact id: 'd997fa6daf35eddeda06736ea74e2af5') in 0.0092857 seconds
Number of updated asset objects reloaded before import = 0Number of asset objects unloaded after import = 3

========================================================================
Received Import Request.
  Time since last request: 0.197168 seconds.
  path: Packages/com.unity.collab-proxy/Editor/Assets/Images/d_iconbranch@2x.png
  artifactKey: Guid(267a89f787a621e4290fbff7a5442750) Importer(815301076,1909f56bfc062723c751e8b465ee728b)
Start importing Packages/com.unity.collab-proxy/Editor/Assets/Images/d_iconbranch@2x.png using Guid(267a89f787a621e4290fbff7a5442750) Importer(815301076,1909f56bfc062723c751e8b465ee728b) (PreviewImporter) -> (artifact id: 'f6edfef557a304e8ccfb56fdd89fd850') in 0.0129898 seconds
Number of updated asset objects reloaded before import = 0Number of asset objects unloaded after import = 3

========================================================================
Received Import Request.
  Time since last request: 0.002935 seconds.
  path: Packages/com.unity.collab-proxy/Editor/Assets/Images/d_iconbranch.png
  artifactKey: Guid(c1516142c0a669b42aecce30a3459017) Importer(815301076,1909f56bfc062723c751e8b465ee728b)
Start importing Packages/com.unity.collab-proxy/Editor/Assets/Images/d_iconbranch.png using Guid(c1516142c0a669b42aecce30a3459017) Importer(815301076,1909f56bfc062723c751e8b465ee728b) (PreviewImporter) -> (artifact id: '6dc724b6a2e1eff520e013419afc06f2') in 0.0163614 seconds
Number of updated asset objects reloaded before import = 0Number of asset objects unloaded after import = 3

========================================================================
Received Import Request.
  Time since last request: 0.001332 seconds.
  path: Packages/com.unity.2d.sprite/Editor/ObjectMenuCreation/DefaultAssets/Textures/v2/Circle.png
  artifactKey: Guid(a86470a33a6bf42c4b3595704624658b) Importer(815301076,1909f56bfc062723c751e8b465ee728b)
Start importing Packages/com.unity.2d.sprite/Editor/ObjectMenuCreation/DefaultAssets/Textures/v2/Circle.png using Guid(a86470a33a6bf42c4b3595704624658b) Importer(815301076,1909f56bfc062723c751e8b465ee728b) (PreviewImporter) -> (artifact id: '9522a68a22e2060daab7ed6e18086dfe') in 0.0147336 seconds
Number of updated asset objects reloaded before import = 0Number of asset objects unloaded after import = 3

========================================================================
Received Import Request.
  Time since last request: 0.016044 seconds.
  path: Packages/com.unity.2d.sprite/Editor/ObjectMenuCreation/DefaultAssets/Textures/v2/Capsule.png
  artifactKey: Guid(207ee8102dd4143d288186ef0be518ee) Importer(815301076,1909f56bfc062723c751e8b465ee728b)
Start importing Packages/com.unity.2d.sprite/Editor/ObjectMenuCreation/DefaultAssets/Textures/v2/Capsule.png using Guid(207ee8102dd4143d288186ef0be518ee) Importer(815301076,1909f56bfc062723c751e8b465ee728b) (PreviewImporter) -> (artifact id: '90b0aa18c350f7f288fb3b1f24329c2f') in 0.0126666 seconds
Number of updated asset objects reloaded before import = 0Number of asset objects unloaded after import = 3

========================================================================
Received Import Request.
  Time since last request: 0.000088 seconds.
  path: Packages/com.unity.2d.sprite/Editor/ObjectMenuCreation/DefaultAssets/Textures/CapsuleWithBorder.png
  artifactKey: Guid(34587324d412940a79d530020c957dc0) Importer(815301076,1909f56bfc062723c751e8b465ee728b)
Start importing Packages/com.unity.2d.sprite/Editor/ObjectMenuCreation/DefaultAssets/Textures/CapsuleWithBorder.png using Guid(34587324d412940a79d530020c957dc0) Importer(815301076,1909f56bfc062723c751e8b465ee728b) (PreviewImporter) -> (artifact id: 'b77f10b40c9957f25eac540cd3d15111') in 0.0109005 seconds
Number of updated asset objects reloaded before import = 0Number of asset objects unloaded after import = 3

========================================================================
Received Import Request.
  Time since last request: 0.309336 seconds.
  path: Packages/com.unity.collab-proxy/Editor/Assets/Images/buttonssosigninunity@2x.png
  artifactKey: Guid(ee8ce5cd9c0883f4182b5cfd43cfd7fe) Importer(815301076,1909f56bfc062723c751e8b465ee728b)
Start importing Packages/com.unity.collab-proxy/Editor/Assets/Images/buttonssosigninunity@2x.png using Guid(ee8ce5cd9c0883f4182b5cfd43cfd7fe) Importer(815301076,1909f56bfc062723c751e8b465ee728b) (PreviewImporter) -> (artifact id: '69d1624dce083c8322cf5b7ac8658607') in 0.0177113 seconds
Number of updated asset objects reloaded before import = 0Number of asset objects unloaded after import = 3

========================================================================
Received Import Request.
  Time since last request: 0.016747 seconds.
  path: Packages/com.unity.2d.sprite/Editor/ObjectMenuCreation/DefaultAssets/Textures/v2/9Sliced.png
  artifactKey: Guid(8884154dfe85442a3a3578be807dbcdf) Importer(815301076,1909f56bfc062723c751e8b465ee728b)
Start importing Packages/com.unity.2d.sprite/Editor/ObjectMenuCreation/DefaultAssets/Textures/v2/9Sliced.png using Guid(8884154dfe85442a3a3578be807dbcdf) Importer(815301076,1909f56bfc062723c751e8b465ee728b) (PreviewImporter) -> (artifact id: 'c6966991d4cbc1c6e7e3cc2e48248fc9') in 0.0121439 seconds
Number of updated asset objects reloaded before import = 0Number of asset objects unloaded after import = 3

========================================================================
Received Import Request.
  Time since last request: 0.018826 seconds.
  path: Packages/com.unity.2d.sprite/Editor/ObjectMenuCreation/DefaultAssets/Textures/9-SlicedWithBorder.png
  artifactKey: Guid(cc35afd292fc349128b36a291fb3a165) Importer(815301076,1909f56bfc062723c751e8b465ee728b)
Start importing Packages/com.unity.2d.sprite/Editor/ObjectMenuCreation/DefaultAssets/Textures/9-SlicedWithBorder.png using Guid(cc35afd292fc349128b36a291fb3a165) Importer(815301076,1909f56bfc062723c751e8b465ee728b) (PreviewImporter) -> (artifact id: '53f49003b6dc56fa1b7a9d05cbac5de5') in 0.0142956 seconds
Number of updated asset objects reloaded before import = 0Number of asset objects unloaded after import = 3

========================================================================
Received Import Request.
  Time since last request: 1335.152116 seconds.
  path: Assets/Multimidia/PersonagensImages/PersonagensImages
  artifactKey: Guid(d06b7fdb2762d7441b08a2774ddd7826) Importer(815301076,1909f56bfc062723c751e8b465ee728b)
Start importing Assets/Multimidia/PersonagensImages/PersonagensImages using Guid(d06b7fdb2762d7441b08a2774ddd7826) Importer(815301076,1909f56bfc062723c751e8b465ee728b) (PreviewImporter) -> (artifact id: 'c5a56b400c45bc61f9070d09deeb0bed') in 0.0007884 seconds
Number of updated asset objects reloaded before import = 0Number of asset objects unloaded after import = 0

========================================================================
Received Import Request.
  Time since last request: 3.108882 seconds.
  path: Assets/Multimidia/PersonagensImages/PersonagensImages/Maiores
  artifactKey: Guid(b85b9dcbbe8d1104b8685b5b3ee80f50) Importer(815301076,1909f56bfc062723c751e8b465ee728b)
Start importing Assets/Multimidia/PersonagensImages/PersonagensImages/Maiores using Guid(b85b9dcbbe8d1104b8685b5b3ee80f50) Importer(815301076,1909f56bfc062723c751e8b465ee728b) (PreviewImporter) -> (artifact id: '23b1e2b37115255ce8fb2f13bdaa4979') in 0.0004415 seconds
Number of updated asset objects reloaded before import = 0Number of asset objects unloaded after import = 0

========================================================================
Received Import Request.
  Time since last request: 0.095904 seconds.
  path: Assets/Multimidia/PersonagensImages/PersonagensImages/Maiores/blueback.png
  artifactKey: Guid(aa2dbdc87d3d1174984d5e28a2828698) Importer(815301076,1909f56bfc062723c751e8b465ee728b)
Start importing Assets/Multimidia/PersonagensImages/PersonagensImages/Maiores/blueback.png using Guid(aa2dbdc87d3d1174984d5e28a2828698) Importer(815301076,1909f56bfc062723c751e8b465ee728b) (PreviewImporter) -> (artifact id: 'e80a57dd2a7ee8071c290660107fdf9a') in 0.008315 seconds
Number of updated asset objects reloaded before import = 0Number of asset objects unloaded after import = 2

========================================================================
Received Import Request.
  Time since last request: 0.000018 seconds.
  path: Assets/Multimidia/PersonagensImages/PersonagensImages/Maiores/bluebackwalk2.png
  artifactKey: Guid(8b6842078bf7c3740a39ea676d1d4b4b) Importer(815301076,1909f56bfc062723c751e8b465ee728b)
Start importing Assets/Multimidia/PersonagensImages/PersonagensImages/Maiores/bluebackwalk2.png using Guid(8b6842078bf7c3740a39ea676d1d4b4b) Importer(815301076,1909f56bfc062723c751e8b465ee728b) (PreviewImporter) -> (artifact id: '879c293d24b3ada243426f2884a3df66') in 0.0064564 seconds
Number of updated asset objects reloaded before import = 0Number of asset objects unloaded after import = 2

========================================================================
Received Import Request.
  Time since last request: 0.000020 seconds.
  path: Assets/Multimidia/PersonagensImages/PersonagensImages/Maiores/bluedown2.png
  artifactKey: Guid(d02eeb088960b2148afa8db33c947fe3) Importer(815301076,1909f56bfc062723c751e8b465ee728b)
Start importing Assets/Multimidia/PersonagensImages/PersonagensImages/Maiores/bluedown2.png using Guid(d02eeb088960b2148afa8db33c947fe3) Importer(815301076,1909f56bfc062723c751e8b465ee728b) (PreviewImporter) -> (artifact id: '138feb3d3b8ca0b1e77bbf11fb9ae8d6') in 0.0062307 seconds
Number of updated asset objects reloaded before import = 0Number of asset objects unloaded after import = 2

========================================================================
Received Import Request.
  Time since last request: 0.000020 seconds.
  path: Assets/Multimidia/PersonagensImages/PersonagensImages/Maiores/blueleft.png
  artifactKey: Guid(4797845ad94fea9419cf38a685a060a9) Importer(815301076,1909f56bfc062723c751e8b465ee728b)
Start importing Assets/Multimidia/PersonagensImages/PersonagensImages/Maiores/blueleft.png using Guid(4797845ad94fea9419cf38a685a060a9) Importer(815301076,1909f56bfc062723c751e8b465ee728b) (PreviewImporter) -> (artifact id: '4d0c2fe57b437cc9c011986079996cc4') in 0.0060549 seconds
Number of updated asset objects reloaded before import = 0Number of asset objects unloaded after import = 2

========================================================================
Received Import Request.
  Time since last request: 0.000018 seconds.
  path: Assets/Multimidia/PersonagensImages/PersonagensImages/Maiores/blueleftwalk2.png
  artifactKey: Guid(182285d6d731ccb46ad3f8e8156efd50) Importer(815301076,1909f56bfc062723c751e8b465ee728b)
Start importing Assets/Multimidia/PersonagensImages/PersonagensImages/Maiores/blueleftwalk2.png using Guid(182285d6d731ccb46ad3f8e8156efd50) Importer(815301076,1909f56bfc062723c751e8b465ee728b) (PreviewImporter) -> (artifact id: 'cfbaba3c7f36cc80d87acc4d15cbb4f8') in 0.00648 seconds
Number of updated asset objects reloaded before import = 0Number of asset objects unloaded after import = 2

========================================================================
Received Import Request.
  Time since last request: 0.000017 seconds.
  path: Assets/Multimidia/PersonagensImages/PersonagensImages/Maiores/bluerightwalk1.png
  artifactKey: Guid(5e3db0d983dbeba4796ed5b70cd8a9c9) Importer(815301076,1909f56bfc062723c751e8b465ee728b)
Start importing Assets/Multimidia/PersonagensImages/PersonagensImages/Maiores/bluerightwalk1.png using Guid(5e3db0d983dbeba4796ed5b70cd8a9c9) Importer(815301076,1909f56bfc062723c751e8b465ee728b) (PreviewImporter) -> (artifact id: 'b7b089e55f6be201b1cfc5bd2dafc864') in 0.0066714 seconds
Number of updated asset objects reloaded before import = 0Number of asset objects unloaded after import = 2

========================================================================
Received Import Request.
  Time since last request: 0.000162 seconds.
  path: Assets/Multimidia/PersonagensImages/PersonagensImages/Maiores/greenback.png
  artifactKey: Guid(abdfae0e794c70643bd1419f4fb453ef) Importer(815301076,1909f56bfc062723c751e8b465ee728b)
Start importing Assets/Multimidia/PersonagensImages/PersonagensImages/Maiores/greenback.png using Guid(abdfae0e794c70643bd1419f4fb453ef) Importer(815301076,1909f56bfc062723c751e8b465ee728b) (PreviewImporter) -> (artifact id: 'a3715c0eca29be13829c0c851468ac27') in 0.0062036 seconds
Number of updated asset objects reloaded before import = 0Number of asset objects unloaded after import = 2

========================================================================
Received Import Request.
  Time since last request: 0.000659 seconds.
  path: Assets/Multimidia/PersonagensImages/PersonagensImages/Maiores/greenbackwalk2.png
  artifactKey: Guid(4b5d0be45c4a99545926561598997748) Importer(815301076,1909f56bfc062723c751e8b465ee728b)
Start importing Assets/Multimidia/PersonagensImages/PersonagensImages/Maiores/greenbackwalk2.png using Guid(4b5d0be45c4a99545926561598997748) Importer(815301076,1909f56bfc062723c751e8b465ee728b) (PreviewImporter) -> (artifact id: '0bed1b3a57d09f2ea3ef2b5c930aa679') in 0.0060654 seconds
Number of updated asset objects reloaded before import = 0Number of asset objects unloaded after import = 2

========================================================================
Received Import Request.
  Time since last request: 0.001064 seconds.
  path: Assets/Multimidia/PersonagensImages/PersonagensImages/Maiores/greendown2.png
  artifactKey: Guid(bc867eb6c11b47e479d145afae831987) Importer(815301076,1909f56bfc062723c751e8b465ee728b)
Start importing Assets/Multimidia/PersonagensImages/PersonagensImages/Maiores/greendown2.png using Guid(bc867eb6c11b47e479d145afae831987) Importer(815301076,1909f56bfc062723c751e8b465ee728b) (PreviewImporter) -> (artifact id: '9fbb0843347d90c55bf2ec754d20ed9f') in 0.0060918 seconds
Number of updated asset objects reloaded before import = 0Number of asset objects unloaded after import = 2

========================================================================
Received Import Request.
  Time since last request: 0.000669 seconds.
  path: Assets/Multimidia/PersonagensImages/PersonagensImages/Maiores/greenleft.png
  artifactKey: Guid(c4322b22ba0ebc24d894a7836bf080e1) Importer(815301076,1909f56bfc062723c751e8b465ee728b)
Start importing Assets/Multimidia/PersonagensImages/PersonagensImages/Maiores/greenleft.png using Guid(c4322b22ba0ebc24d894a7836bf080e1) Importer(815301076,1909f56bfc062723c751e8b465ee728b) (PreviewImporter) -> (artifact id: '7ff4faa18b150762a1e0b992b60a9a19') in 0.0060448 seconds
Number of updated asset objects reloaded before import = 0Number of asset objects unloaded after import = 2

========================================================================
Received Import Request.
  Time since last request: 0.000803 seconds.
  path: Assets/Multimidia/PersonagensImages/PersonagensImages/Maiores/greenleftwalk2.png
  artifactKey: Guid(a5aef7d0d6d3df145a6a10907f2920c4) Importer(815301076,1909f56bfc062723c751e8b465ee728b)
Start importing Assets/Multimidia/PersonagensImages/PersonagensImages/Maiores/greenleftwalk2.png using Guid(a5aef7d0d6d3df145a6a10907f2920c4) Importer(815301076,1909f56bfc062723c751e8b465ee728b) (PreviewImporter) -> (artifact id: '25da3acfc479dd5919fe35d525746b44') in 0.0060138 seconds
Number of updated asset objects reloaded before import = 0Number of asset objects unloaded after import = 2

========================================================================
Received Import Request.
  Time since last request: 0.000815 seconds.
  path: Assets/Multimidia/PersonagensImages/PersonagensImages/Maiores/greenrightwalk1.png
  artifactKey: Guid(176ff206f4f81fb408da5bcaca6b02dc) Importer(815301076,1909f56bfc062723c751e8b465ee728b)
Start importing Assets/Multimidia/PersonagensImages/PersonagensImages/Maiores/greenrightwalk1.png using Guid(176ff206f4f81fb408da5bcaca6b02dc) Importer(815301076,1909f56bfc062723c751e8b465ee728b) (PreviewImporter) -> (artifact id: '9eaedc9ec1847b91b5ef4d47a62050a6') in 0.0059003 seconds
Number of updated asset objects reloaded before import = 0Number of asset objects unloaded after import = 2

========================================================================
Received Import Request.
  Time since last request: 0.000852 seconds.
  path: Assets/Multimidia/PersonagensImages/PersonagensImages/Maiores/redback.png
  artifactKey: Guid(366f9b485696f914a972ad935eb126ee) Importer(815301076,1909f56bfc062723c751e8b465ee728b)
Start importing Assets/Multimidia/PersonagensImages/PersonagensImages/Maiores/redback.png using Guid(366f9b485696f914a972ad935eb126ee) Importer(815301076,1909f56bfc062723c751e8b465ee728b) (PreviewImporter) -> (artifact id: '44b8210638faa7ef2cdfbf54eb8860e8') in 0.0060669 seconds
Number of updated asset objects reloaded before import = 0Number of asset objects unloaded after import = 2

========================================================================
Received Import Request.
  Time since last request: 0.000706 seconds.
  path: Assets/Multimidia/PersonagensImages/PersonagensImages/Maiores/redbackwalk2.png
  artifactKey: Guid(5d215fbea322da14ea073be4f8cfebd8) Importer(815301076,1909f56bfc062723c751e8b465ee728b)
Start importing Assets/Multimidia/PersonagensImages/PersonagensImages/Maiores/redbackwalk2.png using Guid(5d215fbea322da14ea073be4f8cfebd8) Importer(815301076,1909f56bfc062723c751e8b465ee728b) (PreviewImporter) -> (artifact id: '6391e912ea7953a54c978b6dba998519') in 0.0058426 seconds
Number of updated asset objects reloaded before import = 0Number of asset objects unloaded after import = 2

========================================================================
Received Import Request.
  Time since last request: 0.000921 seconds.
  path: Assets/Multimidia/PersonagensImages/PersonagensImages/Maiores/reddown2.png
  artifactKey: Guid(e581c1482caa1af478a5fbcb1a8f9bd4) Importer(815301076,1909f56bfc062723c751e8b465ee728b)
Start importing Assets/Multimidia/PersonagensImages/PersonagensImages/Maiores/reddown2.png using Guid(e581c1482caa1af478a5fbcb1a8f9bd4) Importer(815301076,1909f56bfc062723c751e8b465ee728b) (PreviewImporter) -> (artifact id: 'd8b3f983adf947ede8131c5249f6af84') in 0.0065196 seconds
Number of updated asset objects reloaded before import = 0Number of asset objects unloaded after import = 2

========================================================================
Received Import Request.
  Time since last request: 0.000386 seconds.
  path: Assets/Multimidia/PersonagensImages/PersonagensImages/Maiores/redleft.png
  artifactKey: Guid(84e2fcb9c7f6dab428d7df999815b27a) Importer(815301076,1909f56bfc062723c751e8b465ee728b)
Start importing Assets/Multimidia/PersonagensImages/PersonagensImages/Maiores/redleft.png using Guid(84e2fcb9c7f6dab428d7df999815b27a) Importer(815301076,1909f56bfc062723c751e8b465ee728b) (PreviewImporter) -> (artifact id: 'a768c0abcfd0ec8a4a0176b12628413a') in 0.0059491 seconds
Number of updated asset objects reloaded before import = 0Number of asset objects unloaded after import = 2

========================================================================
Received Import Request.
  Time since last request: 0.000754 seconds.
  path: Assets/Multimidia/PersonagensImages/PersonagensImages/Maiores/redleftwalk2.png
  artifactKey: Guid(d65d0ea4e1b038c4eaf442fecc4165bd) Importer(815301076,1909f56bfc062723c751e8b465ee728b)
Start importing Assets/Multimidia/PersonagensImages/PersonagensImages/Maiores/redleftwalk2.png using Guid(d65d0ea4e1b038c4eaf442fecc4165bd) Importer(815301076,1909f56bfc062723c751e8b465ee728b) (PreviewImporter) -> (artifact id: 'bc38bced7b2329c862d0c841eca79ee0') in 0.0061308 seconds
Number of updated asset objects reloaded before import = 0Number of asset objects unloaded after import = 2

========================================================================
Received Import Request.
  Time since last request: 0.000595 seconds.
  path: Assets/Multimidia/PersonagensImages/PersonagensImages/Maiores/redrightwalk1.png
  artifactKey: Guid(56a116137bdd8794da6117827cb90eec) Importer(815301076,1909f56bfc062723c751e8b465ee728b)
Start importing Assets/Multimidia/PersonagensImages/PersonagensImages/Maiores/redrightwalk1.png using Guid(56a116137bdd8794da6117827cb90eec) Importer(815301076,1909f56bfc062723c751e8b465ee728b) (PreviewImporter) -> (artifact id: '6d597f0f62ac0b96aa7ecd913b6dee30') in 0.0062854 seconds
Number of updated asset objects reloaded before import = 0Number of asset objects unloaded after import = 2

========================================================================
Received Import Request.
  Time since last request: 35.082200 seconds.
  path: Assets/Multimidia/PersonagensImages/PersonagensImages/Maiores/bluebackwalk1.png
  artifactKey: Guid(f5f999911eb8cdd42b56ebfb676c77b7) Importer(815301076,1909f56bfc062723c751e8b465ee728b)
Start importing Assets/Multimidia/PersonagensImages/PersonagensImages/Maiores/bluebackwalk1.png using Guid(f5f999911eb8cdd42b56ebfb676c77b7) Importer(815301076,1909f56bfc062723c751e8b465ee728b) (PreviewImporter) -> (artifact id: 'c5efeddac895e41eb05bc88318d7ca74') in 0.0099459 seconds
Number of updated asset objects reloaded before import = 0Number of asset objects unloaded after import = 3

========================================================================
Received Import Request.
  Time since last request: 0.012226 seconds.
  path: Assets/Multimidia/PersonagensImages/PersonagensImages/Maiores/blueback.png
  artifactKey: Guid(aa2dbdc87d3d1174984d5e28a2828698) Importer(815301076,1909f56bfc062723c751e8b465ee728b)
Start importing Assets/Multimidia/PersonagensImages/PersonagensImages/Maiores/blueback.png using Guid(aa2dbdc87d3d1174984d5e28a2828698) Importer(815301076,1909f56bfc062723c751e8b465ee728b) (PreviewImporter) -> (artifact id: 'af6ca86f93c0fa9805079e86e6282df2') in 0.014476 seconds
Number of updated asset objects reloaded before import = 0Number of asset objects unloaded after import = 3

========================================================================
Received Import Request.
  Time since last request: 0.019740 seconds.
  path: Assets/Multimidia/PersonagensImages/PersonagensImages/Maiores/bluedown2.png
  artifactKey: Guid(d02eeb088960b2148afa8db33c947fe3) Importer(815301076,1909f56bfc062723c751e8b465ee728b)
Start importing Assets/Multimidia/PersonagensImages/PersonagensImages/Maiores/bluedown2.png using Guid(d02eeb088960b2148afa8db33c947fe3) Importer(815301076,1909f56bfc062723c751e8b465ee728b) (PreviewImporter) -> (artifact id: 'ead3930f2a1a7dc7242244f2b5caf368') in 0.0102523 seconds
Number of updated asset objects reloaded before import = 0Number of asset objects unloaded after import = 3

========================================================================
Received Import Request.
  Time since last request: 0.006665 seconds.
  path: Assets/Multimidia/PersonagensImages/PersonagensImages/Maiores/blueleftwalk1.png
  artifactKey: Guid(c71bae809ef55bd4099cab7390361007) Importer(815301076,1909f56bfc062723c751e8b465ee728b)
Start importing Assets/Multimidia/PersonagensImages/PersonagensImages/Maiores/blueleftwalk1.png using Guid(c71bae809ef55bd4099cab7390361007) Importer(815301076,1909f56bfc062723c751e8b465ee728b) (PreviewImporter) -> (artifact id: '2297c64eabe1c1f3cf3dff95f086cb38') in 0.0128114 seconds
Number of updated asset objects reloaded before import = 0Number of asset objects unloaded after import = 3

========================================================================
Received Import Request.
  Time since last request: 0.004891 seconds.
  path: Assets/Multimidia/PersonagensImages/PersonagensImages/Maiores/greenback.png
  artifactKey: Guid(abdfae0e794c70643bd1419f4fb453ef) Importer(815301076,1909f56bfc062723c751e8b465ee728b)
Start importing Assets/Multimidia/PersonagensImages/PersonagensImages/Maiores/greenback.png using Guid(abdfae0e794c70643bd1419f4fb453ef) Importer(815301076,1909f56bfc062723c751e8b465ee728b) (PreviewImporter) -> (artifact id: 'bfb9db443d403f9860800f981e0b90eb') in 0.0166365 seconds
Number of updated asset objects reloaded before import = 0Number of asset objects unloaded after import = 3

========================================================================
Received Import Request.
  Time since last request: 0.000021 seconds.
  path: Assets/Multimidia/PersonagensImages/PersonagensImages/Maiores/redleftwalk2.png
  artifactKey: Guid(d65d0ea4e1b038c4eaf442fecc4165bd) Importer(815301076,1909f56bfc062723c751e8b465ee728b)
Start importing Assets/Multimidia/PersonagensImages/PersonagensImages/Maiores/redleftwalk2.png using Guid(d65d0ea4e1b038c4eaf442fecc4165bd) Importer(815301076,1909f56bfc062723c751e8b465ee728b) (PreviewImporter) -> (artifact id: 'f6de1800d73bb98dde2c92cdd410187e') in 0.0173533 seconds
Number of updated asset objects reloaded before import = 0Number of asset objects unloaded after import = 3

========================================================================
Received Import Request.
  Time since last request: 0.000025 seconds.
  path: Assets/Multimidia/PersonagensImages/PersonagensImages/Maiores/greenleftwalk2.png
  artifactKey: Guid(a5aef7d0d6d3df145a6a10907f2920c4) Importer(815301076,1909f56bfc062723c751e8b465ee728b)
Start importing Assets/Multimidia/PersonagensImages/PersonagensImages/Maiores/greenleftwalk2.png using Guid(a5aef7d0d6d3df145a6a10907f2920c4) Importer(815301076,1909f56bfc062723c751e8b465ee728b) (PreviewImporter) -> (artifact id: 'a87969b927e42250d14202c871a03b27') in 0.0149713 seconds
Number of updated asset objects reloaded before import = 0Number of asset objects unloaded after import = 3

========================================================================
Received Import Request.
  Time since last request: 0.000019 seconds.
  path: Assets/Multimidia/PersonagensImages/PersonagensImages/Maiores/redright.png
  artifactKey: Guid(9786f93ea51b41949984904ad03c6fb7) Importer(815301076,1909f56bfc062723c751e8b465ee728b)
Start importing Assets/Multimidia/PersonagensImages/PersonagensImages/Maiores/redright.png using Guid(9786f93ea51b41949984904ad03c6fb7) Importer(815301076,1909f56bfc062723c751e8b465ee728b) (PreviewImporter) -> (artifact id: '4d3c50572360e74dce344832b205b2d9') in 0.0116847 seconds
Number of updated asset objects reloaded before import = 0Number of asset objects unloaded after import = 3

========================================================================
Received Import Request.
  Time since last request: 0.000018 seconds.
  path: Assets/Multimidia/PersonagensImages/PersonagensImages/Maiores/bluedown1.png
  artifactKey: Guid(cf3a12db56f05d9408cd2acd6fdb2a4c) Importer(815301076,1909f56bfc062723c751e8b465ee728b)
Start importing Assets/Multimidia/PersonagensImages/PersonagensImages/Maiores/bluedown1.png using Guid(cf3a12db56f05d9408cd2acd6fdb2a4c) Importer(815301076,1909f56bfc062723c751e8b465ee728b) (PreviewImporter) -> (artifact id: '95af7f4804de67ee9dc227d87ede428e') in 0.0147948 seconds
Number of updated asset objects reloaded before import = 0Number of asset objects unloaded after import = 3

========================================================================
Received Import Request.
  Time since last request: 0.000017 seconds.
  path: Assets/Multimidia/PersonagensImages/PersonagensImages/Maiores/blueleftwalk2.png
  artifactKey: Guid(182285d6d731ccb46ad3f8e8156efd50) Importer(815301076,1909f56bfc062723c751e8b465ee728b)
Start importing Assets/Multimidia/PersonagensImages/PersonagensImages/Maiores/blueleftwalk2.png using Guid(182285d6d731ccb46ad3f8e8156efd50) Importer(815301076,1909f56bfc062723c751e8b465ee728b) (PreviewImporter) -> (artifact id: '5b2b9a135489558b4b7c13e0eb188764') in 0.0123195 seconds
Number of updated asset objects reloaded before import = 0Number of asset objects unloaded after import = 3

========================================================================
Received Import Request.
  Time since last request: 0.000014 seconds.
  path: Assets/Multimidia/PersonagensImages/PersonagensImages/Maiores/redbackwalk2.png
  artifactKey: Guid(5d215fbea322da14ea073be4f8cfebd8) Importer(815301076,1909f56bfc062723c751e8b465ee728b)
Start importing Assets/Multimidia/PersonagensImages/PersonagensImages/Maiores/redbackwalk2.png using Guid(5d215fbea322da14ea073be4f8cfebd8) Importer(815301076,1909f56bfc062723c751e8b465ee728b) (PreviewImporter) -> (artifact id: 'efd266f31a914fe6dc92db0d3d41b270') in 0.0130848 seconds
Number of updated asset objects reloaded before import = 0Number of asset objects unloaded after import = 3

========================================================================
Received Import Request.
  Time since last request: 0.000014 seconds.
  path: Assets/Multimidia/PersonagensImages/PersonagensImages/Maiores/greenleft.png
  artifactKey: Guid(c4322b22ba0ebc24d894a7836bf080e1) Importer(815301076,1909f56bfc062723c751e8b465ee728b)
Start importing Assets/Multimidia/PersonagensImages/PersonagensImages/Maiores/greenleft.png using Guid(c4322b22ba0ebc24d894a7836bf080e1) Importer(815301076,1909f56bfc062723c751e8b465ee728b) (PreviewImporter) -> (artifact id: '50ecf3711a639d0542a08d82117ac8b1') in 0.0146421 seconds
Number of updated asset objects reloaded before import = 0Number of asset objects unloaded after import = 3

========================================================================
Received Import Request.
  Time since last request: 0.000016 seconds.
  path: Assets/Multimidia/PersonagensImages/PersonagensImages/Maiores/redback.png
  artifactKey: Guid(366f9b485696f914a972ad935eb126ee) Importer(815301076,1909f56bfc062723c751e8b465ee728b)
Start importing Assets/Multimidia/PersonagensImages/PersonagensImages/Maiores/redback.png using Guid(366f9b485696f914a972ad935eb126ee) Importer(815301076,1909f56bfc062723c751e8b465ee728b) (PreviewImporter) -> (artifact id: 'e4979653c1f1caf89cc9bf16d607f4a9') in 0.0155665 seconds
Number of updated asset objects reloaded before import = 0Number of asset objects unloaded after import = 3

========================================================================
Received Import Request.
  Time since last request: 0.000023 seconds.
  path: Assets/Multimidia/PersonagensImages/PersonagensImages/Maiores/reddown1.png
  artifactKey: Guid(9fb107869ffcc3a4786454666a875232) Importer(815301076,1909f56bfc062723c751e8b465ee728b)
Start importing Assets/Multimidia/PersonagensImages/PersonagensImages/Maiores/reddown1.png using Guid(9fb107869ffcc3a4786454666a875232) Importer(815301076,1909f56bfc062723c751e8b465ee728b) (PreviewImporter) -> (artifact id: 'dcedd2dc48b9c531e3ee20dc145f03ca') in 0.0165519 seconds
Number of updated asset objects reloaded before import = 0Number of asset objects unloaded after import = 3

========================================================================
Received Import Request.
  Time since last request: 0.000023 seconds.
  path: Assets/Multimidia/PersonagensImages/PersonagensImages/Maiores/redbackwalk1.png
  artifactKey: Guid(f6e27e2ed375b52488f5581cb3cc1c81) Importer(815301076,1909f56bfc062723c751e8b465ee728b)
Start importing Assets/Multimidia/PersonagensImages/PersonagensImages/Maiores/redbackwalk1.png using Guid(f6e27e2ed375b52488f5581cb3cc1c81) Importer(815301076,1909f56bfc062723c751e8b465ee728b) (PreviewImporter) -> (artifact id: 'eebd7dd16704e7dc5db00e2634816b59') in 0.0141696 seconds
Number of updated asset objects reloaded before import = 0Number of asset objects unloaded after import = 3

========================================================================
Received Import Request.
  Time since last request: 0.000014 seconds.
  path: Assets/Multimidia/PersonagensImages/PersonagensImages/Maiores/blueleft.png
  artifactKey: Guid(4797845ad94fea9419cf38a685a060a9) Importer(815301076,1909f56bfc062723c751e8b465ee728b)
Start importing Assets/Multimidia/PersonagensImages/PersonagensImages/Maiores/blueleft.png using Guid(4797845ad94fea9419cf38a685a060a9) Importer(815301076,1909f56bfc062723c751e8b465ee728b) (PreviewImporter) -> (artifact id: 'e647046575872e2d8974e64e863e5904') in 0.0175676 seconds
Number of updated asset objects reloaded before import = 0Number of asset objects unloaded after import = 3

========================================================================
Received Import Request.
  Time since last request: 0.000015 seconds.
  path: Assets/Multimidia/PersonagensImages/PersonagensImages/Maiores/greenrightwalk1.png
  artifactKey: Guid(176ff206f4f81fb408da5bcaca6b02dc) Importer(815301076,1909f56bfc062723c751e8b465ee728b)
Start importing Assets/Multimidia/PersonagensImages/PersonagensImages/Maiores/greenrightwalk1.png using Guid(176ff206f4f81fb408da5bcaca6b02dc) Importer(815301076,1909f56bfc062723c751e8b465ee728b) (PreviewImporter) -> (artifact id: '270927f1e56e99eb43a475370140d28f') in 0.0156319 seconds
Number of updated asset objects reloaded before import = 0Number of asset objects unloaded after import = 3

========================================================================
Received Import Request.
  Time since last request: 0.000022 seconds.
  path: Assets/Multimidia/PersonagensImages/PersonagensImages/Maiores/greenbackwalk2.png
  artifactKey: Guid(4b5d0be45c4a99545926561598997748) Importer(815301076,1909f56bfc062723c751e8b465ee728b)
Start importing Assets/Multimidia/PersonagensImages/PersonagensImages/Maiores/greenbackwalk2.png using Guid(4b5d0be45c4a99545926561598997748) Importer(815301076,1909f56bfc062723c751e8b465ee728b) (PreviewImporter) -> (artifact id: '9ae36cb987f2ba8e222b6e0e1d193409') in 0.0180476 seconds
Number of updated asset objects reloaded before import = 0Number of asset objects unloaded after import = 3

Editor requested this worker to shutdown with reason: Scaling down because of idle timeout
AssetImportWorker is now disconnected from the server
Process exiting
Exiting without the bug reporter. Application will terminate with return code 0