Using pre-set license
Built from '6000.0/staging' branch; Version is '6000.0.24f1 (11fa355cd605) revision 1178165'; Using compiler version '193933523'; Build Type 'Release'
OS: 'Windows 10  (10.0.19045) 64bit Enterprise' Language: 'pt' Physical Memory: 32473 MB
BatchMode: 1, IsHumanControllingUs: 0, StartBugReporterOnCrash: 0, Is64bit: 1, IsPro: 1

COMMAND LINE ARGUMENTS:
C:\Program Files\Unity\Hub\Editor\6000.0.24f1\Editor\Unity.exe
-adb2
-batchMode
-noUpm
-name
AssetImportWorker6
-projectPath
C:/Users/erick.osouza1/Desktop/Taças e Bebidas
-logFile
Logs/AssetImportWorker6.log
-srvPort
62482
-job-worker-count
9
-background-job-worker-count
8
-asset-garbage-collectors
1
Successfully changed project path to: C:/Users/erick.osouza1/Desktop/Taças e Bebidas
C:/Users/erick.osouza1/Desktop/Taças e Bebidas
[UnityMemory] Configuration Parameters - Can be set up in boot.config
    "memorysetup-bucket-allocator-granularity=16"
    "memorysetup-bucket-allocator-bucket-count=8"
    "memorysetup-bucket-allocator-block-size=33554432"
    "memorysetup-bucket-allocator-block-count=8"
    "memorysetup-main-allocator-block-size=16777216"
    "memorysetup-thread-allocator-block-size=16777216"
    "memorysetup-gfx-main-allocator-block-size=16777216"
    "memorysetup-gfx-thread-allocator-block-size=16777216"
    "memorysetup-cache-allocator-block-size=4194304"
    "memorysetup-typetree-allocator-block-size=2097152"
    "memorysetup-profiler-bucket-allocator-granularity=16"
    "memorysetup-profiler-bucket-allocator-bucket-count=8"
    "memorysetup-profiler-bucket-allocator-block-size=33554432"
    "memorysetup-profiler-bucket-allocator-block-count=8"
    "memorysetup-profiler-allocator-block-size=16777216"
    "memorysetup-profiler-editor-allocator-block-size=1048576"
    "memorysetup-temp-allocator-size-main=16777216"
    "memorysetup-job-temp-allocator-block-size=2097152"
    "memorysetup-job-temp-allocator-block-size-background=1048576"
    "memorysetup-job-temp-allocator-reduction-small-platforms=262144"
    "memorysetup-allocator-temp-initial-block-size-main=262144"
    "memorysetup-allocator-temp-initial-block-size-worker=262144"
    "memorysetup-temp-allocator-size-background-worker=32768"
    "memorysetup-temp-allocator-size-job-worker=262144"
    "memorysetup-temp-allocator-size-preload-manager=33554432"
    "memorysetup-temp-allocator-size-nav-mesh-worker=65536"
    "memorysetup-temp-allocator-size-audio-worker=65536"
    "memorysetup-temp-allocator-size-cloud-worker=32768"
    "memorysetup-temp-allocator-size-gi-baking-worker=262144"
    "memorysetup-temp-allocator-size-gi-baking-worker=262144"
    "memorysetup-temp-allocator-size-gi-baking-worker=262144"
    "memorysetup-temp-allocator-size-gi-baking-worker=262144"
    "memorysetup-temp-allocator-size-gi-baking-worker=262144"
    "memorysetup-temp-allocator-size-gfx=262144"
Player connection [14284]  Target information:

Player connection [14284]  * "[IP] 10.59.46.51 [Port] 0 [Flags] 2 [Guid] 870490982 [EditorId] 870490982 [Version] 1048832 [Id] WindowsEditor(7,SAN0674387W10-1) [Debug] 1 [PackageName] WindowsEditor [ProjectName] Editor" 

Player connection [14284]  * "[IP] 192.168.56.1 [Port] 0 [Flags] 2 [Guid] 870490982 [EditorId] 870490982 [Version] 1048832 [Id] WindowsEditor(7,SAN0674387W10-1) [Debug] 1 [PackageName] WindowsEditor [ProjectName] Editor" 

Player connection [14284]  * "[IP] 172.21.112.1 [Port] 0 [Flags] 2 [Guid] 870490982 [EditorId] 870490982 [Version] 1048832 [Id] WindowsEditor(7,SAN0674387W10-1) [Debug] 1 [PackageName] WindowsEditor [ProjectName] Editor" 

Player connection [14284] Host joined multi-casting on [225.0.0.222:54997]...
Player connection [14284] Host joined alternative multi-casting on [225.0.0.222:34997]...
JobSystem: Creating JobQueue using job-worker-count value 9
[Physics::Module] Initialized fallback backend.
[Physics::Module] Id: 0xdecafbad
Library Redirect Path: Library/
[Physics::Module] Selected backend.
[Physics::Module] Name: PhysX
[Physics::Module] Id: 0xf2b8ea05
[Physics::Module] SDK Version: 4.1.2
[Physics::Module] Integration Version: 1.0.0
[Physics::Module] Threading Mode: Multi-Threaded
Refreshing native plugins compatible for Editor in 7.20 ms, found 3 plugins.
Preloading 0 native plugins for Editor in 0.00 ms.
Initialize engine version: 6000.0.24f1 (11fa355cd605)
[Subsystems] Discovering subsystems at path C:/Program Files/Unity/Hub/Editor/6000.0.24f1/Editor/Data/Resources/UnitySubsystems
[Subsystems] Discovering subsystems at path C:/Users/erick.osouza1/Desktop/Taças e Bebidas/Assets
GfxDevice: creating device client; kGfxThreadingModeNonThreaded
Direct3D:
    Version:  Direct3D 11.0 [level 11.1]
    Renderer: NVIDIA RTX A2000 12GB (ID=0x2571)
    Vendor:   NVIDIA
    VRAM:     12110 MB
    Driver:   31.0.15.5274
Initialize mono
Mono path[0] = 'C:/Program Files/Unity/Hub/Editor/6000.0.24f1/Editor/Data/Managed'
Mono path[1] = 'C:/Program Files/Unity/Hub/Editor/6000.0.24f1/Editor/Data/MonoBleedingEdge/lib/mono/unityjit-win32'
Mono config path = 'C:/Program Files/Unity/Hub/Editor/6000.0.24f1/Editor/Data/MonoBleedingEdge/etc'
Using monoOptions --debugger-agent=transport=dt_socket,embedding=1,server=y,suspend=n,address=127.0.0.1:56332
Begin MonoManager ReloadAssembly
Registering precompiled unity dll's ...
Register platform support module: C:/Program Files/Unity/Hub/Editor/6000.0.24f1/Editor/Data/PlaybackEngines/WebGLSupport/UnityEditor.WebGL.Extensions.dll
Register platform support module: C:/Program Files/Unity/Hub/Editor/6000.0.24f1/Editor/Data/PlaybackEngines/WindowsStandaloneSupport/UnityEditor.WindowsStandalone.Extensions.dll
Register platform support module: C:/Program Files/Unity/Hub/Editor/6000.0.24f1/Editor/Data/PlaybackEngines/MetroSupport/UnityEditor.UWP.Extensions.dll
Register platform support module: C:/Program Files/Unity/Hub/Editor/6000.0.24f1/Editor/Data/PlaybackEngines/AndroidPlayer/UnityEditor.Android.Extensions.dll
Registered in 0.016593 seconds.
- Loaded All Assemblies, in  0.742 seconds
Native extension for Android target not found
Android Extension - Scanning For ADB Devices 599 ms
Native extension for UWP target not found
Native extension for WindowsStandalone target not found
Native extension for WebGL target not found
Mono: successfully reloaded assembly
- Finished resetting the current domain, in  0.947 seconds
Domain Reload Profiling: 1686ms
	BeginReloadAssembly (372ms)
		ExecutionOrderSort (0ms)
		DisableScriptedObjects (0ms)
		BackupInstance (0ms)
		ReleaseScriptingObjects (0ms)
		CreateAndSetChildDomain (1ms)
	RebuildCommonClasses (47ms)
	RebuildNativeTypeToScriptingClass (11ms)
	initialDomainReloadingComplete (63ms)
	LoadAllAssembliesAndSetupDomain (245ms)
		LoadAssemblies (381ms)
		RebuildTransferFunctionScriptingTraits (0ms)
		AnalyzeDomain (230ms)
			TypeCache.Refresh (229ms)
				TypeCache.ScanAssembly (211ms)
			BuildScriptInfoCaches (0ms)
			ResolveRequiredComponents (1ms)
	FinalizeReload (947ms)
		ReleaseScriptCaches (0ms)
		RebuildScriptCaches (0ms)
		SetupLoadedEditorAssemblies (909ms)
			LogAssemblyErrors (0ms)
			InitializePlatformSupportModulesInManaged (687ms)
			SetLoadedEditorAssemblies (3ms)
			BeforeProcessingInitializeOnLoad (5ms)
			ProcessInitializeOnLoadAttributes (141ms)
			ProcessInitializeOnLoadMethodAttributes (70ms)
			AfterProcessingInitializeOnLoad (3ms)
			EditorAssembliesLoaded (0ms)
		ExecutionOrderSort2 (0ms)
		AwakeInstancesAfterBackupRestoration (0ms)
========================================================================
Worker process is ready to serve import requests
Import Worker Mode flag is 0x00
Begin MonoManager ReloadAssembly
- Loaded All Assemblies, in  1.301 seconds
Refreshing native plugins compatible for Editor in 3.10 ms, found 3 plugins.
Native extension for Android target not found
Native extension for UWP target not found
Native extension for WindowsStandalone target not found
Native extension for WebGL target not found
Mono: successfully reloaded assembly
- Finished resetting the current domain, in  0.532 seconds
Domain Reload Profiling: 1829ms
	BeginReloadAssembly (748ms)
		ExecutionOrderSort (0ms)
		DisableScriptedObjects (5ms)
		BackupInstance (0ms)
		ReleaseScriptingObjects (0ms)
		CreateAndSetChildDomain (30ms)
	RebuildCommonClasses (36ms)
	RebuildNativeTypeToScriptingClass (9ms)
	initialDomainReloadingComplete (36ms)
	LoadAllAssembliesAndSetupDomain (467ms)
		LoadAssemblies (564ms)
		RebuildTransferFunctionScriptingTraits (0ms)
		AnalyzeDomain (184ms)
			TypeCache.Refresh (147ms)
				TypeCache.ScanAssembly (131ms)
			BuildScriptInfoCaches (31ms)
			ResolveRequiredComponents (3ms)
	FinalizeReload (533ms)
		ReleaseScriptCaches (0ms)
		RebuildScriptCaches (0ms)
		SetupLoadedEditorAssemblies (366ms)
			LogAssemblyErrors (0ms)
			InitializePlatformSupportModulesInManaged (14ms)
			SetLoadedEditorAssemblies (3ms)
			BeforeProcessingInitializeOnLoad (34ms)
			ProcessInitializeOnLoadAttributes (289ms)
			ProcessInitializeOnLoadMethodAttributes (18ms)
			AfterProcessingInitializeOnLoad (7ms)
			EditorAssembliesLoaded (0ms)
		ExecutionOrderSort2 (0ms)
		AwakeInstancesAfterBackupRestoration (6ms)
Launched and connected shader compiler UnityShaderCompiler.exe after 0.02 seconds
Refreshing native plugins compatible for Editor in 3.69 ms, found 3 plugins.
Preloading 0 native plugins for Editor in 0.00 ms.
Unloading 9 Unused Serialized files (Serialized files now loaded: 0)
Unloading 3688 unused Assets / (1.2 MB). Loaded Objects now: 4278.
Memory consumption went from 111.4 MB to 110.2 MB.
Total: 4.816700 ms (FindLiveObjects: 0.287400 ms CreateObjectMapping: 0.217600 ms MarkObjects: 3.525800 ms  DeleteObjects: 0.784800 ms)

========================================================================
Received Import Request.
  Time since last request: 1835833.242991 seconds.
  path: Assets/Multimidia/ObjetosGerais/grassNight_centerRight.png
  artifactKey: Guid(f26175fde49d1cb4f8ccf42e406e1e52) Importer(815301076,1909f56bfc062723c751e8b465ee728b)
Start importing Assets/Multimidia/ObjetosGerais/grassNight_centerRight.png using Guid(f26175fde49d1cb4f8ccf42e406e1e52) Importer(815301076,1909f56bfc062723c751e8b465ee728b) (PreviewImporter) -> (artifact id: 'e548f4d5f01b68fbce719894525cba65') in 0.062618 seconds
Number of updated asset objects reloaded before import = 0Number of asset objects unloaded after import = 2

========================================================================
Received Import Request.
  Time since last request: 0.000023 seconds.
  path: Assets/Multimidia/ObjetosGerais/leftStraight.png
  artifactKey: Guid(9f7936ef553e38344aa45438f84f5c4f) Importer(815301076,1909f56bfc062723c751e8b465ee728b)
Start importing Assets/Multimidia/ObjetosGerais/leftStraight.png using Guid(9f7936ef553e38344aa45438f84f5c4f) Importer(815301076,1909f56bfc062723c751e8b465ee728b) (PreviewImporter) -> (artifact id: 'ab9e6799248297307fbeb8be74c67298') in 0.011464 seconds
Number of updated asset objects reloaded before import = 0Number of asset objects unloaded after import = 2

========================================================================
Received Import Request.
  Time since last request: 0.000019 seconds.
  path: Assets/Multimidia/ObjetosGerais/potion_blue.png
  artifactKey: Guid(b5d8064e058d0a247904cb77c86d9ded) Importer(815301076,1909f56bfc062723c751e8b465ee728b)
Start importing Assets/Multimidia/ObjetosGerais/potion_blue.png using Guid(b5d8064e058d0a247904cb77c86d9ded) Importer(815301076,1909f56bfc062723c751e8b465ee728b) (PreviewImporter) -> (artifact id: '82fbc60dd66535bdcef480d3af740fba') in 0.0124899 seconds
Number of updated asset objects reloaded before import = 0Number of asset objects unloaded after import = 2

========================================================================
Received Import Request.
  Time since last request: 0.000021 seconds.
  path: Assets/Multimidia/ObjetosGerais/purpleBlock.png
  artifactKey: Guid(0a332b095826a3d449e121aa42df9bd1) Importer(815301076,1909f56bfc062723c751e8b465ee728b)
Start importing Assets/Multimidia/ObjetosGerais/purpleBlock.png using Guid(0a332b095826a3d449e121aa42df9bd1) Importer(815301076,1909f56bfc062723c751e8b465ee728b) (PreviewImporter) -> (artifact id: '31bd9664b1bdab4b449220a89c234188') in 0.0118299 seconds
Number of updated asset objects reloaded before import = 0Number of asset objects unloaded after import = 2

========================================================================
Received Import Request.
  Time since last request: 0.000019 seconds.
  path: Assets/Multimidia/ObjetosGerais/rock.png
  artifactKey: Guid(9633684109d433d449e578d1d9cd6aa5) Importer(815301076,1909f56bfc062723c751e8b465ee728b)
Start importing Assets/Multimidia/ObjetosGerais/rock.png using Guid(9633684109d433d449e578d1d9cd6aa5) Importer(815301076,1909f56bfc062723c751e8b465ee728b) (PreviewImporter) -> (artifact id: '1b35acdacf8e2592f58af288e6158e6a') in 0.0192837 seconds
Number of updated asset objects reloaded before import = 0Number of asset objects unloaded after import = 2

========================================================================
Received Import Request.
  Time since last request: 0.000034 seconds.
  path: Assets/Multimidia/ObjetosGerais/purplePotion.png
  artifactKey: Guid(539ee01c5dbf2654ba4fec709c5dee4d) Importer(815301076,1909f56bfc062723c751e8b465ee728b)
Start importing Assets/Multimidia/ObjetosGerais/purplePotion.png using Guid(539ee01c5dbf2654ba4fec709c5dee4d) Importer(815301076,1909f56bfc062723c751e8b465ee728b) (PreviewImporter) -> (artifact id: '51dedd98639dade807e98f4d47175a38') in 0.0200786 seconds
Number of updated asset objects reloaded before import = 0Number of asset objects unloaded after import = 2

========================================================================
Received Import Request.
  Time since last request: 0.000025 seconds.
  path: Assets/Multimidia/ObjetosGerais/Props.png
  artifactKey: Guid(836d8ca3604cf4d428aff26bfa6ce068) Importer(815301076,1909f56bfc062723c751e8b465ee728b)
Start importing Assets/Multimidia/ObjetosGerais/Props.png using Guid(836d8ca3604cf4d428aff26bfa6ce068) Importer(815301076,1909f56bfc062723c751e8b465ee728b) (PreviewImporter) -> (artifact id: '6538de31e5b324f01f19f994e5c48a11') in 0.0109793 seconds
Number of updated asset objects reloaded before import = 0Number of asset objects unloaded after import = 2

========================================================================
Received Import Request.
  Time since last request: 0.000018 seconds.
  path: Assets/Multimidia/ObjetosGerais/rocks_group.png
  artifactKey: Guid(7a7c3415364baf34ea2c84729de2440e) Importer(815301076,1909f56bfc062723c751e8b465ee728b)
Start importing Assets/Multimidia/ObjetosGerais/rocks_group.png using Guid(7a7c3415364baf34ea2c84729de2440e) Importer(815301076,1909f56bfc062723c751e8b465ee728b) (PreviewImporter) -> (artifact id: 'c09d21fe718c725707ca84020009f24a') in 0.0113184 seconds
Number of updated asset objects reloaded before import = 0Number of asset objects unloaded after import = 2

========================================================================
Received Import Request.
  Time since last request: 0.179953 seconds.
  path: Assets/Multimidia/ObjetosGerais/rocks_small.png
  artifactKey: Guid(c678420049c54f74f88e719758a81e46) Importer(815301076,1909f56bfc062723c751e8b465ee728b)
Start importing Assets/Multimidia/ObjetosGerais/rocks_small.png using Guid(c678420049c54f74f88e719758a81e46) Importer(815301076,1909f56bfc062723c751e8b465ee728b) (PreviewImporter) -> (artifact id: '12d1abd78eb5e82eddbc9caba2002ae9') in 0.0085138 seconds
Number of updated asset objects reloaded before import = 0Number of asset objects unloaded after import = 2

========================================================================
Received Import Request.
  Time since last request: 0.000016 seconds.
  path: Assets/Multimidia/ObjetosGerais/sign_blank.png
  artifactKey: Guid(a079f74911865d74b8262cfa3052fa9a) Importer(815301076,1909f56bfc062723c751e8b465ee728b)
Start importing Assets/Multimidia/ObjetosGerais/sign_blank.png using Guid(a079f74911865d74b8262cfa3052fa9a) Importer(815301076,1909f56bfc062723c751e8b465ee728b) (PreviewImporter) -> (artifact id: '5c1a2b0e731e2086e817404f1282617e') in 0.0093541 seconds
Number of updated asset objects reloaded before import = 0Number of asset objects unloaded after import = 2

========================================================================
Received Import Request.
  Time since last request: 0.000028 seconds.
  path: Assets/Multimidia/ObjetosGerais/specialBlock_2.png
  artifactKey: Guid(eab33b12aaa252247b469c24037c30fc) Importer(815301076,1909f56bfc062723c751e8b465ee728b)
Start importing Assets/Multimidia/ObjetosGerais/specialBlock_2.png using Guid(eab33b12aaa252247b469c24037c30fc) Importer(815301076,1909f56bfc062723c751e8b465ee728b) (PreviewImporter) -> (artifact id: '457606fd784ce76f638bdb9d74b312e5') in 0.009339 seconds
Number of updated asset objects reloaded before import = 0Number of asset objects unloaded after import = 2

========================================================================
Received Import Request.
  Time since last request: 0.000020 seconds.
  path: Assets/Multimidia/ObjetosGerais/stoneHouse_inside_floor.png
  artifactKey: Guid(1320031c7135092498627c229a043e50) Importer(815301076,1909f56bfc062723c751e8b465ee728b)
Start importing Assets/Multimidia/ObjetosGerais/stoneHouse_inside_floor.png using Guid(1320031c7135092498627c229a043e50) Importer(815301076,1909f56bfc062723c751e8b465ee728b) (PreviewImporter) -> (artifact id: '93ec1ea35d67447d8e51d49b6e0df6d7') in 0.0093001 seconds
Number of updated asset objects reloaded before import = 0Number of asset objects unloaded after import = 2

========================================================================
Received Import Request.
  Time since last request: 0.000024 seconds.
  path: Assets/Multimidia/ObjetosGerais/spring.png
  artifactKey: Guid(137dc37070598464ca336bb06bd72fc0) Importer(815301076,1909f56bfc062723c751e8b465ee728b)
Start importing Assets/Multimidia/ObjetosGerais/spring.png using Guid(137dc37070598464ca336bb06bd72fc0) Importer(815301076,1909f56bfc062723c751e8b465ee728b) (PreviewImporter) -> (artifact id: '3cbaea3eb19c2754d14932d7ef64551e') in 0.0096089 seconds
Number of updated asset objects reloaded before import = 0Number of asset objects unloaded after import = 2

========================================================================
Received Import Request.
  Time since last request: 0.000019 seconds.
  path: Assets/Multimidia/ObjetosGerais/specialBlock_4.png
  artifactKey: Guid(00e6ea898a01d3f4ebc59ea6c9d0f0df) Importer(815301076,1909f56bfc062723c751e8b465ee728b)
Start importing Assets/Multimidia/ObjetosGerais/specialBlock_4.png using Guid(00e6ea898a01d3f4ebc59ea6c9d0f0df) Importer(815301076,1909f56bfc062723c751e8b465ee728b) (PreviewImporter) -> (artifact id: '62bf18d703f6d142c336207b07950a03') in 0.0092621 seconds
Number of updated asset objects reloaded before import = 0Number of asset objects unloaded after import = 2

========================================================================
Received Import Request.
  Time since last request: 0.000027 seconds.
  path: Assets/Multimidia/ObjetosGerais/stoneHouse_inside_leftCenter.png
  artifactKey: Guid(479523b83c5a5d94a934dd6ab2a217b8) Importer(815301076,1909f56bfc062723c751e8b465ee728b)
Start importing Assets/Multimidia/ObjetosGerais/stoneHouse_inside_leftCenter.png using Guid(479523b83c5a5d94a934dd6ab2a217b8) Importer(815301076,1909f56bfc062723c751e8b465ee728b) (PreviewImporter) -> (artifact id: 'd38956c3162a3dd4b7214849391dc045') in 0.0099564 seconds
Number of updated asset objects reloaded before import = 0Number of asset objects unloaded after import = 2

========================================================================
Received Import Request.
  Time since last request: 0.000023 seconds.
  path: Assets/Multimidia/ObjetosGerais/treeStump.png
  artifactKey: Guid(68f3eeffd574e9a4cba1b7af4419a8c9) Importer(815301076,1909f56bfc062723c751e8b465ee728b)
Start importing Assets/Multimidia/ObjetosGerais/treeStump.png using Guid(68f3eeffd574e9a4cba1b7af4419a8c9) Importer(815301076,1909f56bfc062723c751e8b465ee728b) (PreviewImporter) -> (artifact id: 'cd1ce656160ad53a5480893875539658') in 0.0094661 seconds
Number of updated asset objects reloaded before import = 0Number of asset objects unloaded after import = 2

========================================================================
Received Import Request.
  Time since last request: 0.000019 seconds.
  path: Assets/Multimidia/ObjetosGerais/woodHouse_inside_topCenter.png
  artifactKey: Guid(a2afd5dd8d297624283566da185476ca) Importer(815301076,1909f56bfc062723c751e8b465ee728b)
Start importing Assets/Multimidia/ObjetosGerais/woodHouse_inside_topCenter.png using Guid(a2afd5dd8d297624283566da185476ca) Importer(815301076,1909f56bfc062723c751e8b465ee728b) (PreviewImporter) -> (artifact id: '876533c8d88ae971ca4e617affc87cbf') in 0.0093527 seconds
Number of updated asset objects reloaded before import = 0Number of asset objects unloaded after import = 2

========================================================================
Received Import Request.
  Time since last request: 0.000018 seconds.
  path: Assets/Multimidia/ObjetosGerais/woodPlanks.png
  artifactKey: Guid(e12ede92cfd6a274fbb0df3f9cfc9314) Importer(815301076,1909f56bfc062723c751e8b465ee728b)
Start importing Assets/Multimidia/ObjetosGerais/woodPlanks.png using Guid(e12ede92cfd6a274fbb0df3f9cfc9314) Importer(815301076,1909f56bfc062723c751e8b465ee728b) (PreviewImporter) -> (artifact id: 'b511eeb41fb0cb01ae14e25510e2b6cc') in 0.0093873 seconds
Number of updated asset objects reloaded before import = 0Number of asset objects unloaded after import = 2

========================================================================
Received Import Request.
  Time since last request: 0.000017 seconds.
  path: Assets/Multimidia/ObjetosGerais/woodHouse_inside_rightCenter.png
  artifactKey: Guid(b1a848aaef2efb043ab3984214c481f8) Importer(815301076,1909f56bfc062723c751e8b465ee728b)
Start importing Assets/Multimidia/ObjetosGerais/woodHouse_inside_rightCenter.png using Guid(b1a848aaef2efb043ab3984214c481f8) Importer(815301076,1909f56bfc062723c751e8b465ee728b) (PreviewImporter) -> (artifact id: '69911bcc2dcb77ae6950741abd34921e') in 0.008264 seconds
Number of updated asset objects reloaded before import = 0Number of asset objects unloaded after import = 2

========================================================================
Received Import Request.
  Time since last request: 133.388340 seconds.
  path: Assets/Multimidia/ObjetosGerais/TileObjectsOfficeFurniture_0.png
  artifactKey: Guid(00a156850765ca64b9892ba382b28fc2) Importer(815301076,1909f56bfc062723c751e8b465ee728b)
Start importing Assets/Multimidia/ObjetosGerais/TileObjectsOfficeFurniture_0.png using Guid(00a156850765ca64b9892ba382b28fc2) Importer(815301076,1909f56bfc062723c751e8b465ee728b) (PreviewImporter) -> (artifact id: '6a02771e3be3e04810e8787006f2a111') in 0.0120286 seconds
Number of updated asset objects reloaded before import = 0Number of asset objects unloaded after import = 2

========================================================================
Received Import Request.
  Time since last request: 534.537394 seconds.
  path: Assets/Multimidia/FundosImagens/FundoRestaurante.png
  artifactKey: Guid(64497d1bda4701c498a5b83b9e7d38b2) Importer(2089858483,192608db42251d675da83286b1cce702)
Start importing Assets/Multimidia/FundosImagens/FundoRestaurante.png using Guid(64497d1bda4701c498a5b83b9e7d38b2) Importer(2089858483,192608db42251d675da83286b1cce702) (ScriptedImporter) -> (artifact id: '01f840ed2d659a81bc6e77c50ddd1cdd') in 0.1056031 seconds
Number of updated asset objects reloaded before import = 0Number of asset objects unloaded after import = 1

========================================================================
Received Import Request.
  Time since last request: 25.706194 seconds.
  path: Assets/Multimidia/FundosImagens
  artifactKey: Guid(9481239600e443a4e94c50092f8a55df) Importer(815301076,1909f56bfc062723c751e8b465ee728b)
Start importing Assets/Multimidia/FundosImagens using Guid(9481239600e443a4e94c50092f8a55df) Importer(815301076,1909f56bfc062723c751e8b465ee728b) (PreviewImporter) -> (artifact id: '3a72b9ba7f70a79a7192f4d2216679b5') in 0.000496 seconds
Number of updated asset objects reloaded before import = 0Number of asset objects unloaded after import = 0

========================================================================
Received Import Request.
  Time since last request: 0.121565 seconds.
  path: Assets/Multimidia/FundosImagens/FundoRestaurante.png
  artifactKey: Guid(64497d1bda4701c498a5b83b9e7d38b2) Importer(815301076,1909f56bfc062723c751e8b465ee728b)
Start importing Assets/Multimidia/FundosImagens/FundoRestaurante.png using Guid(64497d1bda4701c498a5b83b9e7d38b2) Importer(815301076,1909f56bfc062723c751e8b465ee728b) (PreviewImporter) -> (artifact id: '3048e2635a3720e2369c7fe7ce0dc894') in 0.0165089 seconds
Number of updated asset objects reloaded before import = 0Number of asset objects unloaded after import = 2

========================================================================
Received Import Request.
  Time since last request: 94.610250 seconds.
  path: Assets/Multimidia/FundosImagens/FundoRestaurante.png
  artifactKey: Guid(64497d1bda4701c498a5b83b9e7d38b2) Importer(815301076,1909f56bfc062723c751e8b465ee728b)
Start importing Assets/Multimidia/FundosImagens/FundoRestaurante.png using Guid(64497d1bda4701c498a5b83b9e7d38b2) Importer(815301076,1909f56bfc062723c751e8b465ee728b) (PreviewImporter) -> (artifact id: '0b3a9b585fe0c1a52d11e6438d4d3649') in 0.0351854 seconds
Number of updated asset objects reloaded before import = 0Number of asset objects unloaded after import = 2

========================================================================
Received Import Request.
  Time since last request: 707.833139 seconds.
  path: Assets/Multimidia/FundosImagens/FundoRestaurante.png
  artifactKey: Guid(64497d1bda4701c498a5b83b9e7d38b2) Importer(815301076,1909f56bfc062723c751e8b465ee728b)
Start importing Assets/Multimidia/FundosImagens/FundoRestaurante.png using Guid(64497d1bda4701c498a5b83b9e7d38b2) Importer(815301076,1909f56bfc062723c751e8b465ee728b) (PreviewImporter) -> (artifact id: '780ab574250078c18d3025d6a1419a91') in 0.0399921 seconds
Number of updated asset objects reloaded before import = 0Number of asset objects unloaded after import = 3

========================================================================
Received Import Request.
  Time since last request: 27.560214 seconds.
  path: Assets/Multimidia/FundosImagens/FundoRestaurante.png
  artifactKey: Guid(64497d1bda4701c498a5b83b9e7d38b2) Importer(815301076,1909f56bfc062723c751e8b465ee728b)
Start importing Assets/Multimidia/FundosImagens/FundoRestaurante.png using Guid(64497d1bda4701c498a5b83b9e7d38b2) Importer(815301076,1909f56bfc062723c751e8b465ee728b) (PreviewImporter) -> (artifact id: '351d1c884f9e148654f1c2b4f2908ed8') in 0.0270986 seconds
Number of updated asset objects reloaded before import = 0Number of asset objects unloaded after import = 3

========================================================================
Received Import Request.
  Time since last request: 49.617450 seconds.
  path: Assets/Multimidia/Efeitos/Coin01.aif
  artifactKey: Guid(8ad2e260ec514024abf060826444903c) Importer(815301076,1909f56bfc062723c751e8b465ee728b)
Start importing Assets/Multimidia/Efeitos/Coin01.aif using Guid(8ad2e260ec514024abf060826444903c) Importer(815301076,1909f56bfc062723c751e8b465ee728b) (PreviewImporter) -> (artifact id: 'b6c928e2ce5a8d8cf1cbeb3b3345e282') in 0.0325363 seconds
Number of updated asset objects reloaded before import = 0Number of asset objects unloaded after import = 2

========================================================================
Received Import Request.
  Time since last request: 0.006941 seconds.
  path: Assets/Multimidia/Efeitos/Rise02.aif
  artifactKey: Guid(d8506817aef8f084b8bd70a3be7f31ce) Importer(815301076,1909f56bfc062723c751e8b465ee728b)
Start importing Assets/Multimidia/Efeitos/Rise02.aif using Guid(d8506817aef8f084b8bd70a3be7f31ce) Importer(815301076,1909f56bfc062723c751e8b465ee728b) (PreviewImporter) -> (artifact id: '27adf1e405360a4c147b7fc833ec833e') in 0.0093202 seconds
Number of updated asset objects reloaded before import = 0Number of asset objects unloaded after import = 2

========================================================================
Received Import Request.
  Time since last request: 0.000018 seconds.
  path: Assets/Multimidia/Efeitos/Rise03.aif
  artifactKey: Guid(752f3fcd82fffd6478e5855ae415c7bd) Importer(815301076,1909f56bfc062723c751e8b465ee728b)
Start importing Assets/Multimidia/Efeitos/Rise03.aif using Guid(752f3fcd82fffd6478e5855ae415c7bd) Importer(815301076,1909f56bfc062723c751e8b465ee728b) (PreviewImporter) -> (artifact id: '0d19b459b1f0a1acb545a9923adf161c') in 0.0140548 seconds
Number of updated asset objects reloaded before import = 0Number of asset objects unloaded after import = 2

========================================================================
Received Import Request.
  Time since last request: 0.000018 seconds.
  path: Assets/Multimidia/Efeitos/Rise01.aif
  artifactKey: Guid(730a560b7eb45c74694e6b36a68534e5) Importer(815301076,1909f56bfc062723c751e8b465ee728b)
Start importing Assets/Multimidia/Efeitos/Rise01.aif using Guid(730a560b7eb45c74694e6b36a68534e5) Importer(815301076,1909f56bfc062723c751e8b465ee728b) (PreviewImporter) -> (artifact id: 'fd234f6a55a9cd89ff598f55ebd3becc') in 0.0138934 seconds
Number of updated asset objects reloaded before import = 0Number of asset objects unloaded after import = 2

========================================================================
Received Import Request.
  Time since last request: 3.240184 seconds.
  path: Assets/Multimidia/FundosSonoros/Batty McFaddin.mp3
  artifactKey: Guid(4d39734ccef7d3d458375e308bbdc385) Importer(815301076,1909f56bfc062723c751e8b465ee728b)
Start importing Assets/Multimidia/FundosSonoros/Batty McFaddin.mp3 using Guid(4d39734ccef7d3d458375e308bbdc385) Importer(815301076,1909f56bfc062723c751e8b465ee728b) (PreviewImporter) -> (artifact id: 'f31835bdd432e121bc9fe41f3d0c01a4') in 0.0129729 seconds
Number of updated asset objects reloaded before import = 0Number of asset objects unloaded after import = 2

========================================================================
Received Import Request.
  Time since last request: 1.579141 seconds.
  path: Assets/Multimidia/Tacinhas/02Agua.png
  artifactKey: Guid(5156765916b28a84e9e4b832b89e973b) Importer(815301076,1909f56bfc062723c751e8b465ee728b)
Start importing Assets/Multimidia/Tacinhas/02Agua.png using Guid(5156765916b28a84e9e4b832b89e973b) Importer(815301076,1909f56bfc062723c751e8b465ee728b) (PreviewImporter) -> (artifact id: '9379d3026cec63528a8ca9dbe33fbee0') in 0.0222698 seconds
Number of updated asset objects reloaded before import = 0Number of asset objects unloaded after import = 2

Editor requested this worker to shutdown with reason: Scaling down because of idle timeout
AssetImportWorker is now disconnected from the server
Process exiting
Exiting without the bug reporter. Application will terminate with return code 0