Using pre-set license
Built from '6000.0/staging' branch; Version is '6000.0.24f1 (11fa355cd605) revision 1178165'; Using compiler version '193933523'; Build Type 'Release'
OS: 'Windows 10  (10.0.19045) 64bit Enterprise' Language: 'pt' Physical Memory: 32473 MB
BatchMode: 1, IsHumanControllingUs: 0, StartBugReporterOnCrash: 0, Is64bit: 1, IsPro: 1

COMMAND LINE ARGUMENTS:
C:\Program Files\Unity\Hub\Editor\6000.0.24f1\Editor\Unity.exe
-adb2
-batchMode
-noUpm
-name
AssetImportWorker5
-projectPath
C:/Users/erick.osouza1/Desktop/Taças e Bebidas
-logFile
Logs/AssetImportWorker5.log
-srvPort
62482
-job-worker-count
9
-background-job-worker-count
8
-asset-garbage-collectors
1
Successfully changed project path to: C:/Users/erick.osouza1/Desktop/Taças e Bebidas
C:/Users/erick.osouza1/Desktop/Taças e Bebidas
[UnityMemory] Configuration Parameters - Can be set up in boot.config
    "memorysetup-bucket-allocator-granularity=16"
    "memorysetup-bucket-allocator-bucket-count=8"
    "memorysetup-bucket-allocator-block-size=33554432"
    "memorysetup-bucket-allocator-block-count=8"
    "memorysetup-main-allocator-block-size=16777216"
    "memorysetup-thread-allocator-block-size=16777216"
    "memorysetup-gfx-main-allocator-block-size=16777216"
    "memorysetup-gfx-thread-allocator-block-size=16777216"
    "memorysetup-cache-allocator-block-size=4194304"
    "memorysetup-typetree-allocator-block-size=2097152"
    "memorysetup-profiler-bucket-allocator-granularity=16"
    "memorysetup-profiler-bucket-allocator-bucket-count=8"
    "memorysetup-profiler-bucket-allocator-block-size=33554432"
    "memorysetup-profiler-bucket-allocator-block-count=8"
    "memorysetup-profiler-allocator-block-size=16777216"
    "memorysetup-profiler-editor-allocator-block-size=1048576"
    "memorysetup-temp-allocator-size-main=16777216"
    "memorysetup-job-temp-allocator-block-size=2097152"
    "memorysetup-job-temp-allocator-block-size-background=1048576"
    "memorysetup-job-temp-allocator-reduction-small-platforms=262144"
    "memorysetup-allocator-temp-initial-block-size-main=262144"
    "memorysetup-allocator-temp-initial-block-size-worker=262144"
    "memorysetup-temp-allocator-size-background-worker=32768"
    "memorysetup-temp-allocator-size-job-worker=262144"
    "memorysetup-temp-allocator-size-preload-manager=33554432"
    "memorysetup-temp-allocator-size-nav-mesh-worker=65536"
    "memorysetup-temp-allocator-size-audio-worker=65536"
    "memorysetup-temp-allocator-size-cloud-worker=32768"
    "memorysetup-temp-allocator-size-gi-baking-worker=262144"
    "memorysetup-temp-allocator-size-gi-baking-worker=262144"
    "memorysetup-temp-allocator-size-gi-baking-worker=262144"
    "memorysetup-temp-allocator-size-gi-baking-worker=262144"
    "memorysetup-temp-allocator-size-gi-baking-worker=262144"
    "memorysetup-temp-allocator-size-gfx=262144"
Player connection [35708]  Target information:

Player connection [35708]  * "[IP] 10.59.46.51 [Port] 0 [Flags] 2 [Guid] 1409128516 [EditorId] 1409128516 [Version] 1048832 [Id] WindowsEditor(7,SAN0674387W10-1) [Debug] 1 [PackageName] WindowsEditor [ProjectName] Editor" 

Player connection [35708]  * "[IP] 192.168.56.1 [Port] 0 [Flags] 2 [Guid] 1409128516 [EditorId] 1409128516 [Version] 1048832 [Id] WindowsEditor(7,SAN0674387W10-1) [Debug] 1 [PackageName] WindowsEditor [ProjectName] Editor" 

Player connection [35708]  * "[IP] 172.21.112.1 [Port] 0 [Flags] 2 [Guid] 1409128516 [EditorId] 1409128516 [Version] 1048832 [Id] WindowsEditor(7,SAN0674387W10-1) [Debug] 1 [PackageName] WindowsEditor [ProjectName] Editor" 

Player connection [35708] Host joined multi-casting on [225.0.0.222:54997]...
Player connection [35708] Host joined alternative multi-casting on [225.0.0.222:34997]...
JobSystem: Creating JobQueue using job-worker-count value 9
[Physics::Module] Initialized fallback backend.
[Physics::Module] Id: 0xdecafbad
Library Redirect Path: Library/
[Physics::Module] Selected backend.
[Physics::Module] Name: PhysX
[Physics::Module] Id: 0xf2b8ea05
[Physics::Module] SDK Version: 4.1.2
[Physics::Module] Integration Version: 1.0.0
[Physics::Module] Threading Mode: Multi-Threaded
Refreshing native plugins compatible for Editor in 7.32 ms, found 3 plugins.
Preloading 0 native plugins for Editor in 0.00 ms.
Initialize engine version: 6000.0.24f1 (11fa355cd605)
[Subsystems] Discovering subsystems at path C:/Program Files/Unity/Hub/Editor/6000.0.24f1/Editor/Data/Resources/UnitySubsystems
[Subsystems] Discovering subsystems at path C:/Users/erick.osouza1/Desktop/Taças e Bebidas/Assets
GfxDevice: creating device client; kGfxThreadingModeNonThreaded
Direct3D:
    Version:  Direct3D 11.0 [level 11.1]
    Renderer: NVIDIA RTX A2000 12GB (ID=0x2571)
    Vendor:   NVIDIA
    VRAM:     12110 MB
    Driver:   31.0.15.5274
Initialize mono
Mono path[0] = 'C:/Program Files/Unity/Hub/Editor/6000.0.24f1/Editor/Data/Managed'
Mono path[1] = 'C:/Program Files/Unity/Hub/Editor/6000.0.24f1/Editor/Data/MonoBleedingEdge/lib/mono/unityjit-win32'
Mono config path = 'C:/Program Files/Unity/Hub/Editor/6000.0.24f1/Editor/Data/MonoBleedingEdge/etc'
Using monoOptions --debugger-agent=transport=dt_socket,embedding=1,server=y,suspend=n,address=127.0.0.1:56328
Begin MonoManager ReloadAssembly
Registering precompiled unity dll's ...
Register platform support module: C:/Program Files/Unity/Hub/Editor/6000.0.24f1/Editor/Data/PlaybackEngines/WebGLSupport/UnityEditor.WebGL.Extensions.dll
Register platform support module: C:/Program Files/Unity/Hub/Editor/6000.0.24f1/Editor/Data/PlaybackEngines/WindowsStandaloneSupport/UnityEditor.WindowsStandalone.Extensions.dll
Register platform support module: C:/Program Files/Unity/Hub/Editor/6000.0.24f1/Editor/Data/PlaybackEngines/MetroSupport/UnityEditor.UWP.Extensions.dll
Register platform support module: C:/Program Files/Unity/Hub/Editor/6000.0.24f1/Editor/Data/PlaybackEngines/AndroidPlayer/UnityEditor.Android.Extensions.dll
Registered in 0.018851 seconds.
- Loaded All Assemblies, in  0.746 seconds
Native extension for Android target not found
Android Extension - Scanning For ADB Devices 596 ms
Native extension for UWP target not found
Native extension for WindowsStandalone target not found
Native extension for WebGL target not found
Mono: successfully reloaded assembly
- Finished resetting the current domain, in  0.946 seconds
Domain Reload Profiling: 1689ms
	BeginReloadAssembly (371ms)
		ExecutionOrderSort (0ms)
		DisableScriptedObjects (0ms)
		BackupInstance (0ms)
		ReleaseScriptingObjects (0ms)
		CreateAndSetChildDomain (1ms)
	RebuildCommonClasses (46ms)
	RebuildNativeTypeToScriptingClass (10ms)
	initialDomainReloadingComplete (67ms)
	LoadAllAssembliesAndSetupDomain (248ms)
		LoadAssemblies (379ms)
		RebuildTransferFunctionScriptingTraits (0ms)
		AnalyzeDomain (233ms)
			TypeCache.Refresh (231ms)
				TypeCache.ScanAssembly (212ms)
			BuildScriptInfoCaches (0ms)
			ResolveRequiredComponents (0ms)
	FinalizeReload (947ms)
		ReleaseScriptCaches (0ms)
		RebuildScriptCaches (0ms)
		SetupLoadedEditorAssemblies (909ms)
			LogAssemblyErrors (0ms)
			InitializePlatformSupportModulesInManaged (683ms)
			SetLoadedEditorAssemblies (4ms)
			BeforeProcessingInitializeOnLoad (6ms)
			ProcessInitializeOnLoadAttributes (146ms)
			ProcessInitializeOnLoadMethodAttributes (68ms)
			AfterProcessingInitializeOnLoad (3ms)
			EditorAssembliesLoaded (0ms)
		ExecutionOrderSort2 (0ms)
		AwakeInstancesAfterBackupRestoration (0ms)
========================================================================
Worker process is ready to serve import requests
Import Worker Mode flag is 0x00
Begin MonoManager ReloadAssembly
- Loaded All Assemblies, in  1.291 seconds
Refreshing native plugins compatible for Editor in 2.91 ms, found 3 plugins.
Native extension for Android target not found
Native extension for UWP target not found
Native extension for WindowsStandalone target not found
Native extension for WebGL target not found
Mono: successfully reloaded assembly
- Finished resetting the current domain, in  0.535 seconds
Domain Reload Profiling: 1822ms
	BeginReloadAssembly (737ms)
		ExecutionOrderSort (0ms)
		DisableScriptedObjects (5ms)
		BackupInstance (0ms)
		ReleaseScriptingObjects (0ms)
		CreateAndSetChildDomain (33ms)
	RebuildCommonClasses (36ms)
	RebuildNativeTypeToScriptingClass (9ms)
	initialDomainReloadingComplete (36ms)
	LoadAllAssembliesAndSetupDomain (467ms)
		LoadAssemblies (560ms)
		RebuildTransferFunctionScriptingTraits (0ms)
		AnalyzeDomain (184ms)
			TypeCache.Refresh (148ms)
				TypeCache.ScanAssembly (131ms)
			BuildScriptInfoCaches (31ms)
			ResolveRequiredComponents (3ms)
	FinalizeReload (535ms)
		ReleaseScriptCaches (0ms)
		RebuildScriptCaches (0ms)
		SetupLoadedEditorAssemblies (363ms)
			LogAssemblyErrors (0ms)
			InitializePlatformSupportModulesInManaged (15ms)
			SetLoadedEditorAssemblies (4ms)
			BeforeProcessingInitializeOnLoad (33ms)
			ProcessInitializeOnLoadAttributes (286ms)
			ProcessInitializeOnLoadMethodAttributes (18ms)
			AfterProcessingInitializeOnLoad (7ms)
			EditorAssembliesLoaded (0ms)
		ExecutionOrderSort2 (0ms)
		AwakeInstancesAfterBackupRestoration (4ms)
Launched and connected shader compiler UnityShaderCompiler.exe after 0.03 seconds
Refreshing native plugins compatible for Editor in 3.38 ms, found 3 plugins.
Preloading 0 native plugins for Editor in 0.00 ms.
Unloading 9 Unused Serialized files (Serialized files now loaded: 0)
Unloading 3688 unused Assets / (1.1 MB). Loaded Objects now: 4278.
Memory consumption went from 111.3 MB to 110.2 MB.
Total: 4.767600 ms (FindLiveObjects: 0.296100 ms CreateObjectMapping: 0.210400 ms MarkObjects: 3.486700 ms  DeleteObjects: 0.773300 ms)

========================================================================
Received Import Request.
  Time since last request: 1835833.244387 seconds.
  path: Assets/Multimidia/ObjetosGerais/grassNight_topLeft.png
  artifactKey: Guid(4a103d7998f89004badfcc2c56e4c6aa) Importer(815301076,1909f56bfc062723c751e8b465ee728b)
Start importing Assets/Multimidia/ObjetosGerais/grassNight_topLeft.png using Guid(4a103d7998f89004badfcc2c56e4c6aa) Importer(815301076,1909f56bfc062723c751e8b465ee728b) (PreviewImporter) -> (artifact id: '3254639caee833572ea8154646aa1098') in 0.0612156 seconds
Number of updated asset objects reloaded before import = 0Number of asset objects unloaded after import = 2

========================================================================
Received Import Request.
  Time since last request: 0.000023 seconds.
  path: Assets/Multimidia/ObjetosGerais/keyCard_b.png
  artifactKey: Guid(47fa539d31861d648942e965add70829) Importer(815301076,1909f56bfc062723c751e8b465ee728b)
Start importing Assets/Multimidia/ObjetosGerais/keyCard_b.png using Guid(47fa539d31861d648942e965add70829) Importer(815301076,1909f56bfc062723c751e8b465ee728b) (PreviewImporter) -> (artifact id: 'cdb834e6fb9c8bc71116df0905eb55fe') in 0.0102762 seconds
Number of updated asset objects reloaded before import = 0Number of asset objects unloaded after import = 2

========================================================================
Received Import Request.
  Time since last request: 0.000033 seconds.
  path: Assets/Multimidia/ObjetosGerais/Nature.png
  artifactKey: Guid(adcb5c9ebb3512544b359fde38deb420) Importer(815301076,1909f56bfc062723c751e8b465ee728b)
Start importing Assets/Multimidia/ObjetosGerais/Nature.png using Guid(adcb5c9ebb3512544b359fde38deb420) Importer(815301076,1909f56bfc062723c751e8b465ee728b) (PreviewImporter) -> (artifact id: 'a6f9c0449bdd615858e41d3fabee16d6') in 0.01334 seconds
Number of updated asset objects reloaded before import = 0Number of asset objects unloaded after import = 2

========================================================================
Received Import Request.
  Time since last request: 0.000025 seconds.
  path: Assets/Multimidia/ObjetosGerais/rightStraight.png
  artifactKey: Guid(e7b00e36da8abaf4b912ef775c9bac22) Importer(815301076,1909f56bfc062723c751e8b465ee728b)
Start importing Assets/Multimidia/ObjetosGerais/rightStraight.png using Guid(e7b00e36da8abaf4b912ef775c9bac22) Importer(815301076,1909f56bfc062723c751e8b465ee728b) (PreviewImporter) -> (artifact id: '8ad583a231aa50ca0e58ac8906b9ff24') in 0.0120458 seconds
Number of updated asset objects reloaded before import = 0Number of asset objects unloaded after import = 2

========================================================================
Received Import Request.
  Time since last request: 0.000037 seconds.
  path: Assets/Multimidia/ObjetosGerais/rocks_large.png
  artifactKey: Guid(14df19fe58db56d40b24a7ce073bc390) Importer(815301076,1909f56bfc062723c751e8b465ee728b)
Start importing Assets/Multimidia/ObjetosGerais/rocks_large.png using Guid(14df19fe58db56d40b24a7ce073bc390) Importer(815301076,1909f56bfc062723c751e8b465ee728b) (PreviewImporter) -> (artifact id: '356639d9c19ce1b7c18970b4baef068d') in 0.0195909 seconds
Number of updated asset objects reloaded before import = 0Number of asset objects unloaded after import = 2

========================================================================
Received Import Request.
  Time since last request: 0.000029 seconds.
  path: Assets/Multimidia/ObjetosGerais/leftCorner.png
  artifactKey: Guid(e738288b5c2a5fd4fa4f849990c97ef2) Importer(815301076,1909f56bfc062723c751e8b465ee728b)
Start importing Assets/Multimidia/ObjetosGerais/leftCorner.png using Guid(e738288b5c2a5fd4fa4f849990c97ef2) Importer(815301076,1909f56bfc062723c751e8b465ee728b) (PreviewImporter) -> (artifact id: 'ee317543bd62434a9b4187d7829315bc') in 0.0175741 seconds
Number of updated asset objects reloaded before import = 0Number of asset objects unloaded after import = 2

========================================================================
Received Import Request.
  Time since last request: 0.000016 seconds.
  path: Assets/Multimidia/ObjetosGerais/grassNight_withFlowers_topLeft.png
  artifactKey: Guid(5bec086dbe6578a4c9afa09b1a24168a) Importer(815301076,1909f56bfc062723c751e8b465ee728b)
Start importing Assets/Multimidia/ObjetosGerais/grassNight_withFlowers_topLeft.png using Guid(5bec086dbe6578a4c9afa09b1a24168a) Importer(815301076,1909f56bfc062723c751e8b465ee728b) (PreviewImporter) -> (artifact id: 'ba720872c377d0e2cf7d19144d2d4c12') in 0.0108688 seconds
Number of updated asset objects reloaded before import = 0Number of asset objects unloaded after import = 2

========================================================================
Received Import Request.
  Time since last request: 0.000022 seconds.
  path: Assets/Multimidia/ObjetosGerais/grassNight_withFlowers_topCenter.png
  artifactKey: Guid(8fa7e0c1fd174a947993114c1c971a06) Importer(815301076,1909f56bfc062723c751e8b465ee728b)
Start importing Assets/Multimidia/ObjetosGerais/grassNight_withFlowers_topCenter.png using Guid(8fa7e0c1fd174a947993114c1c971a06) Importer(815301076,1909f56bfc062723c751e8b465ee728b) (PreviewImporter) -> (artifact id: '4cdadce4844435ad08f356b5b7919367') in 0.0131535 seconds
Number of updated asset objects reloaded before import = 0Number of asset objects unloaded after import = 2

========================================================================
Received Import Request.
  Time since last request: 0.182031 seconds.
  path: Assets/Multimidia/ObjetosGerais/RpgItems1.png
  artifactKey: Guid(58f652af68dc0e746bc0e8fb79d62e18) Importer(815301076,1909f56bfc062723c751e8b465ee728b)
Start importing Assets/Multimidia/ObjetosGerais/RpgItems1.png using Guid(58f652af68dc0e746bc0e8fb79d62e18) Importer(815301076,1909f56bfc062723c751e8b465ee728b) (PreviewImporter) -> (artifact id: 'ee9dbd2c50df6bb6f62d961780a78be4') in 0.0113529 seconds
Number of updated asset objects reloaded before import = 0Number of asset objects unloaded after import = 2

========================================================================
Received Import Request.
  Time since last request: 0.000027 seconds.
  path: Assets/Multimidia/ObjetosGerais/spike.png
  artifactKey: Guid(173160c195508bd40b4e882c29817a9b) Importer(815301076,1909f56bfc062723c751e8b465ee728b)
Start importing Assets/Multimidia/ObjetosGerais/spike.png using Guid(173160c195508bd40b4e882c29817a9b) Importer(815301076,1909f56bfc062723c751e8b465ee728b) (PreviewImporter) -> (artifact id: '1ca776c5aeb57ee264ce57c63a9eba00') in 0.010725 seconds
Number of updated asset objects reloaded before import = 0Number of asset objects unloaded after import = 2

========================================================================
Received Import Request.
  Time since last request: 0.000015 seconds.
  path: Assets/Multimidia/ObjetosGerais/stoneHouse_inside_bottomLeftCorner.png
  artifactKey: Guid(3e4e4ef67bb41d94bb33547072145c0c) Importer(815301076,1909f56bfc062723c751e8b465ee728b)
Start importing Assets/Multimidia/ObjetosGerais/stoneHouse_inside_bottomLeftCorner.png using Guid(3e4e4ef67bb41d94bb33547072145c0c) Importer(815301076,1909f56bfc062723c751e8b465ee728b) (PreviewImporter) -> (artifact id: 'ecc5e351cd56b6e15351783c2d337294') in 0.0096444 seconds
Number of updated asset objects reloaded before import = 0Number of asset objects unloaded after import = 2

========================================================================
Received Import Request.
  Time since last request: 0.000018 seconds.
  path: Assets/Multimidia/ObjetosGerais/stoneHouse_inside_rightCenter.png
  artifactKey: Guid(9b09c0d8ff4a658478b6aaafff407f69) Importer(815301076,1909f56bfc062723c751e8b465ee728b)
Start importing Assets/Multimidia/ObjetosGerais/stoneHouse_inside_rightCenter.png using Guid(9b09c0d8ff4a658478b6aaafff407f69) Importer(815301076,1909f56bfc062723c751e8b465ee728b) (PreviewImporter) -> (artifact id: '412a6b645e40820ffa5bf663c8764d3b') in 0.0090281 seconds
Number of updated asset objects reloaded before import = 0Number of asset objects unloaded after import = 2

========================================================================
Received Import Request.
  Time since last request: 0.000021 seconds.
  path: Assets/Multimidia/ObjetosGerais/table_leftSide.png
  artifactKey: Guid(8caa1e99e8476504fbc1f4c86dc65491) Importer(815301076,1909f56bfc062723c751e8b465ee728b)
Start importing Assets/Multimidia/ObjetosGerais/table_leftSide.png using Guid(8caa1e99e8476504fbc1f4c86dc65491) Importer(815301076,1909f56bfc062723c751e8b465ee728b) (PreviewImporter) -> (artifact id: '9d47808d27a78e8491c434223a122271') in 0.0093334 seconds
Number of updated asset objects reloaded before import = 0Number of asset objects unloaded after import = 2

========================================================================
Received Import Request.
  Time since last request: 0.000022 seconds.
  path: Assets/Multimidia/ObjetosGerais/table_center.png
  artifactKey: Guid(f11491394bc27184ca7257f6c8b07418) Importer(815301076,1909f56bfc062723c751e8b465ee728b)
Start importing Assets/Multimidia/ObjetosGerais/table_center.png using Guid(f11491394bc27184ca7257f6c8b07418) Importer(815301076,1909f56bfc062723c751e8b465ee728b) (PreviewImporter) -> (artifact id: 'cc17c9b82bff91d8d9f8561624161566') in 0.0159136 seconds
Number of updated asset objects reloaded before import = 0Number of asset objects unloaded after import = 2

========================================================================
Received Import Request.
  Time since last request: 0.000016 seconds.
  path: Assets/Multimidia/ObjetosGerais/woodHouse_inside_bottomCenter.png
  artifactKey: Guid(ee5e4736315cf274e9b96826376eaa4d) Importer(815301076,1909f56bfc062723c751e8b465ee728b)
Start importing Assets/Multimidia/ObjetosGerais/woodHouse_inside_bottomCenter.png using Guid(ee5e4736315cf274e9b96826376eaa4d) Importer(815301076,1909f56bfc062723c751e8b465ee728b) (PreviewImporter) -> (artifact id: '5f66917c17a563d529bd698764110ddf') in 0.0087011 seconds
Number of updated asset objects reloaded before import = 0Number of asset objects unloaded after import = 2

========================================================================
Received Import Request.
  Time since last request: 0.000014 seconds.
  path: Assets/Multimidia/ObjetosGerais/woodHouse_inside_topDoor.png
  artifactKey: Guid(2e0951b5584d4534c88f66481d4216ee) Importer(815301076,1909f56bfc062723c751e8b465ee728b)
Start importing Assets/Multimidia/ObjetosGerais/woodHouse_inside_topDoor.png using Guid(2e0951b5584d4534c88f66481d4216ee) Importer(815301076,1909f56bfc062723c751e8b465ee728b) (PreviewImporter) -> (artifact id: 'b21071cd1e2e978f520512fdd2ef0f19') in 0.0091484 seconds
Number of updated asset objects reloaded before import = 0Number of asset objects unloaded after import = 2

========================================================================
Received Import Request.
  Time since last request: 0.000021 seconds.
  path: Assets/Multimidia/ObjetosGerais/woodHouse_inside_floor.png
  artifactKey: Guid(29b241ee287afa44eb949f0ed5c3bf42) Importer(815301076,1909f56bfc062723c751e8b465ee728b)
Start importing Assets/Multimidia/ObjetosGerais/woodHouse_inside_floor.png using Guid(29b241ee287afa44eb949f0ed5c3bf42) Importer(815301076,1909f56bfc062723c751e8b465ee728b) (PreviewImporter) -> (artifact id: 'bee96c08845abbd994ef6c21db086cb0') in 0.0090572 seconds
Number of updated asset objects reloaded before import = 0Number of asset objects unloaded after import = 2

========================================================================
Received Import Request.
  Time since last request: 0.000018 seconds.
  path: Assets/Multimidia/ObjetosGerais/woodPlanks1.png
  artifactKey: Guid(94ab93bf19e7cca4ca487da480b18887) Importer(815301076,1909f56bfc062723c751e8b465ee728b)
Start importing Assets/Multimidia/ObjetosGerais/woodPlanks1.png using Guid(94ab93bf19e7cca4ca487da480b18887) Importer(815301076,1909f56bfc062723c751e8b465ee728b) (PreviewImporter) -> (artifact id: '483a8fa90289bc3c0acafb7ad2c85b43') in 0.008308 seconds
Number of updated asset objects reloaded before import = 0Number of asset objects unloaded after import = 2

========================================================================
Received Import Request.
  Time since last request: 667.938659 seconds.
  path: Assets/Multimidia/FundosImagens
  artifactKey: Guid(9481239600e443a4e94c50092f8a55df) Importer(2089858483,192608db42251d675da83286b1cce702)
Start importing Assets/Multimidia/FundosImagens using Guid(9481239600e443a4e94c50092f8a55df) Importer(2089858483,192608db42251d675da83286b1cce702) (ScriptedImporter) -> (artifact id: '78045e8d2ed246eb41c232c6f121afbb') in 0.0451244 seconds
Number of updated asset objects reloaded before import = 0Number of asset objects unloaded after import = 1

========================================================================
Received Import Request.
  Time since last request: 905.636040 seconds.
  path: Assets/Multimidia/Efeitos/Downer01.aif
  artifactKey: Guid(5850e0328e90d874bb205f2e96493389) Importer(815301076,1909f56bfc062723c751e8b465ee728b)
Start importing Assets/Multimidia/Efeitos/Downer01.aif using Guid(5850e0328e90d874bb205f2e96493389) Importer(815301076,1909f56bfc062723c751e8b465ee728b) (PreviewImporter) -> (artifact id: 'c9ba389a6942216b1b817eeac5c99803') in 0.0392186 seconds
Number of updated asset objects reloaded before import = 0Number of asset objects unloaded after import = 2

========================================================================
Received Import Request.
  Time since last request: 0.000029 seconds.
  path: Assets/Multimidia/Efeitos/FX01.aif
  artifactKey: Guid(b39318406fab7c4428009dfcf04c5f9d) Importer(815301076,1909f56bfc062723c751e8b465ee728b)
Start importing Assets/Multimidia/Efeitos/FX01.aif using Guid(b39318406fab7c4428009dfcf04c5f9d) Importer(815301076,1909f56bfc062723c751e8b465ee728b) (PreviewImporter) -> (artifact id: 'd44e20af6c3e988385d26b6ea459da12') in 0.0181245 seconds
Number of updated asset objects reloaded before import = 0Number of asset objects unloaded after import = 2

========================================================================
Received Import Request.
  Time since last request: 0.000016 seconds.
  path: Assets/Multimidia/Efeitos/FX02.aif
  artifactKey: Guid(b5f02c2198e4a354081ea15998bcbda2) Importer(815301076,1909f56bfc062723c751e8b465ee728b)
Start importing Assets/Multimidia/Efeitos/FX02.aif using Guid(b5f02c2198e4a354081ea15998bcbda2) Importer(815301076,1909f56bfc062723c751e8b465ee728b) (PreviewImporter) -> (artifact id: 'fd2e60296cbba36572b30a22cf07c26b') in 0.0121468 seconds
Number of updated asset objects reloaded before import = 0Number of asset objects unloaded after import = 2

========================================================================
Received Import Request.
  Time since last request: 3.243925 seconds.
  path: Assets/Multimidia/FundosSonoros/Hammock Fight.mp3
  artifactKey: Guid(600ea270e64ad144e874a05f1edffff2) Importer(815301076,1909f56bfc062723c751e8b465ee728b)
Start importing Assets/Multimidia/FundosSonoros/Hammock Fight.mp3 using Guid(600ea270e64ad144e874a05f1edffff2) Importer(815301076,1909f56bfc062723c751e8b465ee728b) (PreviewImporter) -> (artifact id: '97421d929de7979e4320c9ae855d8f10') in 0.0096619 seconds
Number of updated asset objects reloaded before import = 0Number of asset objects unloaded after import = 2

========================================================================
Received Import Request.
  Time since last request: 0.000017 seconds.
  path: Assets/Multimidia/FundosSonoros/Onion Capers.mp3
  artifactKey: Guid(24b5a9aa31e4b414d877f5f7cba4a785) Importer(815301076,1909f56bfc062723c751e8b465ee728b)
Start importing Assets/Multimidia/FundosSonoros/Onion Capers.mp3 using Guid(24b5a9aa31e4b414d877f5f7cba4a785) Importer(815301076,1909f56bfc062723c751e8b465ee728b) (PreviewImporter) -> (artifact id: '5a7c0e8d5c5b842d8c85136df220318a') in 0.0124658 seconds
Number of updated asset objects reloaded before import = 0Number of asset objects unloaded after import = 2

========================================================================
Received Import Request.
  Time since last request: 1.569872 seconds.
  path: Assets/Multimidia/Tacinhas/03VinhoTinto.png
  artifactKey: Guid(5a4a42be69fff8b4c9c3b064eef1bad5) Importer(815301076,1909f56bfc062723c751e8b465ee728b)
Start importing Assets/Multimidia/Tacinhas/03VinhoTinto.png using Guid(5a4a42be69fff8b4c9c3b064eef1bad5) Importer(815301076,1909f56bfc062723c751e8b465ee728b) (PreviewImporter) -> (artifact id: '12d4894898d6afb00bd8cf55e482dfa2') in 0.0178508 seconds
Number of updated asset objects reloaded before import = 0Number of asset objects unloaded after import = 2

========================================================================
Received Import Request.
  Time since last request: 0.000022 seconds.
  path: Assets/Multimidia/Tacinhas/05Licor.png
  artifactKey: Guid(b48c78c36d9ba7641929847af9eea31b) Importer(815301076,1909f56bfc062723c751e8b465ee728b)
Start importing Assets/Multimidia/Tacinhas/05Licor.png using Guid(b48c78c36d9ba7641929847af9eea31b) Importer(815301076,1909f56bfc062723c751e8b465ee728b) (PreviewImporter) -> (artifact id: 'e243d5897791435468b1d8c89330946c') in 0.0080668 seconds
Number of updated asset objects reloaded before import = 0Number of asset objects unloaded after import = 2

Editor requested this worker to shutdown with reason: Scaling down because of idle timeout
AssetImportWorker is now disconnected from the server
Process exiting
Exiting without the bug reporter. Application will terminate with return code 0